#
# There is insufficient memory for the Java Runtime Environment to continue.
# Native memory allocation (malloc) failed to allocate 123040 bytes for Chunk::new
# Possible reasons:
#   The system is out of physical RAM or swap space
#   The process is running with CompressedOops enabled, and the Java Heap may be blocking the growth of the native heap
# Possible solutions:
#   Reduce memory load on the system
#   Increase physical memory or swap space
#   Check if swap backing store is full
#   Decrease Java heap size (-Xmx/-Xms)
#   Decrease number of Java threads
#   Decrease Java thread stack sizes (-Xss)
#   Set larger code cache with -XX:ReservedCodeCacheSize=
#   JVM is running with Zero Based Compressed Oops mode in which the Java heap is
#     placed in the first 32GB address space. The Java Heap base address is the
#     maximum limit for the native heap growth. Please use -XX:HeapBaseMinAddress
#     to set the Java Heap base and to place the Java Heap above 32GB virtual address.
# This output file may be truncated or incomplete.
#
#  Out of Memory Error (arena.cpp:189), pid=2164, tid=1456
#
# JRE version: Java(TM) SE Runtime Environment (17.0.5+9) (build 17.0.5+9-LTS-191)
# Java VM: Java HotSpot(TM) 64-Bit Server VM (17.0.5+9-LTS-191, mixed mode, sharing, tiered, compressed oops, compressed class ptrs, g1 gc, windows-amd64)
# No core dump will be written. Minidumps are not enabled by default on client versions of Windows
#

---------------  S U M M A R Y ------------

Command Line: --module-path=D:\ITI\ITI-ChatApp-Link\client\target\classes;C:\Users\Rahomy\.m2\repository\com\mysql\mysql-connector-j\8.0.32\mysql-connector-j-8.0.32.jar;C:\Users\Rahomy\.m2\repository\org\openjfx\javafx-base\19\javafx-base-19-win.jar;C:\Users\Rahomy\.m2\repository\org\openjfx\javafx-controls\19\javafx-controls-19-win.jar;C:\Users\Rahomy\.m2\repository\org\openjfx\javafx-fxml\19\javafx-fxml-19-win.jar;C:\Users\Rahomy\.m2\repository\org\openjfx\javafx-graphics\19\javafx-graphics-19-win.jar --add-modules=gov.iti.link -Djdk.module.main=gov.iti.link gov.iti.link/gov.iti.link.App

Host: Intel(R) Core(TM) i7-4810MQ CPU @ 2.80GHz, 8 cores, 15G,  Windows 10 , 64 bit Build 19041 (10.0.19041.2364)
Time: Sat Feb  4 17:53:14 2023 Egypt Standard Time elapsed time: 0.610785 seconds (0d 0h 0m 0s)

---------------  T H R E A D  ---------------

Current thread (0x00000122ffd34a30):  JavaThread "C2 CompilerThread0" daemon [_thread_in_native, id=1456, stack(0x0000001353000000,0x0000001353100000)]


Current CompileTask:
C2:    610  870       4       java.lang.String::replace (42 bytes)

Stack: [0x0000001353000000,0x0000001353100000]
Native frames: (J=compiled Java code, j=interpreted, Vv=VM code, C=native code)
V  [jvm.dll+0x672eea]
V  [jvm.dll+0x7d2a04]
V  [jvm.dll+0x7d41ae]
V  [jvm.dll+0x7d4813]
V  [jvm.dll+0x242c15]
V  [jvm.dll+0xaa57b]
V  [jvm.dll+0xaab0c]
V  [jvm.dll+0x35ff97]
V  [jvm.dll+0x32a631]
V  [jvm.dll+0x329ada]
V  [jvm.dll+0x215cc1]
V  [jvm.dll+0x2150e1]
V  [jvm.dll+0x1a18ed]
V  [jvm.dll+0x22493a]
V  [jvm.dll+0x222aa5]
V  [jvm.dll+0x7885db]
V  [jvm.dll+0x782b4a]
V  [jvm.dll+0x671d75]
C  [ucrtbase.dll+0x21bb2]
C  [KERNEL32.DLL+0x17614]
C  [ntdll.dll+0x526a1]


---------------  P R O C E S S  ---------------

Threads class SMR info:
_java_thread_list=0x00000122922891a0, length=18, elements={
0x00000122ebff4640, 0x00000122ffd0a060, 0x00000122ffd0aae0, 0x00000122ffd21610,
0x00000122ffd22be0, 0x00000122ffd245b0, 0x00000122ffd2cb80, 0x00000122ffd34a30,
0x00000122ffd350e0, 0x0000012291808070, 0x00000122ffcf3c70, 0x0000012291fb4770,
0x000001229218f7d0, 0x0000012291e75420, 0x000001229194cdb0, 0x0000012292221e80,
0x0000012292234030, 0x00000122922613a0
}

Java Threads: ( => current thread )
  0x00000122ebff4640 JavaThread "main" [_thread_blocked, id=19552, stack(0x0000001352300000,0x0000001352400000)]
  0x00000122ffd0a060 JavaThread "Reference Handler" daemon [_thread_blocked, id=13696, stack(0x0000001352a00000,0x0000001352b00000)]
  0x00000122ffd0aae0 JavaThread "Finalizer" daemon [_thread_blocked, id=28376, stack(0x0000001352b00000,0x0000001352c00000)]
  0x00000122ffd21610 JavaThread "Signal Dispatcher" daemon [_thread_blocked, id=12172, stack(0x0000001352c00000,0x0000001352d00000)]
  0x00000122ffd22be0 JavaThread "Attach Listener" daemon [_thread_blocked, id=31788, stack(0x0000001352d00000,0x0000001352e00000)]
  0x00000122ffd245b0 JavaThread "Service Thread" daemon [_thread_blocked, id=29924, stack(0x0000001352e00000,0x0000001352f00000)]
  0x00000122ffd2cb80 JavaThread "Monitor Deflation Thread" daemon [_thread_blocked, id=30116, stack(0x0000001352f00000,0x0000001353000000)]
=>0x00000122ffd34a30 JavaThread "C2 CompilerThread0" daemon [_thread_in_native, id=1456, stack(0x0000001353000000,0x0000001353100000)]
  0x00000122ffd350e0 JavaThread "C1 CompilerThread0" daemon [_thread_in_native, id=16252, stack(0x0000001353100000,0x0000001353200000)]
  0x0000012291808070 JavaThread "Sweeper thread" daemon [_thread_blocked, id=32716, stack(0x0000001353200000,0x0000001353300000)]
  0x00000122ffcf3c70 JavaThread "Common-Cleaner" daemon [_thread_blocked, id=30032, stack(0x0000001353300000,0x0000001353400000)]
  0x0000012291fb4770 JavaThread "Notification Thread" daemon [_thread_blocked, id=19924, stack(0x0000001353600000,0x0000001353700000)]
  0x000001229218f7d0 JavaThread "QuantumRenderer-0" daemon [_thread_blocked, id=29492, stack(0x0000001353800000,0x0000001353900000)]
  0x0000012291e75420 JavaThread "InvokeLaterDispatcher" daemon [_thread_blocked, id=30276, stack(0x0000001353900000,0x0000001353a00000)]
  0x000001229194cdb0 JavaThread "JavaFX Application Thread" [_thread_in_Java, id=10560, stack(0x0000001353500000,0x0000001353600000)]
  0x0000012292221e80 JavaThread "Thread-1" daemon [_thread_in_native, id=21020, stack(0x0000001353400000,0x0000001353500000)]
  0x0000012292234030 JavaThread "C2 CompilerThread1" daemon [_thread_blocked, id=24404, stack(0x0000001353a00000,0x0000001353b00000)]
  0x00000122922613a0 JavaThread "JavaFX-Launcher" [_thread_blocked, id=31840, stack(0x0000001353b00000,0x0000001353c00000)]

Other Threads:
  0x00000122ffd03450 VMThread "VM Thread" [stack: 0x0000001352900000,0x0000001352a00000] [id=31288]
  0x0000012291ebd7c0 WatcherThread [stack: 0x0000001353700000,0x0000001353800000] [id=21024]
  0x00000122ec060d60 GCTaskThread "GC Thread#0" [stack: 0x0000001352400000,0x0000001352500000] [id=26360]
  0x00000122ec072b40 ConcurrentGCThread "G1 Main Marker" [stack: 0x0000001352500000,0x0000001352600000] [id=22372]
  0x00000122ec073550 ConcurrentGCThread "G1 Conc#0" [stack: 0x0000001352600000,0x0000001352700000] [id=7336]
  0x00000122ffbc34e0 ConcurrentGCThread "G1 Refine#0" [stack: 0x0000001352700000,0x0000001352800000] [id=28540]
  0x00000122ffbc3b10 ConcurrentGCThread "G1 Service" [stack: 0x0000001352800000,0x0000001352900000] [id=30536]

Threads with active compile tasks:
C2 CompilerThread0      637  870       4       java.lang.String::replace (42 bytes)

VM state: not at safepoint (normal execution)

VM Mutex/Monitor currently owned by a thread: None

Heap address: 0x0000000701600000, size: 4074 MB, Compressed Oops mode: Zero based, Oop shift amount: 3

CDS archive(s) mapped at: [0x0000000800000000-0x0000000800bd0000-0x0000000800bd0000), size 12386304, SharedBaseAddress: 0x0000000800000000, ArchiveRelocationMode: 0.
Compressed class space mapped at: 0x0000000800c00000-0x0000000840c00000, reserved size: 1073741824
Narrow klass base: 0x0000000800000000, Narrow klass shift: 0, Narrow klass range: 0x100000000

GC Precious Log:
 CPUs: 8 total, 8 available
 Memory: 16289M
 Large Page Support: Disabled
 NUMA Support: Disabled
 Compressed Oops: Enabled (Zero based)
 Heap Region Size: 2M
 Heap Min Capacity: 8M
 Heap Initial Capacity: 256M
 Heap Max Capacity: 4074M
 Pre-touch: Disabled
 Parallel Workers: 8
 Concurrent Workers: 2
 Concurrent Refinement Workers: 8
 Periodic GC: Disabled

Heap:
 garbage-first heap   total 262144K, used 18432K [0x0000000701600000, 0x0000000800000000)
  region size 2048K, 11 young (22528K), 0 survivors (0K)
 Metaspace       used 4516K, committed 4672K, reserved 1056768K
  class space    used 555K, committed 640K, reserved 1048576K

Heap Regions: E=young(eden), S=young(survivor), O=old, HS=humongous(starts), HC=humongous(continues), CS=collection set, F=free, OA=open archive, CA=closed archive, TAMS=top-at-mark-start (previous, next)
|   0|0x0000000701600000, 0x0000000701600000, 0x0000000701800000|  0%| F|  |TAMS 0x0000000701600000, 0x0000000701600000| Untracked 
|   1|0x0000000701800000, 0x0000000701800000, 0x0000000701a00000|  0%| F|  |TAMS 0x0000000701800000, 0x0000000701800000| Untracked 
|   2|0x0000000701a00000, 0x0000000701a00000, 0x0000000701c00000|  0%| F|  |TAMS 0x0000000701a00000, 0x0000000701a00000| Untracked 
|   3|0x0000000701c00000, 0x0000000701c00000, 0x0000000701e00000|  0%| F|  |TAMS 0x0000000701c00000, 0x0000000701c00000| Untracked 
|   4|0x0000000701e00000, 0x0000000701e00000, 0x0000000702000000|  0%| F|  |TAMS 0x0000000701e00000, 0x0000000701e00000| Untracked 
|   5|0x0000000702000000, 0x0000000702000000, 0x0000000702200000|  0%| F|  |TAMS 0x0000000702000000, 0x0000000702000000| Untracked 
|   6|0x0000000702200000, 0x0000000702200000, 0x0000000702400000|  0%| F|  |TAMS 0x0000000702200000, 0x0000000702200000| Untracked 
|   7|0x0000000702400000, 0x0000000702400000, 0x0000000702600000|  0%| F|  |TAMS 0x0000000702400000, 0x0000000702400000| Untracked 
|   8|0x0000000702600000, 0x0000000702600000, 0x0000000702800000|  0%| F|  |TAMS 0x0000000702600000, 0x0000000702600000| Untracked 
|   9|0x0000000702800000, 0x0000000702800000, 0x0000000702a00000|  0%| F|  |TAMS 0x0000000702800000, 0x0000000702800000| Untracked 
|  10|0x0000000702a00000, 0x0000000702a00000, 0x0000000702c00000|  0%| F|  |TAMS 0x0000000702a00000, 0x0000000702a00000| Untracked 
|  11|0x0000000702c00000, 0x0000000702c00000, 0x0000000702e00000|  0%| F|  |TAMS 0x0000000702c00000, 0x0000000702c00000| Untracked 
|  12|0x0000000702e00000, 0x0000000702e00000, 0x0000000703000000|  0%| F|  |TAMS 0x0000000702e00000, 0x0000000702e00000| Untracked 
|  13|0x0000000703000000, 0x0000000703000000, 0x0000000703200000|  0%| F|  |TAMS 0x0000000703000000, 0x0000000703000000| Untracked 
|  14|0x0000000703200000, 0x0000000703200000, 0x0000000703400000|  0%| F|  |TAMS 0x0000000703200000, 0x0000000703200000| Untracked 
|  15|0x0000000703400000, 0x0000000703400000, 0x0000000703600000|  0%| F|  |TAMS 0x0000000703400000, 0x0000000703400000| Untracked 
|  16|0x0000000703600000, 0x0000000703600000, 0x0000000703800000|  0%| F|  |TAMS 0x0000000703600000, 0x0000000703600000| Untracked 
|  17|0x0000000703800000, 0x0000000703800000, 0x0000000703a00000|  0%| F|  |TAMS 0x0000000703800000, 0x0000000703800000| Untracked 
|  18|0x0000000703a00000, 0x0000000703a00000, 0x0000000703c00000|  0%| F|  |TAMS 0x0000000703a00000, 0x0000000703a00000| Untracked 
|  19|0x0000000703c00000, 0x0000000703c00000, 0x0000000703e00000|  0%| F|  |TAMS 0x0000000703c00000, 0x0000000703c00000| Untracked 
|  20|0x0000000703e00000, 0x0000000703e00000, 0x0000000704000000|  0%| F|  |TAMS 0x0000000703e00000, 0x0000000703e00000| Untracked 
|  21|0x0000000704000000, 0x0000000704000000, 0x0000000704200000|  0%| F|  |TAMS 0x0000000704000000, 0x0000000704000000| Untracked 
|  22|0x0000000704200000, 0x0000000704200000, 0x0000000704400000|  0%| F|  |TAMS 0x0000000704200000, 0x0000000704200000| Untracked 
|  23|0x0000000704400000, 0x0000000704400000, 0x0000000704600000|  0%| F|  |TAMS 0x0000000704400000, 0x0000000704400000| Untracked 
|  24|0x0000000704600000, 0x0000000704600000, 0x0000000704800000|  0%| F|  |TAMS 0x0000000704600000, 0x0000000704600000| Untracked 
|  25|0x0000000704800000, 0x0000000704800000, 0x0000000704a00000|  0%| F|  |TAMS 0x0000000704800000, 0x0000000704800000| Untracked 
|  26|0x0000000704a00000, 0x0000000704a00000, 0x0000000704c00000|  0%| F|  |TAMS 0x0000000704a00000, 0x0000000704a00000| Untracked 
|  27|0x0000000704c00000, 0x0000000704c00000, 0x0000000704e00000|  0%| F|  |TAMS 0x0000000704c00000, 0x0000000704c00000| Untracked 
|  28|0x0000000704e00000, 0x0000000704e00000, 0x0000000705000000|  0%| F|  |TAMS 0x0000000704e00000, 0x0000000704e00000| Untracked 
|  29|0x0000000705000000, 0x0000000705000000, 0x0000000705200000|  0%| F|  |TAMS 0x0000000705000000, 0x0000000705000000| Untracked 
|  30|0x0000000705200000, 0x0000000705200000, 0x0000000705400000|  0%| F|  |TAMS 0x0000000705200000, 0x0000000705200000| Untracked 
|  31|0x0000000705400000, 0x0000000705400000, 0x0000000705600000|  0%| F|  |TAMS 0x0000000705400000, 0x0000000705400000| Untracked 
|  32|0x0000000705600000, 0x0000000705600000, 0x0000000705800000|  0%| F|  |TAMS 0x0000000705600000, 0x0000000705600000| Untracked 
|  33|0x0000000705800000, 0x0000000705800000, 0x0000000705a00000|  0%| F|  |TAMS 0x0000000705800000, 0x0000000705800000| Untracked 
|  34|0x0000000705a00000, 0x0000000705a00000, 0x0000000705c00000|  0%| F|  |TAMS 0x0000000705a00000, 0x0000000705a00000| Untracked 
|  35|0x0000000705c00000, 0x0000000705c00000, 0x0000000705e00000|  0%| F|  |TAMS 0x0000000705c00000, 0x0000000705c00000| Untracked 
|  36|0x0000000705e00000, 0x0000000705e00000, 0x0000000706000000|  0%| F|  |TAMS 0x0000000705e00000, 0x0000000705e00000| Untracked 
|  37|0x0000000706000000, 0x0000000706000000, 0x0000000706200000|  0%| F|  |TAMS 0x0000000706000000, 0x0000000706000000| Untracked 
|  38|0x0000000706200000, 0x0000000706200000, 0x0000000706400000|  0%| F|  |TAMS 0x0000000706200000, 0x0000000706200000| Untracked 
|  39|0x0000000706400000, 0x0000000706400000, 0x0000000706600000|  0%| F|  |TAMS 0x0000000706400000, 0x0000000706400000| Untracked 
|  40|0x0000000706600000, 0x0000000706600000, 0x0000000706800000|  0%| F|  |TAMS 0x0000000706600000, 0x0000000706600000| Untracked 
|  41|0x0000000706800000, 0x0000000706800000, 0x0000000706a00000|  0%| F|  |TAMS 0x0000000706800000, 0x0000000706800000| Untracked 
|  42|0x0000000706a00000, 0x0000000706a00000, 0x0000000706c00000|  0%| F|  |TAMS 0x0000000706a00000, 0x0000000706a00000| Untracked 
|  43|0x0000000706c00000, 0x0000000706c00000, 0x0000000706e00000|  0%| F|  |TAMS 0x0000000706c00000, 0x0000000706c00000| Untracked 
|  44|0x0000000706e00000, 0x0000000706e00000, 0x0000000707000000|  0%| F|  |TAMS 0x0000000706e00000, 0x0000000706e00000| Untracked 
|  45|0x0000000707000000, 0x0000000707000000, 0x0000000707200000|  0%| F|  |TAMS 0x0000000707000000, 0x0000000707000000| Untracked 
|  46|0x0000000707200000, 0x0000000707200000, 0x0000000707400000|  0%| F|  |TAMS 0x0000000707200000, 0x0000000707200000| Untracked 
|  47|0x0000000707400000, 0x0000000707400000, 0x0000000707600000|  0%| F|  |TAMS 0x0000000707400000, 0x0000000707400000| Untracked 
|  48|0x0000000707600000, 0x0000000707600000, 0x0000000707800000|  0%| F|  |TAMS 0x0000000707600000, 0x0000000707600000| Untracked 
|  49|0x0000000707800000, 0x0000000707800000, 0x0000000707a00000|  0%| F|  |TAMS 0x0000000707800000, 0x0000000707800000| Untracked 
|  50|0x0000000707a00000, 0x0000000707a00000, 0x0000000707c00000|  0%| F|  |TAMS 0x0000000707a00000, 0x0000000707a00000| Untracked 
|  51|0x0000000707c00000, 0x0000000707c00000, 0x0000000707e00000|  0%| F|  |TAMS 0x0000000707c00000, 0x0000000707c00000| Untracked 
|  52|0x0000000707e00000, 0x0000000707e00000, 0x0000000708000000|  0%| F|  |TAMS 0x0000000707e00000, 0x0000000707e00000| Untracked 
|  53|0x0000000708000000, 0x0000000708000000, 0x0000000708200000|  0%| F|  |TAMS 0x0000000708000000, 0x0000000708000000| Untracked 
|  54|0x0000000708200000, 0x0000000708200000, 0x0000000708400000|  0%| F|  |TAMS 0x0000000708200000, 0x0000000708200000| Untracked 
|  55|0x0000000708400000, 0x0000000708400000, 0x0000000708600000|  0%| F|  |TAMS 0x0000000708400000, 0x0000000708400000| Untracked 
|  56|0x0000000708600000, 0x0000000708600000, 0x0000000708800000|  0%| F|  |TAMS 0x0000000708600000, 0x0000000708600000| Untracked 
|  57|0x0000000708800000, 0x0000000708800000, 0x0000000708a00000|  0%| F|  |TAMS 0x0000000708800000, 0x0000000708800000| Untracked 
|  58|0x0000000708a00000, 0x0000000708a00000, 0x0000000708c00000|  0%| F|  |TAMS 0x0000000708a00000, 0x0000000708a00000| Untracked 
|  59|0x0000000708c00000, 0x0000000708c00000, 0x0000000708e00000|  0%| F|  |TAMS 0x0000000708c00000, 0x0000000708c00000| Untracked 
|  60|0x0000000708e00000, 0x0000000708e00000, 0x0000000709000000|  0%| F|  |TAMS 0x0000000708e00000, 0x0000000708e00000| Untracked 
|  61|0x0000000709000000, 0x0000000709000000, 0x0000000709200000|  0%| F|  |TAMS 0x0000000709000000, 0x0000000709000000| Untracked 
|  62|0x0000000709200000, 0x0000000709200000, 0x0000000709400000|  0%| F|  |TAMS 0x0000000709200000, 0x0000000709200000| Untracked 
|  63|0x0000000709400000, 0x0000000709400000, 0x0000000709600000|  0%| F|  |TAMS 0x0000000709400000, 0x0000000709400000| Untracked 
|  64|0x0000000709600000, 0x0000000709600000, 0x0000000709800000|  0%| F|  |TAMS 0x0000000709600000, 0x0000000709600000| Untracked 
|  65|0x0000000709800000, 0x0000000709800000, 0x0000000709a00000|  0%| F|  |TAMS 0x0000000709800000, 0x0000000709800000| Untracked 
|  66|0x0000000709a00000, 0x0000000709a00000, 0x0000000709c00000|  0%| F|  |TAMS 0x0000000709a00000, 0x0000000709a00000| Untracked 
|  67|0x0000000709c00000, 0x0000000709c00000, 0x0000000709e00000|  0%| F|  |TAMS 0x0000000709c00000, 0x0000000709c00000| Untracked 
|  68|0x0000000709e00000, 0x0000000709e00000, 0x000000070a000000|  0%| F|  |TAMS 0x0000000709e00000, 0x0000000709e00000| Untracked 
|  69|0x000000070a000000, 0x000000070a000000, 0x000000070a200000|  0%| F|  |TAMS 0x000000070a000000, 0x000000070a000000| Untracked 
|  70|0x000000070a200000, 0x000000070a200000, 0x000000070a400000|  0%| F|  |TAMS 0x000000070a200000, 0x000000070a200000| Untracked 
|  71|0x000000070a400000, 0x000000070a400000, 0x000000070a600000|  0%| F|  |TAMS 0x000000070a400000, 0x000000070a400000| Untracked 
|  72|0x000000070a600000, 0x000000070a600000, 0x000000070a800000|  0%| F|  |TAMS 0x000000070a600000, 0x000000070a600000| Untracked 
|  73|0x000000070a800000, 0x000000070a800000, 0x000000070aa00000|  0%| F|  |TAMS 0x000000070a800000, 0x000000070a800000| Untracked 
|  74|0x000000070aa00000, 0x000000070aa00000, 0x000000070ac00000|  0%| F|  |TAMS 0x000000070aa00000, 0x000000070aa00000| Untracked 
|  75|0x000000070ac00000, 0x000000070ac00000, 0x000000070ae00000|  0%| F|  |TAMS 0x000000070ac00000, 0x000000070ac00000| Untracked 
|  76|0x000000070ae00000, 0x000000070ae00000, 0x000000070b000000|  0%| F|  |TAMS 0x000000070ae00000, 0x000000070ae00000| Untracked 
|  77|0x000000070b000000, 0x000000070b000000, 0x000000070b200000|  0%| F|  |TAMS 0x000000070b000000, 0x000000070b000000| Untracked 
|  78|0x000000070b200000, 0x000000070b200000, 0x000000070b400000|  0%| F|  |TAMS 0x000000070b200000, 0x000000070b200000| Untracked 
|  79|0x000000070b400000, 0x000000070b400000, 0x000000070b600000|  0%| F|  |TAMS 0x000000070b400000, 0x000000070b400000| Untracked 
|  80|0x000000070b600000, 0x000000070b600000, 0x000000070b800000|  0%| F|  |TAMS 0x000000070b600000, 0x000000070b600000| Untracked 
|  81|0x000000070b800000, 0x000000070b800000, 0x000000070ba00000|  0%| F|  |TAMS 0x000000070b800000, 0x000000070b800000| Untracked 
|  82|0x000000070ba00000, 0x000000070ba00000, 0x000000070bc00000|  0%| F|  |TAMS 0x000000070ba00000, 0x000000070ba00000| Untracked 
|  83|0x000000070bc00000, 0x000000070bc00000, 0x000000070be00000|  0%| F|  |TAMS 0x000000070bc00000, 0x000000070bc00000| Untracked 
|  84|0x000000070be00000, 0x000000070be00000, 0x000000070c000000|  0%| F|  |TAMS 0x000000070be00000, 0x000000070be00000| Untracked 
|  85|0x000000070c000000, 0x000000070c000000, 0x000000070c200000|  0%| F|  |TAMS 0x000000070c000000, 0x000000070c000000| Untracked 
|  86|0x000000070c200000, 0x000000070c200000, 0x000000070c400000|  0%| F|  |TAMS 0x000000070c200000, 0x000000070c200000| Untracked 
|  87|0x000000070c400000, 0x000000070c400000, 0x000000070c600000|  0%| F|  |TAMS 0x000000070c400000, 0x000000070c400000| Untracked 
|  88|0x000000070c600000, 0x000000070c600000, 0x000000070c800000|  0%| F|  |TAMS 0x000000070c600000, 0x000000070c600000| Untracked 
|  89|0x000000070c800000, 0x000000070c800000, 0x000000070ca00000|  0%| F|  |TAMS 0x000000070c800000, 0x000000070c800000| Untracked 
|  90|0x000000070ca00000, 0x000000070ca00000, 0x000000070cc00000|  0%| F|  |TAMS 0x000000070ca00000, 0x000000070ca00000| Untracked 
|  91|0x000000070cc00000, 0x000000070cc00000, 0x000000070ce00000|  0%| F|  |TAMS 0x000000070cc00000, 0x000000070cc00000| Untracked 
|  92|0x000000070ce00000, 0x000000070ce00000, 0x000000070d000000|  0%| F|  |TAMS 0x000000070ce00000, 0x000000070ce00000| Untracked 
|  93|0x000000070d000000, 0x000000070d000000, 0x000000070d200000|  0%| F|  |TAMS 0x000000070d000000, 0x000000070d000000| Untracked 
|  94|0x000000070d200000, 0x000000070d200000, 0x000000070d400000|  0%| F|  |TAMS 0x000000070d200000, 0x000000070d200000| Untracked 
|  95|0x000000070d400000, 0x000000070d400000, 0x000000070d600000|  0%| F|  |TAMS 0x000000070d400000, 0x000000070d400000| Untracked 
|  96|0x000000070d600000, 0x000000070d600000, 0x000000070d800000|  0%| F|  |TAMS 0x000000070d600000, 0x000000070d600000| Untracked 
|  97|0x000000070d800000, 0x000000070d800000, 0x000000070da00000|  0%| F|  |TAMS 0x000000070d800000, 0x000000070d800000| Untracked 
|  98|0x000000070da00000, 0x000000070da00000, 0x000000070dc00000|  0%| F|  |TAMS 0x000000070da00000, 0x000000070da00000| Untracked 
|  99|0x000000070dc00000, 0x000000070dc00000, 0x000000070de00000|  0%| F|  |TAMS 0x000000070dc00000, 0x000000070dc00000| Untracked 
| 100|0x000000070de00000, 0x000000070de00000, 0x000000070e000000|  0%| F|  |TAMS 0x000000070de00000, 0x000000070de00000| Untracked 
| 101|0x000000070e000000, 0x000000070e000000, 0x000000070e200000|  0%| F|  |TAMS 0x000000070e000000, 0x000000070e000000| Untracked 
| 102|0x000000070e200000, 0x000000070e200000, 0x000000070e400000|  0%| F|  |TAMS 0x000000070e200000, 0x000000070e200000| Untracked 
| 103|0x000000070e400000, 0x000000070e400000, 0x000000070e600000|  0%| F|  |TAMS 0x000000070e400000, 0x000000070e400000| Untracked 
| 104|0x000000070e600000, 0x000000070e600000, 0x000000070e800000|  0%| F|  |TAMS 0x000000070e600000, 0x000000070e600000| Untracked 
| 105|0x000000070e800000, 0x000000070e800000, 0x000000070ea00000|  0%| F|  |TAMS 0x000000070e800000, 0x000000070e800000| Untracked 
| 106|0x000000070ea00000, 0x000000070ea00000, 0x000000070ec00000|  0%| F|  |TAMS 0x000000070ea00000, 0x000000070ea00000| Untracked 
| 107|0x000000070ec00000, 0x000000070ec00000, 0x000000070ee00000|  0%| F|  |TAMS 0x000000070ec00000, 0x000000070ec00000| Untracked 
| 108|0x000000070ee00000, 0x000000070ee00000, 0x000000070f000000|  0%| F|  |TAMS 0x000000070ee00000, 0x000000070ee00000| Untracked 
| 109|0x000000070f000000, 0x000000070f000000, 0x000000070f200000|  0%| F|  |TAMS 0x000000070f000000, 0x000000070f000000| Untracked 
| 110|0x000000070f200000, 0x000000070f200000, 0x000000070f400000|  0%| F|  |TAMS 0x000000070f200000, 0x000000070f200000| Untracked 
| 111|0x000000070f400000, 0x000000070f400000, 0x000000070f600000|  0%| F|  |TAMS 0x000000070f400000, 0x000000070f400000| Untracked 
| 112|0x000000070f600000, 0x000000070f600000, 0x000000070f800000|  0%| F|  |TAMS 0x000000070f600000, 0x000000070f600000| Untracked 
| 113|0x000000070f800000, 0x000000070f800000, 0x000000070fa00000|  0%| F|  |TAMS 0x000000070f800000, 0x000000070f800000| Untracked 
| 114|0x000000070fa00000, 0x000000070fa00000, 0x000000070fc00000|  0%| F|  |TAMS 0x000000070fa00000, 0x000000070fa00000| Untracked 
| 115|0x000000070fc00000, 0x000000070fc00000, 0x000000070fe00000|  0%| F|  |TAMS 0x000000070fc00000, 0x000000070fc00000| Untracked 
| 116|0x000000070fe00000, 0x000000070fe00000, 0x0000000710000000|  0%| F|  |TAMS 0x000000070fe00000, 0x000000070fe00000| Untracked 
| 117|0x0000000710000000, 0x00000007100e2888, 0x0000000710200000| 44%| E|  |TAMS 0x0000000710000000, 0x0000000710000000| Complete 
| 118|0x0000000710200000, 0x0000000710400000, 0x0000000710400000|100%| E|CS|TAMS 0x0000000710200000, 0x0000000710200000| Complete 
| 119|0x0000000710400000, 0x0000000710600000, 0x0000000710600000|100%| E|CS|TAMS 0x0000000710400000, 0x0000000710400000| Complete 
| 120|0x0000000710600000, 0x0000000710800000, 0x0000000710800000|100%| E|CS|TAMS 0x0000000710600000, 0x0000000710600000| Complete 
| 121|0x0000000710800000, 0x0000000710a00000, 0x0000000710a00000|100%| E|CS|TAMS 0x0000000710800000, 0x0000000710800000| Complete 
| 122|0x0000000710a00000, 0x0000000710c00000, 0x0000000710c00000|100%| E|CS|TAMS 0x0000000710a00000, 0x0000000710a00000| Complete 
| 123|0x0000000710c00000, 0x0000000710e00000, 0x0000000710e00000|100%| E|CS|TAMS 0x0000000710c00000, 0x0000000710c00000| Complete 
| 124|0x0000000710e00000, 0x0000000711000000, 0x0000000711000000|100%| E|  |TAMS 0x0000000710e00000, 0x0000000710e00000| Complete 
| 125|0x0000000711000000, 0x0000000711200000, 0x0000000711200000|100%| E|CS|TAMS 0x0000000711000000, 0x0000000711000000| Complete 
| 126|0x0000000711200000, 0x0000000711400000, 0x0000000711400000|100%| E|CS|TAMS 0x0000000711200000, 0x0000000711200000| Complete 
| 127|0x0000000711400000, 0x0000000711600000, 0x0000000711600000|100%| E|CS|TAMS 0x0000000711400000, 0x0000000711400000| Complete 

Card table byte_map: [0x00000122f62d0000,0x00000122f6ad0000] _byte_map_base: 0x00000122f2ac5000

Marking Bits (Prev, Next): (CMBitMap*) 0x00000122ec062380, (CMBitMap*) 0x00000122ec0623c0
 Prev Bits: [0x00000122f72d0000, 0x00000122fb278000)
 Next Bits: [0x00000122fb280000, 0x00000122ff228000)

Polling page: 0x00000122ec0d0000

Metaspace:

Usage:
  Non-class:      3.90 MB used.
      Class:    560.78 KB used.
       Both:      4.44 MB used.

Virtual space:
  Non-class space:        8.00 MB reserved,       3.94 MB ( 49%) committed,  1 nodes.
      Class space:        1.00 GB reserved,     640.00 KB ( <1%) committed,  1 nodes.
             Both:        1.01 GB reserved,       4.56 MB ( <1%) committed. 

Chunk freelists:
   Non-Class:  2.12 MB
       Class:  3.39 MB
        Both:  5.51 MB

MaxMetaspaceSize: unlimited
CompressedClassSpaceSize: 1.00 GB
Initial GC threshold: 21.00 MB
Current GC threshold: 21.00 MB
CDS: on
MetaspaceReclaimPolicy: balanced
 - commit_granule_bytes: 65536.
 - commit_granule_words: 8192.
 - virtual_space_node_default_size: 1048576.
 - enlarge_chunks_in_place: 1.
 - new_chunks_are_fully_committed: 0.
 - uncommit_free_chunks: 1.
 - use_allocation_guard: 0.
 - handle_deallocations: 1.


Internal statistics:

num_allocs_failed_limit: 0.
num_arena_births: 100.
num_arena_deaths: 0.
num_vsnodes_births: 2.
num_vsnodes_deaths: 0.
num_space_committed: 73.
num_space_uncommitted: 0.
num_chunks_returned_to_freelist: 0.
num_chunks_taken_from_freelist: 202.
num_chunk_merges: 0.
num_chunk_splits: 138.
num_chunks_enlarged: 104.
num_purges: 0.
num_inconsistent_stats: 0.

CodeHeap 'non-profiled nmethods': size=120000Kb used=311Kb max_used=311Kb free=119688Kb
 bounds [0x0000012287ad0000, 0x0000012287d40000, 0x000001228f000000]
CodeHeap 'profiled nmethods': size=120000Kb used=1492Kb max_used=1492Kb free=118507Kb
 bounds [0x00000122805a0000, 0x0000012280810000, 0x0000012287ad0000]
CodeHeap 'non-nmethods': size=5760Kb used=1163Kb max_used=1181Kb free=4596Kb
 bounds [0x0000012280000000, 0x0000012280270000, 0x00000122805a0000]
 total_blobs=1400 nmethods=943 adapters=370
 compilation: enabled
              stopped_count=0, restarted_count=0
 full_count=0

Compilation events (20 events):
Event: 0.598 Thread 0x00000122ffd350e0 nmethod 907 0x00000122806feb10 code [0x00000122806fecc0, 0x00000122806fef58]
Event: 0.601 Thread 0x00000122ffd350e0  908       3       java.nio.ByteBuffer::hasArray (20 bytes)
Event: 0.602 Thread 0x00000122ffd350e0 nmethod 908 0x00000122806ff090 code [0x00000122806ff220, 0x00000122806ff3d8]
Event: 0.602 Thread 0x00000122ffd350e0  909       3       java.util.Optional::get (22 bytes)
Event: 0.602 Thread 0x00000122ffd350e0 nmethod 909 0x00000122806ff490 code [0x00000122806ff640, 0x00000122806ff868]
Event: 0.603 Thread 0x00000122ffd350e0  911       3       java.net.URL::toString (5 bytes)
Event: 0.603 Thread 0x00000122ffd350e0 nmethod 911 0x00000122806ff990 code [0x00000122806ffb40, 0x00000122806ffd68]
Event: 0.603 Thread 0x00000122ffd350e0  912       3       java.net.URL::toExternalForm (9 bytes)
Event: 0.603 Thread 0x00000122ffd350e0 nmethod 912 0x00000122806ffe90 code [0x0000012280700040, 0x0000012280700228]
Event: 0.603 Thread 0x00000122ffd350e0  913   !   3       java.lang.ClassLoader::addClass (27 bytes)
Event: 0.604 Thread 0x00000122ffd350e0 nmethod 913 0x0000012280700310 code [0x00000122807004e0, 0x0000012280700aa8]
Event: 0.604 Thread 0x00000122ffd350e0  914   !   3       java.lang.module.ModuleReader::read (75 bytes)
Event: 0.605 Thread 0x00000122ffd350e0 nmethod 914 0x0000012280700e10 code [0x00000122807010a0, 0x0000012280701dd8]
Event: 0.605 Thread 0x00000122ffd350e0  915       3       java.security.SecureClassLoader$CodeSourceKey::equals (60 bytes)
Event: 0.605 Thread 0x00000122ffd350e0 nmethod 915 0x0000012280702310 code [0x0000012280702500, 0x0000012280702b98]
Event: 0.605 Thread 0x00000122ffd350e0  916       3       java.security.CodeSource::matchCerts (254 bytes)
Event: 0.606 Thread 0x00000122ffd350e0 nmethod 916 0x0000012280702d90 code [0x0000012280703000, 0x0000012280703c78]
Event: 0.607 Thread 0x00000122ffd350e0  917       3       java.util.zip.ZipCoder::hash (36 bytes)
Event: 0.608 Thread 0x00000122ffd350e0 nmethod 917 0x0000012280704090 code [0x00000122807042a0, 0x00000122807049c8]
Event: 0.608 Thread 0x00000122ffd350e0  918   !   3       java.util.zip.ZipFile$Source::getEntryPos (173 bytes)

GC Heap History (0 events):
No events

Deoptimization events (20 events):
Event: 0.283 Thread 0x00000122ebff4640 DEOPT PACKING pc=0x0000012287aef574 sp=0x00000013523fe1e0
Event: 0.283 Thread 0x00000122ebff4640 DEOPT UNPACKING pc=0x00000122800523a3 sp=0x00000013523fe118 mode 2
Event: 0.283 Thread 0x00000122ebff4640 Uncommon trap: trap_request=0xffffff45 fr.pc=0x0000012287af3eb0 relative=0x0000000000000db0
Event: 0.283 Thread 0x00000122ebff4640 Uncommon trap: reason=unstable_if action=reinterpret pc=0x0000012287af3eb0 method=java.util.HashMap.putVal(ILjava/lang/Object;Ljava/lang/Object;ZZ)Ljava/lang/Object; @ 193 c2
Event: 0.283 Thread 0x00000122ebff4640 DEOPT PACKING pc=0x0000012287af3eb0 sp=0x00000013523fe150
Event: 0.283 Thread 0x00000122ebff4640 DEOPT UNPACKING pc=0x00000122800523a3 sp=0x00000013523fe120 mode 2
Event: 0.295 Thread 0x00000122ebff4640 Uncommon trap: trap_request=0xffffff45 fr.pc=0x0000012287ae6ff0 relative=0x0000000000000630
Event: 0.295 Thread 0x00000122ebff4640 Uncommon trap: reason=unstable_if action=reinterpret pc=0x0000012287ae6ff0 method=jdk.internal.module.Checks.isJavaIdentifier(Ljava/lang/String;)Z @ 4 c2
Event: 0.295 Thread 0x00000122ebff4640 DEOPT PACKING pc=0x0000012287ae6ff0 sp=0x00000013523fe440
Event: 0.295 Thread 0x00000122ebff4640 DEOPT UNPACKING pc=0x00000122800523a3 sp=0x00000013523fe3e8 mode 2
Event: 0.431 Thread 0x00000122ebff4640 DEOPT PACKING pc=0x000001228069918f sp=0x00000013523fe3e0
Event: 0.431 Thread 0x00000122ebff4640 DEOPT UNPACKING pc=0x0000012280052b43 sp=0x00000013523fd800 mode 0
Event: 0.545 Thread 0x000001229194cdb0 Uncommon trap: trap_request=0xffffff45 fr.pc=0x0000012287b08be4 relative=0x00000000000002a4
Event: 0.545 Thread 0x000001229194cdb0 Uncommon trap: reason=unstable_if action=reinterpret pc=0x0000012287b08be4 method=java.lang.invoke.VarHandle.checkExactAccessMode(Ljava/lang/invoke/VarHandle$AccessDescriptor;)V @ 4 c2
Event: 0.545 Thread 0x000001229194cdb0 DEOPT PACKING pc=0x0000012287b08be4 sp=0x00000013535fe590
Event: 0.545 Thread 0x000001229194cdb0 DEOPT UNPACKING pc=0x00000122800523a3 sp=0x00000013535fe500 mode 2
Event: 0.579 Thread 0x000001229194cdb0 Uncommon trap: trap_request=0xffffff45 fr.pc=0x0000012287b081f4 relative=0x0000000000000074
Event: 0.579 Thread 0x000001229194cdb0 Uncommon trap: reason=unstable_if action=reinterpret pc=0x0000012287b081f4 method=jdk.internal.misc.Unsafe.convEndian(ZI)I @ 4 c2
Event: 0.579 Thread 0x000001229194cdb0 DEOPT PACKING pc=0x0000012287b081f4 sp=0x00000013535fd220
Event: 0.579 Thread 0x000001229194cdb0 DEOPT UNPACKING pc=0x00000122800523a3 sp=0x00000013535fd150 mode 2

Classes unloaded (0 events):
No events

Classes redefined (0 events):
No events

Internal exceptions (15 events):
Event: 0.075 Thread 0x00000122ebff4640 Exception <a 'java/lang/NoSuchMethodError'{0x000000071151c4e0}: 'void java.lang.invoke.DirectMethodHandle$Holder.invokeVirtual(java.lang.Object, java.lang.Object)'> (0x000000071151c4e0) 
thrown [s\open\src\hotspot\share\interpreter\linkResolver.cpp, line 759]
Event: 0.132 Thread 0x00000122ebff4640 Exception <a 'java/lang/NoSuchMethodError'{0x00000007112ebf00}: 'void java.lang.invoke.DirectMethodHandle$Holder.invokeSpecial(java.lang.Object, java.lang.Object, java.lang.Object)'> (0x00000007112ebf00) 
thrown [s\open\src\hotspot\share\interpreter\linkResolver.cpp, line 759]
Event: 0.172 Thread 0x00000122ebff4640 Exception <a 'java/lang/NoSuchMethodError'{0x0000000710ef86d8}: 'void java.lang.invoke.DirectMethodHandle$Holder.invokeSpecial(java.lang.Object, java.lang.Object, java.lang.Object, java.lang.Object, java.lang.Object)'> (0x0000000710ef86d8) 
thrown [s\open\src\hotspot\share\interpreter\linkResolver.cpp, line 759]
Event: 0.178 Thread 0x00000122ebff4640 Exception <a 'java/lang/NoSuchMethodError'{0x0000000710f0c990}: 'java.lang.Object java.lang.invoke.DirectMethodHandle$Holder.invokeInterface(java.lang.Object, java.lang.Object)'> (0x0000000710f0c990) 
thrown [s\open\src\hotspot\share\interpreter\linkResolver.cpp, line 759]
Event: 0.179 Thread 0x00000122ebff4640 Exception <a 'java/lang/IncompatibleClassChangeError'{0x0000000710f10008}: Found class java.lang.Object, but interface was expected> (0x0000000710f10008) 
thrown [s\open\src\hotspot\share\interpreter\linkResolver.cpp, line 826]
Event: 0.179 Thread 0x00000122ebff4640 Exception <a 'java/lang/NoSuchMethodError'{0x0000000710f12dd0}: 'void java.lang.invoke.DirectMethodHandle$Holder.invokeStatic(java.lang.Object, java.lang.Object, java.lang.Object, java.lang.Object)'> (0x0000000710f12dd0) 
thrown [s\open\src\hotspot\share\interpreter\linkResolver.cpp, line 759]
Event: 0.207 Thread 0x00000122ebff4640 Exception <a 'java/lang/NoSuchMethodError'{0x0000000710fd0558}: 'java.lang.Object java.lang.invoke.DirectMethodHandle$Holder.invokeStaticInit(java.lang.Object)'> (0x0000000710fd0558) 
thrown [s\open\src\hotspot\share\interpreter\linkResolver.cpp, line 759]
Event: 0.211 Thread 0x00000122ebff4640 Exception <a 'java/lang/NoSuchMethodError'{0x0000000710fdec88}: 'void java.lang.invoke.DirectMethodHandle$Holder.invokeStatic(java.lang.Object, java.lang.Object)'> (0x0000000710fdec88) 
thrown [s\open\src\hotspot\share\interpreter\linkResolver.cpp, line 759]
Event: 0.477 Thread 0x00000122ebff4640 Exception <a 'java/lang/NoSuchMethodError'{0x0000000710642060}: 'void java.lang.invoke.DirectMethodHandle$Holder.invokeStatic(java.lang.Object, java.lang.Object, java.lang.Object)'> (0x0000000710642060) 
thrown [s\open\src\hotspot\share\interpreter\linkResolver.cpp, line 759]
Event: 0.511 Thread 0x00000122ebff4640 Exception <a 'java/lang/NoSuchMethodError'{0x000000071065eb10}: 'int java.lang.invoke.DirectMethodHandle$Holder.invokeStaticInit(java.lang.Object, java.lang.Object, java.lang.Object)'> (0x000000071065eb10) 
thrown [s\open\src\hotspot\share\interpreter\linkResolver.cpp, line 759]
Event: 0.536 Thread 0x00000122ebff4640 Exception <a 'java/lang/NoSuchMethodError'{0x000000071078e168}: 'java.lang.Object java.lang.invoke.DirectMethodHandle$Holder.newInvokeSpecial(java.lang.Object, java.lang.Object, int, java.lang.Object)'> (0x000000071078e168) 
thrown [s\open\src\hotspot\share\interpreter\linkResolver.cpp, line 759]
Event: 0.537 Thread 0x00000122ebff4640 Exception <a 'java/lang/NoSuchMethodError'{0x0000000710792548}: 'java.lang.Object java.lang.invoke.DirectMethodHandle$Holder.invokeSpecial(java.lang.Object, java.lang.Object, java.lang.Object, int, java.lang.Object)'> (0x0000000710792548) 
thrown [s\open\src\hotspot\share\interpreter\linkResolver.cpp, line 759]
Event: 0.562 Thread 0x000001229194cdb0 Exception <a 'java/lang/NoSuchMethodError'{0x0000000710513288}: 'void java.lang.invoke.DirectMethodHandle$Holder.invokeStaticInit(java.lang.Object)'> (0x0000000710513288) 
thrown [s\open\src\hotspot\share\interpreter\linkResolver.cpp, line 759]
Event: 0.564 Thread 0x00000122ebff4640 Exception <a 'java/lang/NoSuchMethodError'{0x00000007107a75e8}: 'java.lang.Object java.lang.invoke.DirectMethodHandle$Holder.newInvokeSpecial(java.lang.Object, java.lang.Object, java.lang.Object, java.lang.Object, java.lang.Object, java.lang.Object)'> (0x00000007107a75e8) 
thrown [s\open\src\hotspot\share\interpreter\linkResolver.cpp, line 759]
Event: 0.588 Thread 0x00000122ebff4640 Exception <a 'java/lang/NoSuchMethodError'{0x000000071020ca08}: 'java.lang.Object java.lang.invoke.DirectMethodHandle$Holder.newInvokeSpecial(java.lang.Object, java.lang.Object, java.lang.Object, java.lang.Object, java.lang.Object)'> (0x000000071020ca08) 
thrown [s\open\src\hotspot\share\interpreter\linkResolver.cpp, line 759]

VM Operations (6 events):
Event: 0.101 Executing VM operation: HandshakeAllThreads
Event: 0.101 Executing VM operation: HandshakeAllThreads done
Event: 0.176 Executing VM operation: HandshakeAllThreads
Event: 0.176 Executing VM operation: HandshakeAllThreads done
Event: 0.523 Executing VM operation: HandshakeAllThreads
Event: 0.523 Executing VM operation: HandshakeAllThreads done

Events (20 events):
Event: 0.578 loading class jdk/internal/org/objectweb/asm/Edge done
Event: 0.579 loading class java/lang/reflect/Proxy$ProxyBuilder$1
Event: 0.579 loading class java/lang/reflect/Proxy$ProxyBuilder$1 done
Event: 0.579 loading class java/lang/annotation/Target
Event: 0.579 loading class java/lang/annotation/Target done
Event: 0.581 loading class sun/reflect/generics/repository/ClassRepository
Event: 0.581 loading class sun/reflect/generics/repository/GenericDeclRepository
Event: 0.581 loading class sun/reflect/generics/repository/AbstractRepository
Event: 0.581 loading class sun/reflect/generics/repository/AbstractRepository done
Event: 0.581 loading class sun/reflect/generics/repository/GenericDeclRepository done
Event: 0.581 loading class sun/reflect/generics/repository/ClassRepository done
Event: 0.581 loading class java/lang/Class$EnclosingMethodInfo
Event: 0.582 loading class java/lang/Class$EnclosingMethodInfo done
Event: 0.582 loading class java/lang/Class$AnnotationData
Event: 0.582 loading class java/lang/Class$AnnotationData done
Event: 0.583 Thread 0x0000012292221e80 Thread added: 0x0000012292221e80
Event: 0.587 loading class java/lang/StackTraceElement$HashedModules
Event: 0.587 loading class java/lang/StackTraceElement$HashedModules done
Event: 0.587 Thread 0x0000012292234030 Thread added: 0x0000012292234030
Event: 0.590 Thread 0x00000122922613a0 Thread added: 0x00000122922613a0


Dynamic libraries:
0x00007ff727a20000 - 0x00007ff727a30000 	E:\Program Files\Java\jdk-17.0.5\bin\java.exe
0x00007ffc0c470000 - 0x00007ffc0c668000 	C:\Windows\SYSTEM32\ntdll.dll
0x00007ffc0b9f0000 - 0x00007ffc0baaf000 	C:\Windows\System32\KERNEL32.DLL
0x00007ffc09c60000 - 0x00007ffc09f32000 	C:\Windows\System32\KERNELBASE.dll
0x00007ffc09b60000 - 0x00007ffc09c60000 	C:\Windows\System32\ucrtbase.dll
0x00007ffc05250000 - 0x00007ffc05268000 	E:\Program Files\Java\jdk-17.0.5\bin\jli.dll
0x00007ffc0bba0000 - 0x00007ffc0bc4e000 	C:\Windows\System32\ADVAPI32.dll
0x00007ffc0a9a0000 - 0x00007ffc0aa3e000 	C:\Windows\System32\msvcrt.dll
0x00007ffc052a0000 - 0x00007ffc052ba000 	E:\Program Files\Java\jdk-17.0.5\bin\VCRUNTIME140.dll
0x00007ffc0a900000 - 0x00007ffc0a99c000 	C:\Windows\System32\sechost.dll
0x00007ffc0be80000 - 0x00007ffc0bfa5000 	C:\Windows\System32\RPCRT4.dll
0x00007ffc0bcd0000 - 0x00007ffc0be71000 	C:\Windows\System32\USER32.dll
0x00007ffc0a000000 - 0x00007ffc0a022000 	C:\Windows\System32\win32u.dll
0x00007ffc08f60000 - 0x00007ffc091fa000 	C:\Windows\WinSxS\amd64_microsoft.windows.common-controls_6595b64144ccf1df_6.0.19041.1110_none_60b5254171f9507e\COMCTL32.dll
0x00007ffc0bab0000 - 0x00007ffc0badb000 	C:\Windows\System32\GDI32.dll
0x00007ffc0a030000 - 0x00007ffc0a13f000 	C:\Windows\System32\gdi32full.dll
0x00007ffc0a410000 - 0x00007ffc0a4ad000 	C:\Windows\System32\msvcp_win.dll
0x00007ffc067a0000 - 0x00007ffc067aa000 	C:\Windows\SYSTEM32\VERSION.dll
0x00007ffc0bfb0000 - 0x00007ffc0bfe2000 	C:\Windows\System32\IMM32.DLL
0x00007ffc05290000 - 0x00007ffc0529c000 	E:\Program Files\Java\jdk-17.0.5\bin\vcruntime140_1.dll
0x00007ffbfc810000 - 0x00007ffbfc89d000 	E:\Program Files\Java\jdk-17.0.5\bin\msvcp140.dll
0x00007ffbd51a0000 - 0x00007ffbd5d62000 	E:\Program Files\Java\jdk-17.0.5\bin\server\jvm.dll
0x00007ffc0c3c0000 - 0x00007ffc0c3c8000 	C:\Windows\System32\PSAPI.DLL
0x00007ffbf1050000 - 0x00007ffbf1059000 	C:\Windows\SYSTEM32\WSOCK32.dll
0x00007ffbfebe0000 - 0x00007ffbfec07000 	C:\Windows\SYSTEM32\WINMM.dll
0x00007ffc0b980000 - 0x00007ffc0b9eb000 	C:\Windows\System32\WS2_32.dll
0x00007ffc07590000 - 0x00007ffc075a2000 	C:\Windows\SYSTEM32\kernel.appcore.dll
0x00007ffc05240000 - 0x00007ffc0524a000 	E:\Program Files\Java\jdk-17.0.5\bin\jimage.dll
0x00007ffc09590000 - 0x00007ffc09774000 	C:\Windows\SYSTEM32\DBGHELP.DLL
0x00007ffc09330000 - 0x00007ffc09365000 	C:\Windows\SYSTEM32\dbgcore.DLL
0x00007ffc0a170000 - 0x00007ffc0a1f2000 	C:\Windows\System32\bcryptPrimitives.dll
0x00007ffc04120000 - 0x00007ffc04145000 	E:\Program Files\Java\jdk-17.0.5\bin\java.dll
0x00007ffbecc40000 - 0x00007ffbecd16000 	E:\Program Files\Java\jdk-17.0.5\bin\jsvml.dll
0x00007ffc0aaa0000 - 0x00007ffc0b1e4000 	C:\Windows\System32\SHELL32.dll
0x00007ffc075b0000 - 0x00007ffc07d42000 	C:\Windows\SYSTEM32\windows.storage.dll
0x00007ffc0a4b0000 - 0x00007ffc0a805000 	C:\Windows\System32\combase.dll
0x00007ffc08ec0000 - 0x00007ffc08ef0000 	C:\Windows\SYSTEM32\Wldp.dll
0x00007ffc0bff0000 - 0x00007ffc0c09d000 	C:\Windows\System32\SHCORE.dll
0x00007ffc0a810000 - 0x00007ffc0a865000 	C:\Windows\System32\shlwapi.dll
0x00007ffc09aa0000 - 0x00007ffc09abf000 	C:\Windows\SYSTEM32\profapi.dll
0x00007ffc021d0000 - 0x00007ffc021e9000 	E:\Program Files\Java\jdk-17.0.5\bin\net.dll
0x00007ffc00030000 - 0x00007ffc0013c000 	C:\Windows\SYSTEM32\WINHTTP.dll
0x00007ffc08d90000 - 0x00007ffc08dfa000 	C:\Windows\system32\mswsock.dll
0x00007ffc02120000 - 0x00007ffc02136000 	E:\Program Files\Java\jdk-17.0.5\bin\nio.dll
0x00007ffc029a0000 - 0x00007ffc029b8000 	E:\Program Files\Java\jdk-17.0.5\bin\zip.dll
0x00000122ec110000 - 0x00000122ec113000 	C:\Users\Rahomy\.openjfx\cache\19+11\amd64\api-ms-win-core-console-l1-1-0.dll
0x00000122ffe40000 - 0x00000122ffe43000 	C:\Users\Rahomy\.openjfx\cache\19+11\amd64\api-ms-win-core-console-l1-2-0.dll
0x00000122ffe50000 - 0x00000122ffe53000 	C:\Users\Rahomy\.openjfx\cache\19+11\amd64\api-ms-win-core-datetime-l1-1-0.dll
0x00000122ffe60000 - 0x00000122ffe63000 	C:\Users\Rahomy\.openjfx\cache\19+11\amd64\api-ms-win-core-debug-l1-1-0.dll
0x00000122ffe70000 - 0x00000122ffe73000 	C:\Users\Rahomy\.openjfx\cache\19+11\amd64\api-ms-win-core-errorhandling-l1-1-0.dll
0x00000122ffe80000 - 0x00000122ffe84000 	C:\Users\Rahomy\.openjfx\cache\19+11\amd64\api-ms-win-core-file-l1-1-0.dll
0x00000122ffe90000 - 0x00000122ffe93000 	C:\Users\Rahomy\.openjfx\cache\19+11\amd64\api-ms-win-core-file-l1-2-0.dll
0x00000122ffea0000 - 0x00000122ffea3000 	C:\Users\Rahomy\.openjfx\cache\19+11\amd64\api-ms-win-core-file-l2-1-0.dll
0x00000122ffeb0000 - 0x00000122ffeb3000 	C:\Users\Rahomy\.openjfx\cache\19+11\amd64\api-ms-win-core-handle-l1-1-0.dll
0x00000122ffec0000 - 0x00000122ffec3000 	C:\Users\Rahomy\.openjfx\cache\19+11\amd64\api-ms-win-core-heap-l1-1-0.dll
0x00000122ffed0000 - 0x00000122ffed3000 	C:\Users\Rahomy\.openjfx\cache\19+11\amd64\api-ms-win-core-interlocked-l1-1-0.dll
0x00000122ffee0000 - 0x00000122ffee3000 	C:\Users\Rahomy\.openjfx\cache\19+11\amd64\api-ms-win-core-libraryloader-l1-1-0.dll
0x00000122ffef0000 - 0x00000122ffef3000 	C:\Users\Rahomy\.openjfx\cache\19+11\amd64\api-ms-win-core-localization-l1-2-0.dll
0x00000122fff00000 - 0x00000122fff03000 	C:\Users\Rahomy\.openjfx\cache\19+11\amd64\api-ms-win-core-memory-l1-1-0.dll
0x00000122fff10000 - 0x00000122fff13000 	C:\Users\Rahomy\.openjfx\cache\19+11\amd64\api-ms-win-core-namedpipe-l1-1-0.dll
0x00000122fff20000 - 0x00000122fff23000 	C:\Users\Rahomy\.openjfx\cache\19+11\amd64\api-ms-win-core-processenvironment-l1-1-0.dll
0x00000122fff30000 - 0x00000122fff33000 	C:\Users\Rahomy\.openjfx\cache\19+11\amd64\api-ms-win-core-processthreads-l1-1-0.dll
0x00000122fff40000 - 0x00000122fff43000 	C:\Users\Rahomy\.openjfx\cache\19+11\amd64\api-ms-win-core-processthreads-l1-1-1.dll
0x00000122fff50000 - 0x00000122fff53000 	C:\Users\Rahomy\.openjfx\cache\19+11\amd64\api-ms-win-core-profile-l1-1-0.dll
0x00000122fff60000 - 0x00000122fff63000 	C:\Users\Rahomy\.openjfx\cache\19+11\amd64\api-ms-win-core-rtlsupport-l1-1-0.dll
0x00000122fff70000 - 0x00000122fff73000 	C:\Users\Rahomy\.openjfx\cache\19+11\amd64\api-ms-win-core-string-l1-1-0.dll
0x00000122fff80000 - 0x00000122fff83000 	C:\Users\Rahomy\.openjfx\cache\19+11\amd64\api-ms-win-core-synch-l1-1-0.dll
0x00000122fff90000 - 0x00000122fff93000 	C:\Users\Rahomy\.openjfx\cache\19+11\amd64\api-ms-win-core-synch-l1-2-0.dll
0x00000122fffa0000 - 0x00000122fffa3000 	C:\Users\Rahomy\.openjfx\cache\19+11\amd64\api-ms-win-core-sysinfo-l1-1-0.dll
0x00000122fffb0000 - 0x00000122fffb3000 	C:\Users\Rahomy\.openjfx\cache\19+11\amd64\api-ms-win-core-timezone-l1-1-0.dll
0x00000122fffc0000 - 0x00000122fffc3000 	C:\Users\Rahomy\.openjfx\cache\19+11\amd64\api-ms-win-core-util-l1-1-0.dll
0x00000122fffd0000 - 0x00000122fffd3000 	C:\Users\Rahomy\.openjfx\cache\19+11\amd64\api-ms-win-crt-conio-l1-1-0.dll
0x00000122fffe0000 - 0x00000122fffe4000 	C:\Users\Rahomy\.openjfx\cache\19+11\amd64\api-ms-win-crt-convert-l1-1-0.dll
0x00000122ffff0000 - 0x00000122ffff3000 	C:\Users\Rahomy\.openjfx\cache\19+11\amd64\api-ms-win-crt-environment-l1-1-0.dll
0x0000012292400000 - 0x0000012292403000 	C:\Users\Rahomy\.openjfx\cache\19+11\amd64\api-ms-win-crt-filesystem-l1-1-0.dll
0x0000012292410000 - 0x0000012292413000 	C:\Users\Rahomy\.openjfx\cache\19+11\amd64\api-ms-win-crt-heap-l1-1-0.dll
0x0000012292420000 - 0x0000012292423000 	C:\Users\Rahomy\.openjfx\cache\19+11\amd64\api-ms-win-crt-locale-l1-1-0.dll
0x0000012292430000 - 0x0000012292435000 	C:\Users\Rahomy\.openjfx\cache\19+11\amd64\api-ms-win-crt-math-l1-1-0.dll
0x0000012292440000 - 0x0000012292445000 	C:\Users\Rahomy\.openjfx\cache\19+11\amd64\api-ms-win-crt-multibyte-l1-1-0.dll
0x0000012292450000 - 0x0000012292460000 	C:\Users\Rahomy\.openjfx\cache\19+11\amd64\api-ms-win-crt-private-l1-1-0.dll
0x0000012292460000 - 0x0000012292463000 	C:\Users\Rahomy\.openjfx\cache\19+11\amd64\api-ms-win-crt-process-l1-1-0.dll
0x0000012292470000 - 0x0000012292474000 	C:\Users\Rahomy\.openjfx\cache\19+11\amd64\api-ms-win-crt-runtime-l1-1-0.dll
0x0000012292480000 - 0x0000012292484000 	C:\Users\Rahomy\.openjfx\cache\19+11\amd64\api-ms-win-crt-stdio-l1-1-0.dll
0x0000012292490000 - 0x0000012292494000 	C:\Users\Rahomy\.openjfx\cache\19+11\amd64\api-ms-win-crt-string-l1-1-0.dll
0x00000122924a0000 - 0x00000122924a3000 	C:\Users\Rahomy\.openjfx\cache\19+11\amd64\api-ms-win-crt-time-l1-1-0.dll
0x00000122924b0000 - 0x00000122924b3000 	C:\Users\Rahomy\.openjfx\cache\19+11\amd64\api-ms-win-crt-utility-l1-1-0.dll
0x00007ffbe0530000 - 0x00007ffbe062c000 	C:\Users\Rahomy\.openjfx\cache\19+11\amd64\ucrtbase.dll
0x00007ffc042f0000 - 0x00007ffc0430b000 	C:\Users\Rahomy\.openjfx\cache\19+11\amd64\vcruntime140.dll
0x00007ffc042e0000 - 0x00007ffc042ec000 	C:\Users\Rahomy\.openjfx\cache\19+11\amd64\vcruntime140_1.dll
0x00007ffc01db0000 - 0x00007ffc01e3e000 	C:\Users\Rahomy\.openjfx\cache\19+11\amd64\msvcp140.dll
0x00007ffc04110000 - 0x00007ffc04119000 	C:\Users\Rahomy\.openjfx\cache\19+11\amd64\msvcp140_1.dll
0x00007ffc040e0000 - 0x00007ffc04110000 	C:\Users\Rahomy\.openjfx\cache\19+11\amd64\msvcp140_2.dll
0x00007ffc02340000 - 0x00007ffc0236c000 	C:\Users\Rahomy\.openjfx\cache\19+11\amd64\prism_d3d.dll
0x00007ffbac380000 - 0x00007ffbac54e000 	C:\Windows\system32\d3d9.dll
0x00007ffc070b0000 - 0x00007ffc070df000 	C:\Windows\SYSTEM32\dwmapi.dll
0x00007ffc06e80000 - 0x00007ffc06f1e000 	C:\Windows\system32\uxtheme.dll
0x00007ffc024a0000 - 0x00007ffc024b2000 	C:\Users\Rahomy\.openjfx\cache\19+11\amd64\prism_sw.dll
0x00007ffc02160000 - 0x00007ffc021a2000 	C:\Users\Rahomy\.openjfx\cache\19+11\amd64\glass.dll
0x00007ffc0b6d0000 - 0x00007ffc0b7aa000 	C:\Windows\System32\COMDLG32.dll
0x00007ffc0c1c0000 - 0x00007ffc0c2ea000 	C:\Windows\System32\ole32.dll
0x00007ffc0c2f0000 - 0x00007ffc0c3bd000 	C:\Windows\System32\OLEAUT32.dll
0x00007ffc0c0a0000 - 0x00007ffc0c1b5000 	C:\Windows\System32\MSCTF.dll

dbghelp: loaded successfully - version: 4.0.5 - missing functions: none
symbol engine: initialized successfully - sym options: 0x614 - pdb path: .;E:\Program Files\Java\jdk-17.0.5\bin;C:\Windows\SYSTEM32;C:\Windows\WinSxS\amd64_microsoft.windows.common-controls_6595b64144ccf1df_6.0.19041.1110_none_60b5254171f9507e;E:\Program Files\Java\jdk-17.0.5\bin\server;C:\Users\Rahomy\.openjfx\cache\19+11\amd64

VM Arguments:
jvm_args: --module-path=D:\ITI\ITI-ChatApp-Link\client\target\classes;C:\Users\Rahomy\.m2\repository\com\mysql\mysql-connector-j\8.0.32\mysql-connector-j-8.0.32.jar;C:\Users\Rahomy\.m2\repository\org\openjfx\javafx-base\19\javafx-base-19-win.jar;C:\Users\Rahomy\.m2\repository\org\openjfx\javafx-controls\19\javafx-controls-19-win.jar;C:\Users\Rahomy\.m2\repository\org\openjfx\javafx-fxml\19\javafx-fxml-19-win.jar;C:\Users\Rahomy\.m2\repository\org\openjfx\javafx-graphics\19\javafx-graphics-19-win.jar --add-modules=gov.iti.link -Djdk.module.main=gov.iti.link 
java_command: gov.iti.link/gov.iti.link.App
java_class_path (initial): C:\Users\Rahomy\.m2\repository\com\google\protobuf\protobuf-java\3.21.9\protobuf-java-3.21.9.jar;C:\Users\Rahomy\.m2\repository\org\openjfx\javafx-base\19\javafx-base-19.jar;C:\Users\Rahomy\.m2\repository\org\openjfx\javafx-controls\19\javafx-controls-19.jar;C:\Users\Rahomy\.m2\repository\org\openjfx\javafx-fxml\19\javafx-fxml-19.jar;C:\Users\Rahomy\.m2\repository\org\openjfx\javafx-graphics\19\javafx-graphics-19.jar
Launcher Type: SUN_STANDARD

[Global flags]
     intx CICompilerCount                          = 4                                         {product} {ergonomic}
     uint ConcGCThreads                            = 2                                         {product} {ergonomic}
     uint G1ConcRefinementThreads                  = 8                                         {product} {ergonomic}
   size_t G1HeapRegionSize                         = 2097152                                   {product} {ergonomic}
    uintx GCDrainStackTargetSize                   = 64                                        {product} {ergonomic}
   size_t InitialHeapSize                          = 268435456                                 {product} {ergonomic}
   size_t MarkStackSize                            = 4194304                                   {product} {ergonomic}
   size_t MaxHeapSize                              = 4271898624                                {product} {ergonomic}
   size_t MaxNewSize                               = 2562719744                                {product} {ergonomic}
   size_t MinHeapDeltaBytes                        = 2097152                                   {product} {ergonomic}
   size_t MinHeapSize                              = 8388608                                   {product} {ergonomic}
    uintx NonNMethodCodeHeapSize                   = 5839372                                {pd product} {ergonomic}
    uintx NonProfiledCodeHeapSize                  = 122909434                              {pd product} {ergonomic}
    uintx ProfiledCodeHeapSize                     = 122909434                              {pd product} {ergonomic}
    uintx ReservedCodeCacheSize                    = 251658240                              {pd product} {ergonomic}
     bool SegmentedCodeCache                       = true                                      {product} {ergonomic}
   size_t SoftMaxHeapSize                          = 4271898624                             {manageable} {ergonomic}
     bool UseCompressedClassPointers               = true                           {product lp64_product} {ergonomic}
     bool UseCompressedOops                        = true                           {product lp64_product} {ergonomic}
     bool UseG1GC                                  = true                                      {product} {ergonomic}
     bool UseLargePagesIndividualAllocation        = false                                  {pd product} {ergonomic}

Logging:
Log output configuration:
 #0: stdout all=warning uptime,level,tags
 #1: stderr all=off uptime,level,tags

Environment Variables:
JAVA_HOME=E:\Program Files\Java\jdk-17.0.5
PATH=C:\ProgramData\Oracle\Java\javapath;C:\Program Files\Common Files\Oracle\Java\javapath;C:\oraclexe\app\oracle\product\11.2.0\server\bin;E:\Program Files (x86)\VMware\VMware Workstation\bin\;C:\Program Files\Microsoft MPI\Bin\;C:\Program Files (x86)\Intel\iCLS Client\;C:\Program Files\Intel\iCLS Client\;E:\ProgramData\Anaconda;E:\ProgramData\Anaconda\Library\mingw-w64\bin;E:\ProgramData\Anaconda\Library\usr\bin;E:\ProgramData\Anaconda\Library\bin;E:\ProgramData\Anaconda\Scripts;C:\Windows\system32;C:\Windows;C:\Windows\System32\Wbem;C:\Windows\System32\WindowsPowerShell\v1.0\;C:\Windows\System32\OpenSSH\;C:\Program Files\dotnet\;C:\Program Files\Microsoft SQL Server\130\Tools\Binn\;C:\Program Files\Microsoft SQL Server\Client SDK\ODBC\170\Tools\Binn\;E:\dart-sdk\bin;E:\flutter\bin;C:\Program Files (x86)\Intel\Intel(R) Management Engine Components\DAL;C:\Program Files\Intel\Intel(R) Management Engine Components\DAL;C:\Program Files (x86)\Intel\Intel(R) Management Engine Components\IPT;C:\Program Files\Intel\Intel(R) Management Engine Components\IPT;E:\Program Files\Java\jdk-17.0.5\bin;E:\Program Files\Java\jdk-13;C:\Program Files\Graphviz\bin;C:\Program Files (x86)\Microsoft SQL Server\150\DTS\Binn\;C:\Program Files\Azure Data Studio\bin;E:\apache-maven-3.8.6-bin\apache-maven-3.8.6\bin;C:\Program Files\Git\cmd;C:\Program Files\MySQL\MySQL Shell 8.0\bin\;C:\Users\Rahomy\AppData\Local\Microsoft\WindowsApps;E:\dart-sdk\bin;E:\flutter\bin;E:\Program Files\JetBrains\IntelliJ IDEA Community Edition 2022.3.1\bin;;C:\Users\Rahomy\.dotnet\tools;E:\Users\Rahomy\AppData\Local\Programs\Microsoft VS Code\bin;E:\php-8.1.7-nts-Win32-vs16-x64;C:\Program Files\Azure Data Studio\bin;E:\apache-maven-3.8.6-bin;E:\Program Files\JetBrains\IntelliJ IDEA 2022.1.4\bin;;E:\Program Files\Java\jdk-17.0.5\bin;E:\Program Files\Java\jdk-13\bin;C:\Users\Rahomy\AppData\Local\GitHubDesktop\bin
USERNAME=Rahomy
LANG=en_US.UTF-8
OS=Windows_NT
PROCESSOR_IDENTIFIER=Intel64 Family 6 Model 60 Stepping 3, GenuineIntel



---------------  S Y S T E M  ---------------

OS:
 Windows 10 , 64 bit Build 19041 (10.0.19041.2364)
OS uptime: 3 days 3:29 hours

CPU: total 8 (initial active 8) (4 cores per cpu, 2 threads per core) family 6 model 60 stepping 3 microcode 0x27, cx8, cmov, fxsr, ht, mmx, sse, sse2, sse3, ssse3, sse4.1, sse4.2, popcnt, lzcnt, tsc, tscinvbit, avx, avx2, aes, erms, clmul, bmi1, bmi2, fma, vzeroupper, clflush

Memory: 4k page, system-wide physical 16289M (3710M free)
TotalPageFile size 31473M (AvailPageFile size 0M)
current process WorkingSet (physical memory assigned to process): 71M, peak: 71M
current process commit charge ("private bytes"): 358M, peak: 361M

vm_info: Java HotSpot(TM) 64-Bit Server VM (17.0.5+9-LTS-191) for windows-amd64 JRE (17.0.5+9-LTS-191), built on Sep 13 2022 17:31:43 by "mach5one" with MS VC++ 16.8 / 16.9 (VS2019)

END.
