#
# There is insufficient memory for the Java Runtime Environment to continue.
# Native memory allocation (malloc) failed to allocate 1923056 bytes for Chunk::new
# Possible reasons:
#   The system is out of physical RAM or swap space
#   The process is running with CompressedOops enabled, and the Java Heap may be blocking the growth of the native heap
# Possible solutions:
#   Reduce memory load on the system
#   Increase physical memory or swap space
#   Check if swap backing store is full
#   Decrease Java heap size (-Xmx/-Xms)
#   Decrease number of Java threads
#   Decrease Java thread stack sizes (-Xss)
#   Set larger code cache with -XX:ReservedCodeCacheSize=
#   JVM is running with Zero Based Compressed Oops mode in which the Java heap is
#     placed in the first 32GB address space. The Java Heap base address is the
#     maximum limit for the native heap growth. Please use -XX:HeapBaseMinAddress
#     to set the Java Heap base and to place the Java Heap above 32GB virtual address.
# This output file may be truncated or incomplete.
#
#  Out of Memory Error (arena.cpp:189), pid=6196, tid=5472
#
# JRE version: Java(TM) SE Runtime Environment (17.0.5+9) (build 17.0.5+9-LTS-191)
# Java VM: Java HotSpot(TM) 64-Bit Server VM (17.0.5+9-LTS-191, mixed mode, sharing, tiered, compressed oops, compressed class ptrs, g1 gc, windows-amd64)
# No core dump will be written. Minidumps are not enabled by default on client versions of Windows
#

---------------  S U M M A R Y ------------

Command Line: -Dclassworlds.conf=E:\apache-maven-3.8.6-bin\apache-maven-3.8.6\bin\m2.conf -Dmaven.home=E:\apache-maven-3.8.6-bin\apache-maven-3.8.6 -Dlibrary.jansi.path=E:\apache-maven-3.8.6-bin\apache-maven-3.8.6\lib\jansi-native -Dmaven.multiModuleProjectDirectory=D:\ITI\ITI-ChatApp-Link\client org.codehaus.plexus.classworlds.launcher.Launcher clean compile javafx:run

Host: Intel(R) Core(TM) i7-4810MQ CPU @ 2.80GHz, 8 cores, 15G,  Windows 10 , 64 bit Build 19041 (10.0.19041.2364)
Time: Sat Feb  4 17:51:16 2023 Egypt Standard Time elapsed time: 4.194746 seconds (0d 0h 0m 4s)

---------------  T H R E A D  ---------------

Current thread (0x0000020b1390cbd0):  JavaThread "C2 CompilerThread0" daemon [_thread_in_native, id=5472, stack(0x00000019fbb00000,0x00000019fbc00000)]


Current CompileTask:
C2:   4194 5772   !   4       com.google.inject.spi.InjectionPoint::getInjectionPoints (489 bytes)

Stack: [0x00000019fbb00000,0x00000019fbc00000]
Native frames: (J=compiled Java code, j=interpreted, Vv=VM code, C=native code)
V  [jvm.dll+0x672eea]
V  [jvm.dll+0x7d2a04]
V  [jvm.dll+0x7d41ae]
V  [jvm.dll+0x7d4813]
V  [jvm.dll+0x242c15]
V  [jvm.dll+0xaa57b]
V  [jvm.dll+0xaab0c]
V  [jvm.dll+0x35ff42]
V  [jvm.dll+0x32a631]
V  [jvm.dll+0x329ada]
V  [jvm.dll+0x215cc1]
V  [jvm.dll+0x2150e1]
V  [jvm.dll+0x1a18ed]
V  [jvm.dll+0x22493a]
V  [jvm.dll+0x222aa5]
V  [jvm.dll+0x7885db]
V  [jvm.dll+0x782b4a]
V  [jvm.dll+0x671d75]
C  [ucrtbase.dll+0x21bb2]
C  [KERNEL32.DLL+0x17614]
C  [ntdll.dll+0x526a1]


---------------  P R O C E S S  ---------------

Threads class SMR info:
_java_thread_list=0x0000020b16dd9d10, length=15, elements={
0x0000020b70b24af0, 0x0000020b138ecf90, 0x0000020b138eda10, 0x0000020b138ffca0,
0x0000020b13903190, 0x0000020b13903750, 0x0000020b13903d10, 0x0000020b1390cbd0,
0x0000020b1390f2a0, 0x0000020b1390f8a0, 0x0000020b1451dd70, 0x0000020b14524260,
0x0000020b14d4a950, 0x0000020b14ecda60, 0x0000020b15bb5eb0
}

Java Threads: ( => current thread )
  0x0000020b70b24af0 JavaThread "main" [_thread_blocked, id=29464, stack(0x00000019fae00000,0x00000019faf00000)]
  0x0000020b138ecf90 JavaThread "Reference Handler" daemon [_thread_blocked, id=28572, stack(0x00000019fb500000,0x00000019fb600000)]
  0x0000020b138eda10 JavaThread "Finalizer" daemon [_thread_blocked, id=4080, stack(0x00000019fb600000,0x00000019fb700000)]
  0x0000020b138ffca0 JavaThread "Signal Dispatcher" daemon [_thread_blocked, id=25480, stack(0x00000019fb700000,0x00000019fb800000)]
  0x0000020b13903190 JavaThread "Attach Listener" daemon [_thread_blocked, id=31888, stack(0x00000019fb800000,0x00000019fb900000)]
  0x0000020b13903750 JavaThread "Service Thread" daemon [_thread_blocked, id=8844, stack(0x00000019fb900000,0x00000019fba00000)]
  0x0000020b13903d10 JavaThread "Monitor Deflation Thread" daemon [_thread_blocked, id=29252, stack(0x00000019fba00000,0x00000019fbb00000)]
=>0x0000020b1390cbd0 JavaThread "C2 CompilerThread0" daemon [_thread_in_native, id=5472, stack(0x00000019fbb00000,0x00000019fbc00000)]
  0x0000020b1390f2a0 JavaThread "C1 CompilerThread0" daemon [_thread_blocked, id=31160, stack(0x00000019fbc00000,0x00000019fbd00000)]
  0x0000020b1390f8a0 JavaThread "Sweeper thread" daemon [_thread_blocked, id=31356, stack(0x00000019fbd00000,0x00000019fbe00000)]
  0x0000020b1451dd70 JavaThread "Notification Thread" daemon [_thread_blocked, id=32640, stack(0x00000019fbe00000,0x00000019fbf00000)]
  0x0000020b14524260 JavaThread "Common-Cleaner" daemon [_thread_blocked, id=22008, stack(0x00000019fc000000,0x00000019fc100000)]
  0x0000020b14d4a950 JavaThread "C2 CompilerThread1" daemon [_thread_blocked, id=30412, stack(0x00000019fc100000,0x00000019fc200000)]
  0x0000020b14ecda60 JavaThread "C2 CompilerThread2" daemon [_thread_blocked, id=28232, stack(0x00000019fc200000,0x00000019fc300000)]
  0x0000020b15bb5eb0 JavaThread "Exec Input Stream Pumper" daemon [_thread_blocked, id=28760, stack(0x00000019fcf00000,0x00000019fd000000)]

Other Threads:
  0x0000020b138e8390 VMThread "VM Thread" [stack: 0x00000019fb400000,0x00000019fb500000] [id=31720]
  0x0000020b70baafa0 WatcherThread [stack: 0x00000019fbf00000,0x00000019fc000000] [id=28568]
  0x0000020b70b92590 GCTaskThread "GC Thread#0" [stack: 0x00000019faf00000,0x00000019fb000000] [id=26352]
  0x0000020b15531010 GCTaskThread "GC Thread#1" [stack: 0x00000019fc300000,0x00000019fc400000] [id=29692]
  0x0000020b14536700 GCTaskThread "GC Thread#2" [stack: 0x00000019fc400000,0x00000019fc500000] [id=4292]
  0x0000020b14eb8420 GCTaskThread "GC Thread#3" [stack: 0x00000019fc500000,0x00000019fc600000] [id=24216]
  0x0000020b14d58780 GCTaskThread "GC Thread#4" [stack: 0x00000019fc600000,0x00000019fc700000] [id=27332]
  0x0000020b14d58a30 GCTaskThread "GC Thread#5" [stack: 0x00000019fc700000,0x00000019fc800000] [id=30160]
  0x0000020b153b4370 GCTaskThread "GC Thread#6" [stack: 0x00000019fc800000,0x00000019fc900000] [id=31856]
  0x0000020b154ed850 GCTaskThread "GC Thread#7" [stack: 0x00000019fc900000,0x00000019fca00000] [id=14772]
  0x0000020b70ba3360 ConcurrentGCThread "G1 Main Marker" [stack: 0x00000019fb000000,0x00000019fb100000] [id=24716]
  0x0000020b70ba3d70 ConcurrentGCThread "G1 Conc#0" [stack: 0x00000019fb100000,0x00000019fb200000] [id=8808]
  0x0000020b15e12050 ConcurrentGCThread "G1 Conc#1" [stack: 0x00000019fca00000,0x00000019fcb00000] [id=12948]
  0x0000020b137a20d0 ConcurrentGCThread "G1 Refine#0" [stack: 0x00000019fb200000,0x00000019fb300000] [id=24940]
  0x0000020b15759ea0 ConcurrentGCThread "G1 Refine#1" [stack: 0x00000019fcb00000,0x00000019fcc00000] [id=30216]
  0x0000020b169757e0 ConcurrentGCThread "G1 Refine#2" [stack: 0x00000019fcc00000,0x00000019fcd00000] [id=4824]
  0x0000020b137a4710 ConcurrentGCThread "G1 Service" [stack: 0x00000019fb300000,0x00000019fb400000] [id=30256]

Threads with active compile tasks:
C2 CompilerThread0     4210 5772   !   4       com.google.inject.spi.InjectionPoint::getInjectionPoints (489 bytes)

VM state: not at safepoint (normal execution)

VM Mutex/Monitor currently owned by a thread: None

Heap address: 0x0000000701600000, size: 4074 MB, Compressed Oops mode: Zero based, Oop shift amount: 3

CDS archive(s) mapped at: [0x0000000800000000-0x0000000800bd0000-0x0000000800bd0000), size 12386304, SharedBaseAddress: 0x0000000800000000, ArchiveRelocationMode: 0.
Compressed class space mapped at: 0x0000000800c00000-0x0000000840c00000, reserved size: 1073741824
Narrow klass base: 0x0000000800000000, Narrow klass shift: 0, Narrow klass range: 0x100000000

GC Precious Log:
 CPUs: 8 total, 8 available
 Memory: 16289M
 Large Page Support: Disabled
 NUMA Support: Disabled
 Compressed Oops: Enabled (Zero based)
 Heap Region Size: 2M
 Heap Min Capacity: 8M
 Heap Initial Capacity: 256M
 Heap Max Capacity: 4074M
 Pre-touch: Disabled
 Parallel Workers: 8
 Concurrent Workers: 2
 Concurrent Refinement Workers: 8
 Periodic GC: Disabled

Heap:
 garbage-first heap   total 141312K, used 33431K [0x0000000701600000, 0x0000000800000000)
  region size 2048K, 6 young (12288K), 2 survivors (4096K)
 Metaspace       used 26828K, committed 27136K, reserved 1073152K
  class space    used 3101K, committed 3264K, reserved 1048576K

Heap Regions: E=young(eden), S=young(survivor), O=old, HS=humongous(starts), HC=humongous(continues), CS=collection set, F=free, OA=open archive, CA=closed archive, TAMS=top-at-mark-start (previous, next)
|   0|0x0000000701600000, 0x0000000701800000, 0x0000000701800000|100%| O|  |TAMS 0x0000000701800000, 0x0000000701600000| Untracked 
|   1|0x0000000701800000, 0x0000000701800000, 0x0000000701a00000|  0%| F|  |TAMS 0x0000000701800000, 0x0000000701800000| Untracked 
|   2|0x0000000701a00000, 0x0000000701c00000, 0x0000000701c00000|100%| O|  |TAMS 0x0000000701a00000, 0x0000000701a00000| Untracked 
|   3|0x0000000701c00000, 0x0000000701e00000, 0x0000000701e00000|100%|HS|  |TAMS 0x0000000701e00000, 0x0000000701c00000| Complete 
|   4|0x0000000701e00000, 0x0000000702000000, 0x0000000702000000|100%| O|  |TAMS 0x0000000701e00000, 0x0000000701e00000| Untracked 
|   5|0x0000000702000000, 0x0000000702200000, 0x0000000702200000|100%| O|  |TAMS 0x0000000702000000, 0x0000000702000000| Untracked 
|   6|0x0000000702200000, 0x0000000702400000, 0x0000000702400000|100%| O|  |TAMS 0x0000000702200000, 0x0000000702200000| Untracked 
|   7|0x0000000702400000, 0x0000000702600000, 0x0000000702600000|100%| O|  |TAMS 0x0000000702400000, 0x0000000702400000| Untracked 
|   8|0x0000000702600000, 0x0000000702800000, 0x0000000702800000|100%| O|  |TAMS 0x0000000702600000, 0x0000000702600000| Untracked 
|   9|0x0000000702800000, 0x0000000702a00000, 0x0000000702a00000|100%| O|  |TAMS 0x0000000702800000, 0x0000000702800000| Untracked 
|  10|0x0000000702a00000, 0x0000000702c00000, 0x0000000702c00000|100%| O|  |TAMS 0x0000000702a00000, 0x0000000702a00000| Untracked 
|  11|0x0000000702c00000, 0x0000000702e00000, 0x0000000702e00000|100%| O|  |TAMS 0x0000000702c00000, 0x0000000702c00000| Untracked 
|  12|0x0000000702e00000, 0x0000000702e00000, 0x0000000703000000|  0%| F|  |TAMS 0x0000000702e00000, 0x0000000702e00000| Untracked 
|  13|0x0000000703000000, 0x0000000703000000, 0x0000000703200000|  0%| F|  |TAMS 0x0000000703000000, 0x0000000703000000| Untracked 
|  14|0x0000000703200000, 0x0000000703200000, 0x0000000703400000|  0%| F|  |TAMS 0x0000000703200000, 0x0000000703200000| Untracked 
|  15|0x0000000703400000, 0x000000070357c200, 0x0000000703600000| 74%| O|  |TAMS 0x0000000703400000, 0x0000000703400000| Untracked 
|  16|0x0000000703600000, 0x0000000703600000, 0x0000000703800000|  0%| F|  |TAMS 0x0000000703600000, 0x0000000703600000| Untracked 
|  17|0x0000000703800000, 0x0000000703800000, 0x0000000703a00000|  0%| F|  |TAMS 0x0000000703800000, 0x0000000703800000| Untracked 
|  18|0x0000000703a00000, 0x0000000703a00000, 0x0000000703c00000|  0%| F|  |TAMS 0x0000000703a00000, 0x0000000703a00000| Untracked 
|  19|0x0000000703c00000, 0x0000000703c00000, 0x0000000703e00000|  0%| F|  |TAMS 0x0000000703c00000, 0x0000000703c00000| Untracked 
|  20|0x0000000703e00000, 0x0000000703e00000, 0x0000000704000000|  0%| F|  |TAMS 0x0000000703e00000, 0x0000000703e00000| Untracked 
|  21|0x0000000704000000, 0x0000000704129d20, 0x0000000704200000| 58%| S|CS|TAMS 0x0000000704000000, 0x0000000704000000| Complete 
|  22|0x0000000704200000, 0x0000000704200000, 0x0000000704400000|  0%| F|  |TAMS 0x0000000704200000, 0x0000000704200000| Untracked 
|  23|0x0000000704400000, 0x0000000704400000, 0x0000000704600000|  0%| F|  |TAMS 0x0000000704400000, 0x0000000704400000| Untracked 
|  24|0x0000000704600000, 0x0000000704800000, 0x0000000704800000|100%| S|CS|TAMS 0x0000000704600000, 0x0000000704600000| Complete 
|  25|0x0000000704800000, 0x0000000704800000, 0x0000000704a00000|  0%| F|  |TAMS 0x0000000704800000, 0x0000000704800000| Untracked 
|  26|0x0000000704a00000, 0x0000000704a00000, 0x0000000704c00000|  0%| F|  |TAMS 0x0000000704a00000, 0x0000000704a00000| Untracked 
|  27|0x0000000704c00000, 0x0000000704c00000, 0x0000000704e00000|  0%| F|  |TAMS 0x0000000704c00000, 0x0000000704c00000| Untracked 
|  28|0x0000000704e00000, 0x0000000704e00000, 0x0000000705000000|  0%| F|  |TAMS 0x0000000704e00000, 0x0000000704e00000| Untracked 
|  29|0x0000000705000000, 0x0000000705000000, 0x0000000705200000|  0%| F|  |TAMS 0x0000000705000000, 0x0000000705000000| Untracked 
|  30|0x0000000705200000, 0x0000000705200000, 0x0000000705400000|  0%| F|  |TAMS 0x0000000705200000, 0x0000000705200000| Untracked 
|  31|0x0000000705400000, 0x0000000705400000, 0x0000000705600000|  0%| F|  |TAMS 0x0000000705400000, 0x0000000705400000| Untracked 
|  32|0x0000000705600000, 0x0000000705600000, 0x0000000705800000|  0%| F|  |TAMS 0x0000000705600000, 0x0000000705600000| Untracked 
|  33|0x0000000705800000, 0x0000000705800000, 0x0000000705a00000|  0%| F|  |TAMS 0x0000000705800000, 0x0000000705800000| Untracked 
|  34|0x0000000705a00000, 0x0000000705a00000, 0x0000000705c00000|  0%| F|  |TAMS 0x0000000705a00000, 0x0000000705a00000| Untracked 
|  35|0x0000000705c00000, 0x0000000705c00000, 0x0000000705e00000|  0%| F|  |TAMS 0x0000000705c00000, 0x0000000705c00000| Untracked 
|  36|0x0000000705e00000, 0x0000000705e00000, 0x0000000706000000|  0%| F|  |TAMS 0x0000000705e00000, 0x0000000705e00000| Untracked 
|  37|0x0000000706000000, 0x0000000706000000, 0x0000000706200000|  0%| F|  |TAMS 0x0000000706000000, 0x0000000706000000| Untracked 
|  38|0x0000000706200000, 0x0000000706200000, 0x0000000706400000|  0%| F|  |TAMS 0x0000000706200000, 0x0000000706200000| Untracked 
|  39|0x0000000706400000, 0x0000000706400000, 0x0000000706600000|  0%| F|  |TAMS 0x0000000706400000, 0x0000000706400000| Untracked 
|  40|0x0000000706600000, 0x0000000706600000, 0x0000000706800000|  0%| F|  |TAMS 0x0000000706600000, 0x0000000706600000| Untracked 
|  41|0x0000000706800000, 0x0000000706800000, 0x0000000706a00000|  0%| F|  |TAMS 0x0000000706800000, 0x0000000706800000| Untracked 
|  42|0x0000000706a00000, 0x0000000706a00000, 0x0000000706c00000|  0%| F|  |TAMS 0x0000000706a00000, 0x0000000706a00000| Untracked 
|  43|0x0000000706c00000, 0x0000000706c00000, 0x0000000706e00000|  0%| F|  |TAMS 0x0000000706c00000, 0x0000000706c00000| Untracked 
|  44|0x0000000706e00000, 0x0000000706e00000, 0x0000000707000000|  0%| F|  |TAMS 0x0000000706e00000, 0x0000000706e00000| Untracked 
|  45|0x0000000707000000, 0x0000000707000000, 0x0000000707200000|  0%| F|  |TAMS 0x0000000707000000, 0x0000000707000000| Untracked 
|  46|0x0000000707200000, 0x0000000707200000, 0x0000000707400000|  0%| F|  |TAMS 0x0000000707200000, 0x0000000707200000| Untracked 
|  47|0x0000000707400000, 0x0000000707400000, 0x0000000707600000|  0%| F|  |TAMS 0x0000000707400000, 0x0000000707400000| Untracked 
|  48|0x0000000707600000, 0x0000000707600000, 0x0000000707800000|  0%| F|  |TAMS 0x0000000707600000, 0x0000000707600000| Untracked 
|  49|0x0000000707800000, 0x0000000707800000, 0x0000000707a00000|  0%| F|  |TAMS 0x0000000707800000, 0x0000000707800000| Untracked 
|  50|0x0000000707a00000, 0x0000000707a00000, 0x0000000707c00000|  0%| F|  |TAMS 0x0000000707a00000, 0x0000000707a00000| Untracked 
|  51|0x0000000707c00000, 0x0000000707c00000, 0x0000000707e00000|  0%| F|  |TAMS 0x0000000707c00000, 0x0000000707c00000| Untracked 
|  52|0x0000000707e00000, 0x0000000707e00000, 0x0000000708000000|  0%| F|  |TAMS 0x0000000707e00000, 0x0000000707e00000| Untracked 
|  53|0x0000000708000000, 0x0000000708000000, 0x0000000708200000|  0%| F|  |TAMS 0x0000000708000000, 0x0000000708000000| Untracked 
|  54|0x0000000708200000, 0x0000000708200000, 0x0000000708400000|  0%| F|  |TAMS 0x0000000708200000, 0x0000000708200000| Untracked 
|  55|0x0000000708400000, 0x0000000708400000, 0x0000000708600000|  0%| F|  |TAMS 0x0000000708400000, 0x0000000708400000| Untracked 
|  56|0x0000000708600000, 0x0000000708600000, 0x0000000708800000|  0%| F|  |TAMS 0x0000000708600000, 0x0000000708600000| Untracked 
|  57|0x0000000708800000, 0x0000000708800000, 0x0000000708a00000|  0%| F|  |TAMS 0x0000000708800000, 0x0000000708800000| Untracked 
|  58|0x0000000708a00000, 0x0000000708a00000, 0x0000000708c00000|  0%| F|  |TAMS 0x0000000708a00000, 0x0000000708a00000| Untracked 
|  59|0x0000000708c00000, 0x0000000708c00000, 0x0000000708e00000|  0%| F|  |TAMS 0x0000000708c00000, 0x0000000708c00000| Untracked 
|  60|0x0000000708e00000, 0x0000000708e00000, 0x0000000709000000|  0%| F|  |TAMS 0x0000000708e00000, 0x0000000708e00000| Untracked 
|  61|0x0000000709000000, 0x0000000709000000, 0x0000000709200000|  0%| F|  |TAMS 0x0000000709000000, 0x0000000709000000| Untracked 
|  78|0x000000070b200000, 0x000000070b200000, 0x000000070b400000|  0%| F|  |TAMS 0x000000070b200000, 0x000000070b200000| Untracked 
|  79|0x000000070b400000, 0x000000070b400000, 0x000000070b600000|  0%| F|  |TAMS 0x000000070b400000, 0x000000070b400000| Untracked 
|  80|0x000000070b600000, 0x000000070b600000, 0x000000070b800000|  0%| F|  |TAMS 0x000000070b600000, 0x000000070b600000| Untracked 
|  81|0x000000070b800000, 0x000000070b800800, 0x000000070ba00000|  0%| E|  |TAMS 0x000000070b800000, 0x000000070b800000| Complete 
|  82|0x000000070ba00000, 0x000000070bc00000, 0x000000070bc00000|100%| E|CS|TAMS 0x000000070ba00000, 0x000000070ba00000| Complete 
|  83|0x000000070bc00000, 0x000000070be00000, 0x000000070be00000|100%| E|CS|TAMS 0x000000070bc00000, 0x000000070bc00000| Complete 
| 127|0x0000000711400000, 0x0000000711600000, 0x0000000711600000|100%| E|CS|TAMS 0x0000000711400000, 0x0000000711400000| Complete 

Card table byte_map: [0x0000020b78ed0000,0x0000020b796d0000] _byte_map_base: 0x0000020b756c5000

Marking Bits (Prev, Next): (CMBitMap*) 0x0000020b70b92be0, (CMBitMap*) 0x0000020b70b92ba0
 Prev Bits: [0x0000020b0f000000, 0x0000020b12fa8000)
 Next Bits: [0x0000020b79ed0000, 0x0000020b7de78000)

Polling page: 0x0000020b70300000

Metaspace:

Usage:
  Non-class:     23.17 MB used.
      Class:      3.03 MB used.
       Both:     26.20 MB used.

Virtual space:
  Non-class space:       24.00 MB reserved,      23.31 MB ( 97%) committed,  3 nodes.
      Class space:        1.00 GB reserved,       3.19 MB ( <1%) committed,  1 nodes.
             Both:        1.02 GB reserved,      26.50 MB (  3%) committed. 

Chunk freelists:
   Non-Class:  260.00 KB
       Class:  778.00 KB
        Both:  1.01 MB

MaxMetaspaceSize: unlimited
CompressedClassSpaceSize: 1.00 GB
Initial GC threshold: 21.00 MB
Current GC threshold: 35.31 MB
CDS: on
MetaspaceReclaimPolicy: balanced
 - commit_granule_bytes: 65536.
 - commit_granule_words: 8192.
 - virtual_space_node_default_size: 1048576.
 - enlarge_chunks_in_place: 1.
 - new_chunks_are_fully_committed: 0.
 - uncommit_free_chunks: 1.
 - use_allocation_guard: 0.
 - handle_deallocations: 1.


Internal statistics:

num_allocs_failed_limit: 3.
num_arena_births: 180.
num_arena_deaths: 0.
num_vsnodes_births: 4.
num_vsnodes_deaths: 0.
num_space_committed: 424.
num_space_uncommitted: 0.
num_chunks_returned_to_freelist: 3.
num_chunks_taken_from_freelist: 1140.
num_chunk_merges: 3.
num_chunk_splits: 823.
num_chunks_enlarged: 657.
num_purges: 0.
num_inconsistent_stats: 0.

CodeHeap 'non-profiled nmethods': size=120000Kb used=2825Kb max_used=2825Kb free=117174Kb
 bounds [0x0000020b07ad0000, 0x0000020b07da0000, 0x0000020b0f000000]
CodeHeap 'profiled nmethods': size=120000Kb used=12545Kb max_used=12545Kb free=107454Kb
 bounds [0x0000020b005a0000, 0x0000020b011f0000, 0x0000020b07ad0000]
CodeHeap 'non-nmethods': size=5760Kb used=1206Kb max_used=1299Kb free=4553Kb
 bounds [0x0000020b00000000, 0x0000020b00270000, 0x0000020b005a0000]
 total_blobs=6360 nmethods=5854 adapters=418
 compilation: enabled
              stopped_count=0, restarted_count=0
 full_count=0

Compilation events (20 events):
Event: 4.077 Thread 0x0000020b1390f2a0 5849       3       java.lang.StringBuffer::<init> (7 bytes)
Event: 4.077 Thread 0x0000020b1390f2a0 nmethod 5849 0x0000020b011ddf10 code [0x0000020b011de0a0, 0x0000020b011de1e8]
Event: 4.078 Thread 0x0000020b1390f2a0 5850       3       java.lang.ProcessEnvironment$CheckedEntry::getKey (5 bytes)
Event: 4.079 Thread 0x0000020b1390f2a0 nmethod 5850 0x0000020b011de290 code [0x0000020b011de440, 0x0000020b011de788]
Event: 4.079 Thread 0x0000020b1390f2a0 5851       3       java.lang.ProcessEnvironment$CheckedEntry::getKey (13 bytes)
Event: 4.079 Thread 0x0000020b1390f2a0 nmethod 5851 0x0000020b011de890 code [0x0000020b011dea40, 0x0000020b011ded08]
Event: 4.079 Thread 0x0000020b1390f2a0 5852       3       java.lang.ProcessEnvironment$EntryComparator::compare (13 bytes)
Event: 4.079 Thread 0x0000020b1390f2a0 nmethod 5852 0x0000020b011dee10 code [0x0000020b011df000, 0x0000020b011df768]
Event: 4.083 Thread 0x0000020b1390f2a0 5855       3       jdk.internal.org.objectweb.asm.Frame::setInputFrameFromDescriptor (175 bytes)
Event: 4.084 Thread 0x0000020b1390f2a0 nmethod 5855 0x0000020b011df910 code [0x0000020b011dfb20, 0x0000020b011e0338]
Event: 4.106 Thread 0x0000020b14ecda60 nmethod 5810 0x0000020b07d89710 code [0x0000020b07d899e0, 0x0000020b07d8bf90]
Event: 4.106 Thread 0x0000020b14ecda60 5837       4       java.lang.StringLatin1::lastIndexOf (125 bytes)
Event: 4.109 Thread 0x0000020b14ecda60 nmethod 5837 0x0000020b07d8cd90 code [0x0000020b07d8cf20, 0x0000020b07d8d178]
Event: 4.109 Thread 0x0000020b14ecda60 5835       4       java.util.stream.ReferencePipeline$2$1::accept (27 bytes)
Event: 4.110 Thread 0x0000020b14ecda60 nmethod 5835 0x0000020b07d8d410 code [0x0000020b07d8d5a0, 0x0000020b07d8d678]
Event: 4.110 Thread 0x0000020b14ecda60 5834       4       java.lang.String::newStringUTF8NoRepl (276 bytes)
Event: 4.114 Thread 0x0000020b14ecda60 nmethod 5834 0x0000020b07d8d790 code [0x0000020b07d8d920, 0x0000020b07d8df78]
Event: 4.114 Thread 0x0000020b14ecda60 5833       4       java.lang.AbstractStringBuilder::getCoder (15 bytes)
Event: 4.114 Thread 0x0000020b14ecda60 nmethod 5833 0x0000020b07d8e290 code [0x0000020b07d8e400, 0x0000020b07d8e478]
Event: 4.159 Thread 0x0000020b14d4a950 nmethod 5832% 0x0000020b07d8e590 code [0x0000020b07d8e820, 0x0000020b07d90e88]

GC Heap History (14 events):
Event: 0.570 GC heap before
{Heap before GC invocations=0 (full 0):
 garbage-first heap   total 262144K, used 22528K [0x0000000701600000, 0x0000000800000000)
  region size 2048K, 11 young (22528K), 0 survivors (0K)
 Metaspace       used 4764K, committed 4928K, reserved 1056768K
  class space    used 560K, committed 640K, reserved 1048576K
}
Event: 0.573 GC heap after
{Heap after GC invocations=1 (full 0):
 garbage-first heap   total 262144K, used 3613K [0x0000000701600000, 0x0000000800000000)
  region size 2048K, 2 young (4096K), 2 survivors (4096K)
 Metaspace       used 4764K, committed 4928K, reserved 1056768K
  class space    used 560K, committed 640K, reserved 1048576K
}
Event: 1.149 GC heap before
{Heap before GC invocations=1 (full 0):
 garbage-first heap   total 262144K, used 34333K [0x0000000701600000, 0x0000000800000000)
  region size 2048K, 17 young (34816K), 2 survivors (4096K)
 Metaspace       used 10247K, committed 10432K, reserved 1064960K
  class space    used 1259K, committed 1344K, reserved 1048576K
}
Event: 1.153 GC heap after
{Heap after GC invocations=2 (full 0):
 garbage-first heap   total 262144K, used 5846K [0x0000000701600000, 0x0000000800000000)
  region size 2048K, 2 young (4096K), 2 survivors (4096K)
 Metaspace       used 10247K, committed 10432K, reserved 1064960K
  class space    used 1259K, committed 1344K, reserved 1048576K
}
Event: 2.644 GC heap before
{Heap before GC invocations=2 (full 0):
 garbage-first heap   total 262144K, used 93910K [0x0000000701600000, 0x0000000800000000)
  region size 2048K, 44 young (90112K), 2 survivors (4096K)
 Metaspace       used 21255K, committed 21504K, reserved 1073152K
  class space    used 2485K, committed 2624K, reserved 1048576K
}
Event: 2.651 GC heap after
{Heap after GC invocations=3 (full 0):
 garbage-first heap   total 262144K, used 18447K [0x0000000701600000, 0x0000000800000000)
  region size 2048K, 6 young (12288K), 6 survivors (12288K)
 Metaspace       used 21255K, committed 21504K, reserved 1073152K
  class space    used 2485K, committed 2624K, reserved 1048576K
}
Event: 3.226 GC heap before
{Heap before GC invocations=4 (full 0):
 garbage-first heap   total 75776K, used 51215K [0x0000000701600000, 0x0000000800000000)
  region size 2048K, 22 young (45056K), 6 survivors (12288K)
 Metaspace       used 23957K, committed 24192K, reserved 1073152K
  class space    used 2747K, committed 2880K, reserved 1048576K
}
Event: 3.239 GC heap after
{Heap after GC invocations=5 (full 0):
 garbage-first heap   total 75776K, used 22651K [0x0000000701600000, 0x0000000800000000)
  region size 2048K, 3 young (6144K), 3 survivors (6144K)
 Metaspace       used 23957K, committed 24192K, reserved 1073152K
  class space    used 2747K, committed 2880K, reserved 1048576K
}
Event: 3.263 GC heap before
{Heap before GC invocations=5 (full 0):
 garbage-first heap   total 75776K, used 24699K [0x0000000701600000, 0x0000000800000000)
  region size 2048K, 4 young (8192K), 3 survivors (6144K)
 Metaspace       used 24100K, committed 24320K, reserved 1073152K
  class space    used 2777K, committed 2880K, reserved 1048576K
}
Event: 3.271 GC heap after
{Heap after GC invocations=6 (full 0):
 garbage-first heap   total 75776K, used 24713K [0x0000000701600000, 0x0000000800000000)
  region size 2048K, 1 young (2048K), 1 survivors (2048K)
 Metaspace       used 24100K, committed 24320K, reserved 1073152K
  class space    used 2777K, committed 2880K, reserved 1048576K
}
Event: 3.762 GC heap before
{Heap before GC invocations=6 (full 0):
 garbage-first heap   total 75776K, used 47241K [0x0000000701600000, 0x0000000800000000)
  region size 2048K, 13 young (26624K), 1 survivors (2048K)
 Metaspace       used 25458K, committed 25664K, reserved 1073152K
  class space    used 2903K, committed 3008K, reserved 1048576K
}
Event: 3.770 GC heap after
{Heap after GC invocations=7 (full 0):
 garbage-first heap   total 75776K, used 25748K [0x0000000701600000, 0x0000000800000000)
  region size 2048K, 2 young (4096K), 2 survivors (4096K)
 Metaspace       used 25458K, committed 25664K, reserved 1073152K
  class space    used 2903K, committed 3008K, reserved 1048576K
}
Event: 4.006 GC heap before
{Heap before GC invocations=7 (full 0):
 garbage-first heap   total 75776K, used 50324K [0x0000000701600000, 0x0000000800000000)
  region size 2048K, 14 young (28672K), 2 survivors (4096K)
 Metaspace       used 26360K, committed 26624K, reserved 1073152K
  class space    used 3033K, committed 3136K, reserved 1048576K
}
Event: 4.010 GC heap after
{Heap after GC invocations=8 (full 0):
 garbage-first heap   total 141312K, used 27287K [0x0000000701600000, 0x0000000800000000)
  region size 2048K, 2 young (4096K), 2 survivors (4096K)
 Metaspace       used 26360K, committed 26624K, reserved 1073152K
  class space    used 3033K, committed 3136K, reserved 1048576K
}

Deoptimization events (20 events):
Event: 3.965 Thread 0x0000020b70b24af0 Uncommon trap: trap_request=0xffffff45 fr.pc=0x0000020b07cf1bd8 relative=0x0000000000000238
Event: 3.965 Thread 0x0000020b70b24af0 Uncommon trap: reason=unstable_if action=reinterpret pc=0x0000020b07cf1bd8 method=java.lang.StringLatin1.lastIndexOf([BI[BII)I @ 86 c2
Event: 3.965 Thread 0x0000020b70b24af0 DEOPT PACKING pc=0x0000020b07cf1bd8 sp=0x00000019faefd390
Event: 3.965 Thread 0x0000020b70b24af0 DEOPT UNPACKING pc=0x0000020b000523a3 sp=0x00000019faefd1f0 mode 2
Event: 3.974 Thread 0x0000020b70b24af0 Uncommon trap: trap_request=0xffffff45 fr.pc=0x0000020b07c6e318 relative=0x00000000000000f8
Event: 3.974 Thread 0x0000020b70b24af0 Uncommon trap: reason=unstable_if action=reinterpret pc=0x0000020b07c6e318 method=java.lang.StringLatin1.lastIndexOf([BI[BII)I @ 86 c2
Event: 3.974 Thread 0x0000020b70b24af0 DEOPT PACKING pc=0x0000020b07c6e318 sp=0x00000019faefd2a0
Event: 3.974 Thread 0x0000020b70b24af0 DEOPT UNPACKING pc=0x0000020b000523a3 sp=0x00000019faefd1f8 mode 2
Event: 4.025 Thread 0x0000020b70b24af0 Uncommon trap: trap_request=0xffffff45 fr.pc=0x0000020b07c22198 relative=0x00000000000000f8
Event: 4.025 Thread 0x0000020b70b24af0 Uncommon trap: reason=unstable_if action=reinterpret pc=0x0000020b07c22198 method=java.lang.ThreadLocal$ThreadLocalMap.getEntry(Ljava/lang/ThreadLocal;)Ljava/lang/ThreadLocal$ThreadLocalMap$Entry; @ 29 c2
Event: 4.025 Thread 0x0000020b70b24af0 DEOPT PACKING pc=0x0000020b07c22198 sp=0x00000019faefd940
Event: 4.025 Thread 0x0000020b70b24af0 DEOPT UNPACKING pc=0x0000020b000523a3 sp=0x00000019faefd850 mode 2
Event: 4.025 Thread 0x0000020b70b24af0 Uncommon trap: trap_request=0xffffff45 fr.pc=0x0000020b07c49600 relative=0x00000000000010c0
Event: 4.025 Thread 0x0000020b70b24af0 Uncommon trap: reason=unstable_if action=reinterpret pc=0x0000020b07c49600 method=java.lang.ThreadLocal$ThreadLocalMap.getEntry(Ljava/lang/ThreadLocal;)Ljava/lang/ThreadLocal$ThreadLocalMap$Entry; @ 29 c2
Event: 4.025 Thread 0x0000020b70b24af0 DEOPT PACKING pc=0x0000020b07c49600 sp=0x00000019faefc9c0
Event: 4.025 Thread 0x0000020b70b24af0 DEOPT UNPACKING pc=0x0000020b000523a3 sp=0x00000019faefc850 mode 2
Event: 4.028 Thread 0x0000020b70b24af0 Uncommon trap: trap_request=0xffffff45 fr.pc=0x0000020b07ce62e4 relative=0x0000000000000564
Event: 4.028 Thread 0x0000020b70b24af0 Uncommon trap: reason=unstable_if action=reinterpret pc=0x0000020b07ce62e4 method=java.util.regex.Pattern.atom()Ljava/util/regex/Pattern$Node; @ 14 c2
Event: 4.028 Thread 0x0000020b70b24af0 DEOPT PACKING pc=0x0000020b07ce62e4 sp=0x00000019faefb450
Event: 4.028 Thread 0x0000020b70b24af0 DEOPT UNPACKING pc=0x0000020b000523a3 sp=0x00000019faefb3d8 mode 2

Classes unloaded (0 events):
No events

Classes redefined (0 events):
No events

Internal exceptions (20 events):
Event: 3.435 Thread 0x0000020b70b24af0 Exception <a 'java/lang/NoSuchMethodError'{0x000000070ba85e38}: 'java.lang.Object java.lang.invoke.DirectMethodHandle$Holder.newInvokeSpecial(java.lang.Object, java.lang.Object, int, java.lang.Object)'> (0x000000070ba85e38) 
thrown [s\open\src\hotspot\share\interpreter\linkResolver.cpp, line 759]
Event: 3.435 Thread 0x0000020b70b24af0 Exception <a 'java/lang/NoSuchMethodError'{0x000000070ba8a1e8}: 'java.lang.Object java.lang.invoke.DirectMethodHandle$Holder.invokeSpecial(java.lang.Object, java.lang.Object, java.lang.Object, int, java.lang.Object)'> (0x000000070ba8a1e8) 
thrown [s\open\src\hotspot\share\interpreter\linkResolver.cpp, line 759]
Event: 3.484 Thread 0x0000020b70b24af0 Exception <a 'sun/nio/fs/WindowsException'{0x000000070bbd3ec8}> (0x000000070bbd3ec8) 
thrown [s\open\src\hotspot\share\prims\jni.cpp, line 516]
Event: 3.506 Thread 0x0000020b70b24af0 Exception <a 'sun/nio/fs/WindowsException'{0x000000070b8788f8}> (0x000000070b8788f8) 
thrown [s\open\src\hotspot\share\prims\jni.cpp, line 516]
Event: 3.513 Thread 0x0000020b70b24af0 Exception <a 'sun/nio/fs/WindowsException'{0x000000070b8b67c8}> (0x000000070b8b67c8) 
thrown [s\open\src\hotspot\share\prims\jni.cpp, line 516]
Event: 3.530 Thread 0x0000020b70b24af0 Exception <a 'sun/nio/fs/WindowsException'{0x000000070b948420}> (0x000000070b948420) 
thrown [s\open\src\hotspot\share\prims\jni.cpp, line 516]
Event: 3.540 Thread 0x0000020b70b24af0 Exception <a 'sun/nio/fs/WindowsException'{0x000000070b97fd90}> (0x000000070b97fd90) 
thrown [s\open\src\hotspot\share\prims\jni.cpp, line 516]
Event: 3.540 Thread 0x0000020b70b24af0 Exception <a 'sun/nio/fs/WindowsException'{0x000000070b9804c8}> (0x000000070b9804c8) 
thrown [s\open\src\hotspot\share\prims\jni.cpp, line 516]
Event: 3.543 Thread 0x0000020b70b24af0 Exception <a 'sun/nio/fs/WindowsException'{0x000000070b98a640}> (0x000000070b98a640) 
thrown [s\open\src\hotspot\share\prims\jni.cpp, line 516]
Event: 3.547 Thread 0x0000020b70b24af0 Exception <a 'sun/nio/fs/WindowsException'{0x000000070b99d0d0}> (0x000000070b99d0d0) 
thrown [s\open\src\hotspot\share\prims\jni.cpp, line 516]
Event: 3.587 Thread 0x0000020b70b24af0 Exception <a 'sun/nio/fs/WindowsException'{0x000000070b6d6ee8}> (0x000000070b6d6ee8) 
thrown [s\open\src\hotspot\share\prims\jni.cpp, line 516]
Event: 4.036 Thread 0x0000020b70b24af0 Exception <a 'sun/nio/fs/WindowsException'{0x00000007115ade20}> (0x00000007115ade20) 
thrown [s\open\src\hotspot\share\prims\jni.cpp, line 516]
Event: 4.036 Thread 0x0000020b70b24af0 Exception <a 'sun/nio/fs/WindowsException'{0x00000007115ae070}> (0x00000007115ae070) 
thrown [s\open\src\hotspot\share\prims\jni.cpp, line 516]
Event: 4.037 Thread 0x0000020b70b24af0 Exception <a 'sun/nio/fs/WindowsException'{0x00000007115aeb18}> (0x00000007115aeb18) 
thrown [s\open\src\hotspot\share\prims\jni.cpp, line 516]
Event: 4.037 Thread 0x0000020b70b24af0 Exception <a 'sun/nio/fs/WindowsException'{0x00000007115aed20}> (0x00000007115aed20) 
thrown [s\open\src\hotspot\share\prims\jni.cpp, line 516]
Event: 4.082 Thread 0x0000020b70b24af0 Exception <a 'java/lang/NoSuchMethodError'{0x000000070ba85698}: 'void java.lang.invoke.DirectMethodHandle$Holder.invokeStatic(java.lang.Object, long)'> (0x000000070ba85698) 
thrown [s\open\src\hotspot\share\interpreter\linkResolver.cpp, line 759]
Event: 4.083 Thread 0x0000020b70b24af0 Exception <a 'java/lang/NoSuchMethodError'{0x000000070ba8ace8}: 'java.lang.Object java.lang.invoke.DirectMethodHandle$Holder.newInvokeSpecial(java.lang.Object, long)'> (0x000000070ba8ace8) 
thrown [s\open\src\hotspot\share\interpreter\linkResolver.cpp, line 759]
Event: 4.086 Thread 0x0000020b70b24af0 Exception <a 'java/lang/NoSuchMethodError'{0x000000070ba95620}: 'java.lang.Object java.lang.invoke.DirectMethodHandle$Holder.invokeStaticInit(java.lang.Object, java.lang.Object, long, java.lang.Object)'> (0x000000070ba95620) 
thrown [s\open\src\hotspot\share\interpreter\linkResolver.cpp, line 759]
Event: 4.086 Thread 0x0000020b70b24af0 Exception <a 'java/lang/NoSuchMethodError'{0x000000070ba9bc68}: 'java.lang.Object java.lang.invoke.DirectMethodHandle$Holder.newInvokeSpecial(java.lang.Object, java.lang.Object, long)'> (0x000000070ba9bc68) 
thrown [s\open\src\hotspot\share\interpreter\linkResolver.cpp, line 759]
Event: 4.086 Thread 0x0000020b70b24af0 Exception <a 'java/lang/NoSuchMethodError'{0x000000070ba9f7d8}: 'java.lang.Object java.lang.invoke.Invokers$Holder.linkToTargetMethod(java.lang.Object, long, java.lang.Object)'> (0x000000070ba9f7d8) 
thrown [s\open\src\hotspot\share\interpreter\linkResolver.cpp, line 759]

VM Operations (20 events):
Event: 3.401 Executing VM operation: ICBufferFull
Event: 3.401 Executing VM operation: ICBufferFull done
Event: 3.443 Executing VM operation: HandshakeAllThreads
Event: 3.443 Executing VM operation: HandshakeAllThreads done
Event: 3.505 Executing VM operation: ICBufferFull
Event: 3.505 Executing VM operation: ICBufferFull done
Event: 3.557 Executing VM operation: HandshakeAllThreads
Event: 3.557 Executing VM operation: HandshakeAllThreads done
Event: 3.606 Executing VM operation: ICBufferFull
Event: 3.606 Executing VM operation: ICBufferFull done
Event: 3.762 Executing VM operation: G1CollectForAllocation
Event: 3.770 Executing VM operation: G1CollectForAllocation done
Event: 3.972 Executing VM operation: HandshakeAllThreads
Event: 3.972 Executing VM operation: HandshakeAllThreads done
Event: 3.976 Executing VM operation: HandshakeAllThreads
Event: 3.976 Executing VM operation: HandshakeAllThreads done
Event: 4.006 Executing VM operation: G1CollectForAllocation
Event: 4.010 Executing VM operation: G1CollectForAllocation done
Event: 4.090 Executing VM operation: HandshakeAllThreads
Event: 4.090 Executing VM operation: HandshakeAllThreads done

Events (20 events):
Event: 4.088 loading class java/util/concurrent/SynchronousQueue$Transferer
Event: 4.088 loading class java/util/concurrent/SynchronousQueue$Transferer done
Event: 4.088 loading class java/util/concurrent/SynchronousQueue$TransferStack done
Event: 4.088 loading class java/util/concurrent/SynchronousQueue$TransferStack$SNode
Event: 4.089 loading class java/util/concurrent/ForkJoinPool$ManagedBlocker
Event: 4.089 loading class java/util/concurrent/ForkJoinPool$ManagedBlocker done
Event: 4.089 loading class java/util/concurrent/SynchronousQueue$TransferStack$SNode done
Event: 4.089 loading class java/lang/ProcessImpl$2
Event: 4.089 loading class java/lang/ProcessImpl$2 done
Event: 4.089 loading class java/lang/Process$PipeInputStream
Event: 4.089 loading class java/lang/Process$PipeInputStream done
Event: 4.092 loading class jdk/internal/event/ProcessStartEvent
Event: 4.092 loading class jdk/internal/event/Event
Event: 4.092 loading class jdk/internal/event/Event done
Event: 4.092 loading class jdk/internal/event/ProcessStartEvent done
Event: 4.093 loading class java/io/PipedOutputStream
Event: 4.093 loading class java/io/PipedOutputStream done
Event: 4.094 Thread 0x0000020b1923dcd0 Thread added: 0x0000020b1923dcd0
Event: 4.094 Thread 0x0000020b19db56b0 Thread added: 0x0000020b19db56b0
Event: 4.094 Thread 0x0000020b15bb5eb0 Thread added: 0x0000020b15bb5eb0


Dynamic libraries:
0x00007ff727a20000 - 0x00007ff727a30000 	E:\Program Files\Java\jdk-17.0.5\bin\java.exe
0x00007ffc0c470000 - 0x00007ffc0c668000 	C:\Windows\SYSTEM32\ntdll.dll
0x00007ffc0b9f0000 - 0x00007ffc0baaf000 	C:\Windows\System32\KERNEL32.DLL
0x00007ffc09c60000 - 0x00007ffc09f32000 	C:\Windows\System32\KERNELBASE.dll
0x00007ffc09b60000 - 0x00007ffc09c60000 	C:\Windows\System32\ucrtbase.dll
0x00007ffc05250000 - 0x00007ffc05268000 	E:\Program Files\Java\jdk-17.0.5\bin\jli.dll
0x00007ffc052a0000 - 0x00007ffc052ba000 	E:\Program Files\Java\jdk-17.0.5\bin\VCRUNTIME140.dll
0x00007ffc0bba0000 - 0x00007ffc0bc4e000 	C:\Windows\System32\ADVAPI32.dll
0x00007ffc0a9a0000 - 0x00007ffc0aa3e000 	C:\Windows\System32\msvcrt.dll
0x00007ffc0a900000 - 0x00007ffc0a99c000 	C:\Windows\System32\sechost.dll
0x00007ffc0be80000 - 0x00007ffc0bfa5000 	C:\Windows\System32\RPCRT4.dll
0x00007ffc0bcd0000 - 0x00007ffc0be71000 	C:\Windows\System32\USER32.dll
0x00007ffc08f60000 - 0x00007ffc091fa000 	C:\Windows\WinSxS\amd64_microsoft.windows.common-controls_6595b64144ccf1df_6.0.19041.1110_none_60b5254171f9507e\COMCTL32.dll
0x00007ffc0a000000 - 0x00007ffc0a022000 	C:\Windows\System32\win32u.dll
0x00007ffc0bab0000 - 0x00007ffc0badb000 	C:\Windows\System32\GDI32.dll
0x00007ffc0a030000 - 0x00007ffc0a13f000 	C:\Windows\System32\gdi32full.dll
0x00007ffc0a410000 - 0x00007ffc0a4ad000 	C:\Windows\System32\msvcp_win.dll
0x00007ffc067a0000 - 0x00007ffc067aa000 	C:\Windows\SYSTEM32\VERSION.dll
0x00007ffc0bfb0000 - 0x00007ffc0bfe2000 	C:\Windows\System32\IMM32.DLL
0x00007ffc05290000 - 0x00007ffc0529c000 	E:\Program Files\Java\jdk-17.0.5\bin\vcruntime140_1.dll
0x00007ffbfc810000 - 0x00007ffbfc89d000 	E:\Program Files\Java\jdk-17.0.5\bin\msvcp140.dll
0x00007ffbd51a0000 - 0x00007ffbd5d62000 	E:\Program Files\Java\jdk-17.0.5\bin\server\jvm.dll
0x00007ffc0c3c0000 - 0x00007ffc0c3c8000 	C:\Windows\System32\PSAPI.DLL
0x00007ffbf1050000 - 0x00007ffbf1059000 	C:\Windows\SYSTEM32\WSOCK32.dll
0x00007ffbfebe0000 - 0x00007ffbfec07000 	C:\Windows\SYSTEM32\WINMM.dll
0x00007ffc0b980000 - 0x00007ffc0b9eb000 	C:\Windows\System32\WS2_32.dll
0x00007ffc07590000 - 0x00007ffc075a2000 	C:\Windows\SYSTEM32\kernel.appcore.dll
0x00007ffc05240000 - 0x00007ffc0524a000 	E:\Program Files\Java\jdk-17.0.5\bin\jimage.dll
0x00007ffc09590000 - 0x00007ffc09774000 	C:\Windows\SYSTEM32\DBGHELP.DLL
0x00007ffc09330000 - 0x00007ffc09365000 	C:\Windows\SYSTEM32\dbgcore.DLL
0x00007ffc0a170000 - 0x00007ffc0a1f2000 	C:\Windows\System32\bcryptPrimitives.dll
0x00007ffc04120000 - 0x00007ffc04145000 	E:\Program Files\Java\jdk-17.0.5\bin\java.dll
0x00007ffbecc40000 - 0x00007ffbecd16000 	E:\Program Files\Java\jdk-17.0.5\bin\jsvml.dll
0x00007ffc0aaa0000 - 0x00007ffc0b1e4000 	C:\Windows\System32\SHELL32.dll
0x00007ffc075b0000 - 0x00007ffc07d42000 	C:\Windows\SYSTEM32\windows.storage.dll
0x00007ffc0a4b0000 - 0x00007ffc0a805000 	C:\Windows\System32\combase.dll
0x00007ffc08ec0000 - 0x00007ffc08ef0000 	C:\Windows\SYSTEM32\Wldp.dll
0x00007ffc0bff0000 - 0x00007ffc0c09d000 	C:\Windows\System32\SHCORE.dll
0x00007ffc0a810000 - 0x00007ffc0a865000 	C:\Windows\System32\shlwapi.dll
0x00007ffc09aa0000 - 0x00007ffc09abf000 	C:\Windows\SYSTEM32\profapi.dll
0x00007ffc021d0000 - 0x00007ffc021e9000 	E:\Program Files\Java\jdk-17.0.5\bin\net.dll
0x00007ffc00030000 - 0x00007ffc0013c000 	C:\Windows\SYSTEM32\WINHTTP.dll
0x00007ffc08d90000 - 0x00007ffc08dfa000 	C:\Windows\system32\mswsock.dll
0x00007ffc02120000 - 0x00007ffc02136000 	E:\Program Files\Java\jdk-17.0.5\bin\nio.dll
0x00007ffc029a0000 - 0x00007ffc029b8000 	E:\Program Files\Java\jdk-17.0.5\bin\zip.dll
0x0000000069ac0000 - 0x0000000069ae4000 	E:\apache-maven-3.8.6-bin\apache-maven-3.8.6\lib\jansi-native\Windows\x86_64\jansi.dll
0x00007ffc05230000 - 0x00007ffc05240000 	E:\Program Files\Java\jdk-17.0.5\bin\verify.dll

dbghelp: loaded successfully - version: 4.0.5 - missing functions: none
symbol engine: initialized successfully - sym options: 0x614 - pdb path: .;E:\Program Files\Java\jdk-17.0.5\bin;C:\Windows\SYSTEM32;C:\Windows\WinSxS\amd64_microsoft.windows.common-controls_6595b64144ccf1df_6.0.19041.1110_none_60b5254171f9507e;E:\Program Files\Java\jdk-17.0.5\bin\server;E:\apache-maven-3.8.6-bin\apache-maven-3.8.6\lib\jansi-native\Windows\x86_64

VM Arguments:
jvm_args: -Dclassworlds.conf=E:\apache-maven-3.8.6-bin\apache-maven-3.8.6\bin\m2.conf -Dmaven.home=E:\apache-maven-3.8.6-bin\apache-maven-3.8.6 -Dlibrary.jansi.path=E:\apache-maven-3.8.6-bin\apache-maven-3.8.6\lib\jansi-native -Dmaven.multiModuleProjectDirectory=D:\ITI\ITI-ChatApp-Link\client 
java_command: org.codehaus.plexus.classworlds.launcher.Launcher clean compile javafx:run
java_class_path (initial): E:\apache-maven-3.8.6-bin\apache-maven-3.8.6\boot\plexus-classworlds-2.6.0.jar
Launcher Type: SUN_STANDARD

[Global flags]
     intx CICompilerCount                          = 4                                         {product} {ergonomic}
     uint ConcGCThreads                            = 2                                         {product} {ergonomic}
     uint G1ConcRefinementThreads                  = 8                                         {product} {ergonomic}
   size_t G1HeapRegionSize                         = 2097152                                   {product} {ergonomic}
    uintx GCDrainStackTargetSize                   = 64                                        {product} {ergonomic}
   size_t InitialHeapSize                          = 268435456                                 {product} {ergonomic}
   size_t MarkStackSize                            = 4194304                                   {product} {ergonomic}
   size_t MaxHeapSize                              = 4271898624                                {product} {ergonomic}
   size_t MaxNewSize                               = 2562719744                                {product} {ergonomic}
   size_t MinHeapDeltaBytes                        = 2097152                                   {product} {ergonomic}
   size_t MinHeapSize                              = 8388608                                   {product} {ergonomic}
    uintx NonNMethodCodeHeapSize                   = 5839372                                {pd product} {ergonomic}
    uintx NonProfiledCodeHeapSize                  = 122909434                              {pd product} {ergonomic}
    uintx ProfiledCodeHeapSize                     = 122909434                              {pd product} {ergonomic}
    uintx ReservedCodeCacheSize                    = 251658240                              {pd product} {ergonomic}
     bool SegmentedCodeCache                       = true                                      {product} {ergonomic}
   size_t SoftMaxHeapSize                          = 4271898624                             {manageable} {ergonomic}
     bool UseCompressedClassPointers               = true                           {product lp64_product} {ergonomic}
     bool UseCompressedOops                        = true                           {product lp64_product} {ergonomic}
     bool UseG1GC                                  = true                                      {product} {ergonomic}
     bool UseLargePagesIndividualAllocation        = false                                  {pd product} {ergonomic}

Logging:
Log output configuration:
 #0: stdout all=warning uptime,level,tags
 #1: stderr all=off uptime,level,tags

Environment Variables:
JAVA_HOME=E:\Program Files\Java\jdk-17.0.5
PATH=C:\ProgramData\Oracle\Java\javapath;C:\Program Files\Common Files\Oracle\Java\javapath;C:\oraclexe\app\oracle\product\11.2.0\server\bin;E:\Program Files (x86)\VMware\VMware Workstation\bin\;C:\Program Files\Microsoft MPI\Bin\;C:\Program Files (x86)\Intel\iCLS Client\;C:\Program Files\Intel\iCLS Client\;E:\ProgramData\Anaconda;E:\ProgramData\Anaconda\Library\mingw-w64\bin;E:\ProgramData\Anaconda\Library\usr\bin;E:\ProgramData\Anaconda\Library\bin;E:\ProgramData\Anaconda\Scripts;C:\Windows\system32;C:\Windows;C:\Windows\System32\Wbem;C:\Windows\System32\WindowsPowerShell\v1.0\;C:\Windows\System32\OpenSSH\;C:\Program Files\dotnet\;C:\Program Files\Microsoft SQL Server\130\Tools\Binn\;C:\Program Files\Microsoft SQL Server\Client SDK\ODBC\170\Tools\Binn\;E:\dart-sdk\bin;E:\flutter\bin;C:\Program Files (x86)\Intel\Intel(R) Management Engine Components\DAL;C:\Program Files\Intel\Intel(R) Management Engine Components\DAL;C:\Program Files (x86)\Intel\Intel(R) Management Engine Components\IPT;C:\Program Files\Intel\Intel(R) Management Engine Components\IPT;E:\Program Files\Java\jdk-17.0.5\bin;E:\Program Files\Java\jdk-13;C:\Program Files\Graphviz\bin;C:\Program Files (x86)\Microsoft SQL Server\150\DTS\Binn\;C:\Program Files\Azure Data Studio\bin;E:\apache-maven-3.8.6-bin\apache-maven-3.8.6\bin;C:\Program Files\Git\cmd;C:\Program Files\MySQL\MySQL Shell 8.0\bin\;C:\Users\Rahomy\AppData\Local\Microsoft\WindowsApps;E:\dart-sdk\bin;E:\flutter\bin;E:\Program Files\JetBrains\IntelliJ IDEA Community Edition 2022.3.1\bin;;C:\Users\Rahomy\.dotnet\tools;E:\Users\Rahomy\AppData\Local\Programs\Microsoft VS Code\bin;E:\php-8.1.7-nts-Win32-vs16-x64;C:\Program Files\Azure Data Studio\bin;E:\apache-maven-3.8.6-bin;E:\Program Files\JetBrains\IntelliJ IDEA 2022.1.4\bin;;E:\Program Files\Java\jdk-17.0.5\bin;E:\Program Files\Java\jdk-13\bin;C:\Users\Rahomy\AppData\Local\GitHubDesktop\bin
USERNAME=Rahomy
LANG=en_US.UTF-8
OS=Windows_NT
PROCESSOR_IDENTIFIER=Intel64 Family 6 Model 60 Stepping 3, GenuineIntel



---------------  S Y S T E M  ---------------

OS:
 Windows 10 , 64 bit Build 19041 (10.0.19041.2364)
OS uptime: 3 days 3:27 hours

CPU: total 8 (initial active 8) (4 cores per cpu, 2 threads per core) family 6 model 60 stepping 3 microcode 0x27, cx8, cmov, fxsr, ht, mmx, sse, sse2, sse3, ssse3, sse4.1, sse4.2, popcnt, lzcnt, tsc, tscinvbit, avx, avx2, aes, erms, clmul, bmi1, bmi2, fma, vzeroupper, clflush

Memory: 4k page, system-wide physical 16289M (3407M free)
TotalPageFile size 31473M (AvailPageFile size 335M)
current process WorkingSet (physical memory assigned to process): 234M, peak: 238M
current process commit charge ("private bytes"): 335M, peak: 403M

vm_info: Java HotSpot(TM) 64-Bit Server VM (17.0.5+9-LTS-191) for windows-amd64 JRE (17.0.5+9-LTS-191), built on Sep 13 2022 17:31:43 by "mach5one" with MS VC++ 16.8 / 16.9 (VS2019)

END.
