#
# There is insufficient memory for the Java Runtime Environment to continue.
# Native memory allocation (mmap) failed to map 268435456 bytes for G1 virtual space
# Possible reasons:
#   The system is out of physical RAM or swap space
#   The process is running with CompressedOops enabled, and the Java Heap may be blocking the growth of the native heap
# Possible solutions:
#   Reduce memory load on the system
#   Increase physical memory or swap space
#   Check if swap backing store is full
#   Decrease Java heap size (-Xmx/-Xms)
#   Decrease number of Java threads
#   Decrease Java thread stack sizes (-Xss)
#   Set larger code cache with -XX:ReservedCodeCacheSize=
#   JVM is running with Zero Based Compressed Oops mode in which the Java heap is
#     placed in the first 32GB address space. The Java Heap base address is the
#     maximum limit for the native heap growth. Please use -XX:HeapBaseMinAddress
#     to set the Java Heap base and to place the Java Heap above 32GB virtual address.
# This output file may be truncated or incomplete.
#
#  Out of Memory Error (os_windows.cpp:3541), pid=22224, tid=19924
#
# JRE version:  (17.0.5+9) (build )
# Java VM: Java HotSpot(TM) 64-Bit Server VM (17.0.5+9-LTS-191, mixed mode, sharing, tiered, compressed oops, compressed class ptrs, g1 gc, windows-amd64)
# No core dump will be written. Minidumps are not enabled by default on client versions of Windows
#

---------------  S U M M A R Y ------------

Command Line: --module-path=D:\ITI\ITI-ChatApp-Link\client\target\classes;C:\Users\Rahomy\.m2\repository\com\mysql\mysql-connector-j\8.0.32\mysql-connector-j-8.0.32.jar;C:\Users\Rahomy\.m2\repository\org\openjfx\javafx-base\19\javafx-base-19-win.jar;C:\Users\Rahomy\.m2\repository\org\openjfx\javafx-controls\19\javafx-controls-19-win.jar;C:\Users\Rahomy\.m2\repository\org\openjfx\javafx-fxml\19\javafx-fxml-19-win.jar;C:\Users\Rahomy\.m2\repository\org\openjfx\javafx-graphics\19\javafx-graphics-19-win.jar --add-modules=gov.iti.link -Djdk.module.main=gov.iti.link gov.iti.link/gov.iti.link.App

Host: Intel(R) Core(TM) i7-4810MQ CPU @ 2.80GHz, 8 cores, 15G,  Windows 10 , 64 bit Build 19041 (10.0.19041.2364)
Time: Sat Feb  4 17:56:00 2023 Egypt Standard Time elapsed time: 0.009046 seconds (0d 0h 0m 0s)

---------------  T H R E A D  ---------------

Current thread (0x000001e487ab3090):  JavaThread "Unknown thread" [_thread_in_vm, id=19924, stack(0x000000d525500000,0x000000d525600000)]

Stack: [0x000000d525500000,0x000000d525600000]
Native frames: (J=compiled Java code, j=interpreted, Vv=VM code, C=native code)
V  [jvm.dll+0x672eea]
V  [jvm.dll+0x7d2a04]
V  [jvm.dll+0x7d41ae]
V  [jvm.dll+0x7d4813]
V  [jvm.dll+0x242c15]
V  [jvm.dll+0x66fe09]
V  [jvm.dll+0x664682]
V  [jvm.dll+0x300e8b]
V  [jvm.dll+0x308426]
V  [jvm.dll+0x357ffe]
V  [jvm.dll+0x35822f]
V  [jvm.dll+0x2d80a8]
V  [jvm.dll+0x2d9014]
V  [jvm.dll+0x7a44e1]
V  [jvm.dll+0x365df1]
V  [jvm.dll+0x7838fc]
V  [jvm.dll+0x3e873f]
V  [jvm.dll+0x3ea1e1]
C  [jli.dll+0x527b]
C  [ucrtbase.dll+0x21bb2]
C  [KERNEL32.DLL+0x17614]
C  [ntdll.dll+0x526a1]


---------------  P R O C E S S  ---------------

Threads class SMR info:
_java_thread_list=0x00007ffbd5c3a8d8, length=0, elements={
}

Java Threads: ( => current thread )

Other Threads:
  0x000001e487b1f740 GCTaskThread "GC Thread#0" [stack: 0x000000d525600000,0x000000d525700000] [id=23944]
  0x000001e487b30510 ConcurrentGCThread "G1 Main Marker" [stack: 0x000000d525700000,0x000000d525800000] [id=27324]
  0x000001e487b326d0 ConcurrentGCThread "G1 Conc#0" [stack: 0x000000d525800000,0x000000d525900000] [id=22268]

[error occurred during error reporting (printing all threads), id 0xc0000005, EXCEPTION_ACCESS_VIOLATION (0xc0000005) at pc=0x00007ffbd5488a97]

VM state: not at safepoint (not fully initialized)

VM Mutex/Monitor currently owned by a thread:  ([mutex/lock_event])
[0x000001e487aaf480] Heap_lock - owner thread: 0x000001e487ab3090

Heap address: 0x0000000701600000, size: 4074 MB, Compressed Oops mode: Zero based, Oop shift amount: 3

CDS archive(s) mapped at: [0x0000000000000000-0x0000000000000000-0x0000000000000000), size 0, SharedBaseAddress: 0x0000000800000000, ArchiveRelocationMode: 0.
Narrow klass base: 0x0000000000000000, Narrow klass shift: 0, Narrow klass range: 0x0

GC Precious Log:
<Empty>

Heap:
 garbage-first heap   total 0K, used 0K [0x0000000701600000, 0x0000000800000000)
  region size 2048K, 0 young (0K), 0 survivors (0K)

[error occurred during error reporting (printing heap information), id 0xc0000005, EXCEPTION_ACCESS_VIOLATION (0xc0000005) at pc=0x00007ffbd586c399]

GC Heap History (0 events):
No events

Deoptimization events (0 events):
No events

Classes unloaded (0 events):
No events

Classes redefined (0 events):
No events

Internal exceptions (0 events):
No events

VM Operations (0 events):
No events

Events (1 events):
Event: 0.005 Loaded shared library E:\Program Files\Java\jdk-17.0.5\bin\java.dll


Dynamic libraries:
0x00007ff727a20000 - 0x00007ff727a30000 	E:\Program Files\Java\jdk-17.0.5\bin\java.exe
0x00007ffc0c470000 - 0x00007ffc0c668000 	C:\Windows\SYSTEM32\ntdll.dll
0x00007ffc0b9f0000 - 0x00007ffc0baaf000 	C:\Windows\System32\KERNEL32.DLL
0x00007ffc09c60000 - 0x00007ffc09f32000 	C:\Windows\System32\KERNELBASE.dll
0x00007ffc09b60000 - 0x00007ffc09c60000 	C:\Windows\System32\ucrtbase.dll
0x00007ffc05250000 - 0x00007ffc05268000 	E:\Program Files\Java\jdk-17.0.5\bin\jli.dll
0x00007ffc052a0000 - 0x00007ffc052ba000 	E:\Program Files\Java\jdk-17.0.5\bin\VCRUNTIME140.dll
0x00007ffc0bba0000 - 0x00007ffc0bc4e000 	C:\Windows\System32\ADVAPI32.dll
0x00007ffc0a9a0000 - 0x00007ffc0aa3e000 	C:\Windows\System32\msvcrt.dll
0x00007ffc0a900000 - 0x00007ffc0a99c000 	C:\Windows\System32\sechost.dll
0x00007ffc0be80000 - 0x00007ffc0bfa5000 	C:\Windows\System32\RPCRT4.dll
0x00007ffc0bcd0000 - 0x00007ffc0be71000 	C:\Windows\System32\USER32.dll
0x00007ffc08f60000 - 0x00007ffc091fa000 	C:\Windows\WinSxS\amd64_microsoft.windows.common-controls_6595b64144ccf1df_6.0.19041.1110_none_60b5254171f9507e\COMCTL32.dll
0x00007ffc0a000000 - 0x00007ffc0a022000 	C:\Windows\System32\win32u.dll
0x00007ffc0bab0000 - 0x00007ffc0badb000 	C:\Windows\System32\GDI32.dll
0x00007ffc0a030000 - 0x00007ffc0a13f000 	C:\Windows\System32\gdi32full.dll
0x00007ffc0a410000 - 0x00007ffc0a4ad000 	C:\Windows\System32\msvcp_win.dll
0x00007ffc067a0000 - 0x00007ffc067aa000 	C:\Windows\SYSTEM32\VERSION.dll
0x00007ffc0bfb0000 - 0x00007ffc0bfe2000 	C:\Windows\System32\IMM32.DLL
0x00007ffc05290000 - 0x00007ffc0529c000 	E:\Program Files\Java\jdk-17.0.5\bin\vcruntime140_1.dll
0x00007ffbfc810000 - 0x00007ffbfc89d000 	E:\Program Files\Java\jdk-17.0.5\bin\msvcp140.dll
0x00007ffbd51a0000 - 0x00007ffbd5d62000 	E:\Program Files\Java\jdk-17.0.5\bin\server\jvm.dll
0x00007ffc0c3c0000 - 0x00007ffc0c3c8000 	C:\Windows\System32\PSAPI.DLL
0x00007ffbf1050000 - 0x00007ffbf1059000 	C:\Windows\SYSTEM32\WSOCK32.dll
0x00007ffbfebe0000 - 0x00007ffbfec07000 	C:\Windows\SYSTEM32\WINMM.dll
0x00007ffc0b980000 - 0x00007ffc0b9eb000 	C:\Windows\System32\WS2_32.dll
0x00007ffc07590000 - 0x00007ffc075a2000 	C:\Windows\SYSTEM32\kernel.appcore.dll
0x00007ffc05240000 - 0x00007ffc0524a000 	E:\Program Files\Java\jdk-17.0.5\bin\jimage.dll
0x00007ffc09590000 - 0x00007ffc09774000 	C:\Windows\SYSTEM32\DBGHELP.DLL
0x00007ffc09330000 - 0x00007ffc09365000 	C:\Windows\SYSTEM32\dbgcore.DLL
0x00007ffc0a170000 - 0x00007ffc0a1f2000 	C:\Windows\System32\bcryptPrimitives.dll
0x00007ffc04120000 - 0x00007ffc04145000 	E:\Program Files\Java\jdk-17.0.5\bin\java.dll

dbghelp: loaded successfully - version: 4.0.5 - missing functions: none
symbol engine: initialized successfully - sym options: 0x614 - pdb path: .;E:\Program Files\Java\jdk-17.0.5\bin;C:\Windows\SYSTEM32;C:\Windows\WinSxS\amd64_microsoft.windows.common-controls_6595b64144ccf1df_6.0.19041.1110_none_60b5254171f9507e;E:\Program Files\Java\jdk-17.0.5\bin\server

VM Arguments:
jvm_args: --module-path=D:\ITI\ITI-ChatApp-Link\client\target\classes;C:\Users\Rahomy\.m2\repository\com\mysql\mysql-connector-j\8.0.32\mysql-connector-j-8.0.32.jar;C:\Users\Rahomy\.m2\repository\org\openjfx\javafx-base\19\javafx-base-19-win.jar;C:\Users\Rahomy\.m2\repository\org\openjfx\javafx-controls\19\javafx-controls-19-win.jar;C:\Users\Rahomy\.m2\repository\org\openjfx\javafx-fxml\19\javafx-fxml-19-win.jar;C:\Users\Rahomy\.m2\repository\org\openjfx\javafx-graphics\19\javafx-graphics-19-win.jar --add-modules=gov.iti.link -Djdk.module.main=gov.iti.link 
java_command: gov.iti.link/gov.iti.link.App
java_class_path (initial): C:\Users\Rahomy\.m2\repository\com\google\protobuf\protobuf-java\3.21.9\protobuf-java-3.21.9.jar;C:\Users\Rahomy\.m2\repository\org\openjfx\javafx-base\19\javafx-base-19.jar;C:\Users\Rahomy\.m2\repository\org\openjfx\javafx-controls\19\javafx-controls-19.jar;C:\Users\Rahomy\.m2\repository\org\openjfx\javafx-fxml\19\javafx-fxml-19.jar;C:\Users\Rahomy\.m2\repository\org\openjfx\javafx-graphics\19\javafx-graphics-19.jar
Launcher Type: SUN_STANDARD

[Global flags]
     intx CICompilerCount                          = 4                                         {product} {ergonomic}
     uint ConcGCThreads                            = 2                                         {product} {ergonomic}
     uint G1ConcRefinementThreads                  = 8                                         {product} {ergonomic}
   size_t G1HeapRegionSize                         = 2097152                                   {product} {ergonomic}
    uintx GCDrainStackTargetSize                   = 64                                        {product} {ergonomic}
   size_t InitialHeapSize                          = 268435456                                 {product} {ergonomic}
   size_t MarkStackSize                            = 4194304                                   {product} {ergonomic}
   size_t MaxHeapSize                              = 4271898624                                {product} {ergonomic}
   size_t MinHeapDeltaBytes                        = 2097152                                   {product} {ergonomic}
   size_t MinHeapSize                              = 8388608                                   {product} {ergonomic}
    uintx NonNMethodCodeHeapSize                   = 5839372                                {pd product} {ergonomic}
    uintx NonProfiledCodeHeapSize                  = 122909434                              {pd product} {ergonomic}
    uintx ProfiledCodeHeapSize                     = 122909434                              {pd product} {ergonomic}
    uintx ReservedCodeCacheSize                    = 251658240                              {pd product} {ergonomic}
     bool SegmentedCodeCache                       = true                                      {product} {ergonomic}
   size_t SoftMaxHeapSize                          = 4271898624                             {manageable} {ergonomic}
     bool UseCompressedClassPointers               = true                           {product lp64_product} {ergonomic}
     bool UseCompressedOops                        = true                           {product lp64_product} {ergonomic}
     bool UseG1GC                                  = true                                      {product} {ergonomic}
     bool UseLargePagesIndividualAllocation        = false                                  {pd product} {ergonomic}

Logging:
Log output configuration:
 #0: stdout all=warning uptime,level,tags
 #1: stderr all=off uptime,level,tags

Environment Variables:
JAVA_HOME=E:\Program Files\Java\jdk-17.0.5
PATH=C:\ProgramData\Oracle\Java\javapath;C:\Program Files\Common Files\Oracle\Java\javapath;C:\oraclexe\app\oracle\product\11.2.0\server\bin;E:\Program Files (x86)\VMware\VMware Workstation\bin\;C:\Program Files\Microsoft MPI\Bin\;C:\Program Files (x86)\Intel\iCLS Client\;C:\Program Files\Intel\iCLS Client\;E:\ProgramData\Anaconda;E:\ProgramData\Anaconda\Library\mingw-w64\bin;E:\ProgramData\Anaconda\Library\usr\bin;E:\ProgramData\Anaconda\Library\bin;E:\ProgramData\Anaconda\Scripts;C:\Windows\system32;C:\Windows;C:\Windows\System32\Wbem;C:\Windows\System32\WindowsPowerShell\v1.0\;C:\Windows\System32\OpenSSH\;C:\Program Files\dotnet\;C:\Program Files\Microsoft SQL Server\130\Tools\Binn\;C:\Program Files\Microsoft SQL Server\Client SDK\ODBC\170\Tools\Binn\;E:\dart-sdk\bin;E:\flutter\bin;C:\Program Files (x86)\Intel\Intel(R) Management Engine Components\DAL;C:\Program Files\Intel\Intel(R) Management Engine Components\DAL;C:\Program Files (x86)\Intel\Intel(R) Management Engine Components\IPT;C:\Program Files\Intel\Intel(R) Management Engine Components\IPT;E:\Program Files\Java\jdk-17.0.5\bin;E:\Program Files\Java\jdk-13;C:\Program Files\Graphviz\bin;C:\Program Files (x86)\Microsoft SQL Server\150\DTS\Binn\;C:\Program Files\Azure Data Studio\bin;E:\apache-maven-3.8.6-bin\apache-maven-3.8.6\bin;C:\Program Files\Git\cmd;C:\Program Files\MySQL\MySQL Shell 8.0\bin\;C:\Users\Rahomy\AppData\Local\Microsoft\WindowsApps;E:\dart-sdk\bin;E:\flutter\bin;E:\Program Files\JetBrains\IntelliJ IDEA Community Edition 2022.3.1\bin;;C:\Users\Rahomy\.dotnet\tools;E:\Users\Rahomy\AppData\Local\Programs\Microsoft VS Code\bin;E:\php-8.1.7-nts-Win32-vs16-x64;C:\Program Files\Azure Data Studio\bin;E:\apache-maven-3.8.6-bin;E:\Program Files\JetBrains\IntelliJ IDEA 2022.1.4\bin;;E:\Program Files\Java\jdk-17.0.5\bin;E:\Program Files\Java\jdk-13\bin;C:\Users\Rahomy\AppData\Local\GitHubDesktop\bin
USERNAME=Rahomy
LANG=en_US.UTF-8
OS=Windows_NT
PROCESSOR_IDENTIFIER=Intel64 Family 6 Model 60 Stepping 3, GenuineIntel



---------------  S Y S T E M  ---------------

OS:
 Windows 10 , 64 bit Build 19041 (10.0.19041.2364)
OS uptime: 3 days 3:32 hours

CPU: total 8 (initial active 8) (4 cores per cpu, 2 threads per core) family 6 model 60 stepping 3 microcode 0x27, cx8, cmov, fxsr, ht, mmx, sse, sse2, sse3, ssse3, sse4.1, sse4.2, popcnt, lzcnt, tsc, tscinvbit, avx, avx2, aes, erms, clmul, bmi1, bmi2, fma, vzeroupper, clflush

Memory: 4k page, system-wide physical 16289M (3694M free)
TotalPageFile size 31473M (AvailPageFile size 113M)
current process WorkingSet (physical memory assigned to process): 10M, peak: 10M
current process commit charge ("private bytes"): 60M, peak: 316M

vm_info: Java HotSpot(TM) 64-Bit Server VM (17.0.5+9-LTS-191) for windows-amd64 JRE (17.0.5+9-LTS-191), built on Sep 13 2022 17:31:43 by "mach5one" with MS VC++ 16.8 / 16.9 (VS2019)

END.
