#
# There is insufficient memory for the Java Runtime Environment to continue.
# Native memory allocation (malloc) failed to allocate 2062736 bytes for Chunk::new
# Possible reasons:
#   The system is out of physical RAM or swap space
#   The process is running with CompressedOops enabled, and the Java Heap may be blocking the growth of the native heap
# Possible solutions:
#   Reduce memory load on the system
#   Increase physical memory or swap space
#   Check if swap backing store is full
#   Decrease Java heap size (-Xmx/-Xms)
#   Decrease number of Java threads
#   Decrease Java thread stack sizes (-Xss)
#   Set larger code cache with -XX:ReservedCodeCacheSize=
#   JVM is running with Zero Based Compressed Oops mode in which the Java heap is
#     placed in the first 32GB address space. The Java Heap base address is the
#     maximum limit for the native heap growth. Please use -XX:HeapBaseMinAddress
#     to set the Java Heap base and to place the Java Heap above 32GB virtual address.
# This output file may be truncated or incomplete.
#
#  Out of Memory Error (arena.cpp:189), pid=24892, tid=144
#
# JRE version: Java(TM) SE Runtime Environment (17.0.5+9) (build 17.0.5+9-LTS-191)
# Java VM: Java HotSpot(TM) 64-Bit Server VM (17.0.5+9-LTS-191, mixed mode, sharing, tiered, compressed oops, compressed class ptrs, g1 gc, windows-amd64)
# No core dump will be written. Minidumps are not enabled by default on client versions of Windows
#

---------------  S U M M A R Y ------------

Command Line: --module-path=D:\ITI\ITI-ChatApp-Link\client\target\classes;C:\Users\Rahomy\.m2\repository\com\mysql\mysql-connector-j\8.0.32\mysql-connector-j-8.0.32.jar;C:\Users\Rahomy\.m2\repository\org\openjfx\javafx-base\19\javafx-base-19-win.jar;C:\Users\Rahomy\.m2\repository\org\openjfx\javafx-controls\19\javafx-controls-19-win.jar;C:\Users\Rahomy\.m2\repository\org\openjfx\javafx-fxml\19\javafx-fxml-19-win.jar;C:\Users\Rahomy\.m2\repository\org\openjfx\javafx-graphics\19\javafx-graphics-19-win.jar --add-modules=gov.iti.link -Djdk.module.main=gov.iti.link gov.iti.link/gov.iti.link.App

Host: Intel(R) Core(TM) i7-4810MQ CPU @ 2.80GHz, 8 cores, 15G,  Windows 10 , 64 bit Build 19041 (10.0.19041.2364)
Time: Sat Feb  4 17:46:51 2023 Egypt Standard Time elapsed time: 12.665137 seconds (0d 0h 0m 12s)

---------------  T H R E A D  ---------------

Current thread (0x00000252bc8674e0):  JavaThread "C2 CompilerThread1" daemon [_thread_in_native, id=144, stack(0x0000009218900000,0x0000009218a00000)]


Current CompileTask:
C2:  12665 3535       4       javafx.scene.CssStyleHelper::resolveLookups (463 bytes)

Stack: [0x0000009218900000,0x0000009218a00000]
Native frames: (J=compiled Java code, j=interpreted, Vv=VM code, C=native code)
V  [jvm.dll+0x672eea]
V  [jvm.dll+0x7d2a04]
V  [jvm.dll+0x7d41ae]
V  [jvm.dll+0x7d4813]
V  [jvm.dll+0x242c15]
V  [jvm.dll+0xaa57b]
V  [jvm.dll+0xaab0c]
V  [jvm.dll+0x35ff97]
V  [jvm.dll+0x32a631]
V  [jvm.dll+0x329ada]
V  [jvm.dll+0x215cc1]
V  [jvm.dll+0x2150e1]
V  [jvm.dll+0x1a18ed]
V  [jvm.dll+0x22493a]
V  [jvm.dll+0x222aa5]
V  [jvm.dll+0x7885db]
V  [jvm.dll+0x782b4a]
V  [jvm.dll+0x671d75]
C  [ucrtbase.dll+0x21bb2]
C  [KERNEL32.DLL+0x17614]
C  [ntdll.dll+0x526a1]


---------------  P R O C E S S  ---------------

Threads class SMR info:
_java_thread_list=0x00000252bd391ef0, length=27, elements={
0x0000025290af2d10, 0x00000252b3858930, 0x00000252b38597a0, 0x00000252b386e860,
0x00000252b386f120, 0x00000252b3870ae0, 0x00000252b3877060, 0x00000252b3879c70,
0x00000252b387bb30, 0x00000252b3886d00, 0x00000252b3875380, 0x00000252b3877ed0,
0x00000252b3875850, 0x00000252b38783a0, 0x00000252b3877a00, 0x00000252b3874eb0,
0x00000252b3877530, 0x00000252b3875d20, 0x00000252b38761f0, 0x00000252b38766c0,
0x00000252b38749e0, 0x00000252b9cfa9a0, 0x00000252bc8674e0, 0x00000252b9cff1d0,
0x00000252b9cff6a0, 0x00000252b9cffb70, 0x00000252ba0cf330
}

Java Threads: ( => current thread )
  0x0000025290af2d10 JavaThread "main" [_thread_blocked, id=19552, stack(0x0000009217800000,0x0000009217900000)]
  0x00000252b3858930 JavaThread "Reference Handler" daemon [_thread_blocked, id=13400, stack(0x0000009217f00000,0x0000009218000000)]
  0x00000252b38597a0 JavaThread "Finalizer" daemon [_thread_blocked, id=2468, stack(0x0000009218000000,0x0000009218100000)]
  0x00000252b386e860 JavaThread "Signal Dispatcher" daemon [_thread_blocked, id=6988, stack(0x0000009218100000,0x0000009218200000)]
  0x00000252b386f120 JavaThread "Attach Listener" daemon [_thread_blocked, id=15544, stack(0x0000009218200000,0x0000009218300000)]
  0x00000252b3870ae0 JavaThread "Service Thread" daemon [_thread_blocked, id=23904, stack(0x0000009218300000,0x0000009218400000)]
  0x00000252b3877060 JavaThread "Monitor Deflation Thread" daemon [_thread_blocked, id=29136, stack(0x0000009218400000,0x0000009218500000)]
  0x00000252b3879c70 JavaThread "C2 CompilerThread0" daemon [_thread_blocked, id=32336, stack(0x0000009218500000,0x0000009218600000)]
  0x00000252b387bb30 JavaThread "C1 CompilerThread0" daemon [_thread_blocked, id=30120, stack(0x0000009218600000,0x0000009218700000)]
  0x00000252b3886d00 JavaThread "Sweeper thread" daemon [_thread_blocked, id=1720, stack(0x0000009218700000,0x0000009218800000)]
  0x00000252b3875380 JavaThread "Common-Cleaner" daemon [_thread_blocked, id=16620, stack(0x0000009218800000,0x0000009218900000)]
  0x00000252b3877ed0 JavaThread "Notification Thread" daemon [_thread_blocked, id=29300, stack(0x0000009218b00000,0x0000009218c00000)]
  0x00000252b3875850 JavaThread "QuantumRenderer-0" daemon [_thread_blocked, id=29180, stack(0x0000009218d00000,0x0000009218e00000)]
  0x00000252b38783a0 JavaThread "InvokeLaterDispatcher" daemon [_thread_blocked, id=18544, stack(0x0000009218e00000,0x0000009218f00000)]
  0x00000252b3877a00 JavaThread "JavaFX Application Thread" [_thread_in_native, id=23188, stack(0x0000009218f00000,0x0000009219000000)]
  0x00000252b3874eb0 JavaThread "Thread-1" daemon [_thread_in_native, id=27380, stack(0x0000009219300000,0x0000009219400000)]
  0x00000252b3877530 JavaThread "JavaFX-Launcher" [_thread_blocked, id=27736, stack(0x0000009219400000,0x0000009219500000)]
  0x00000252b3875d20 JavaThread "RMI Scheduler(0)" daemon [_thread_blocked, id=28892, stack(0x0000009219a00000,0x0000009219b00000)]
  0x00000252b38761f0 JavaThread "RMI RenewClean-[192.168.1.24:50314]" daemon [_thread_blocked, id=21792, stack(0x0000009219b00000,0x0000009219c00000)]
  0x00000252b38766c0 JavaThread "RMI GC Daemon" daemon [_thread_blocked, id=28412, stack(0x0000009219c00000,0x0000009219d00000)]
  0x00000252b38749e0 JavaThread "Prism Font Disposer" daemon [_thread_blocked, id=6864, stack(0x000000921a000000,0x000000921a100000)]
  0x00000252b9cfa9a0 JavaThread "Cleaner-0" daemon [_thread_blocked, id=25024, stack(0x000000921a400000,0x000000921a500000)]
=>0x00000252bc8674e0 JavaThread "C2 CompilerThread1" daemon [_thread_in_native, id=144, stack(0x0000009218900000,0x0000009218a00000)]
  0x00000252b9cff1d0 JavaThread "RMI TCP Accept-0" daemon [_thread_in_native, id=18220, stack(0x0000009218a00000,0x0000009218b00000)]
  0x00000252b9cff6a0 JavaThread "RMI Reaper" [_thread_blocked, id=25020, stack(0x000000921a500000,0x000000921a600000)]
  0x00000252b9cffb70 JavaThread "RMI TCP Connection(1)-192.168.1.24" daemon [_thread_in_native, id=31392, stack(0x000000921a600000,0x000000921a700000)]
  0x00000252ba0cf330 JavaThread "C2 CompilerThread2" daemon [_thread_blocked, id=30176, stack(0x000000921a700000,0x000000921a800000)]

Other Threads:
  0x00000252b3850d30 VMThread "VM Thread" [stack: 0x0000009217e00000,0x0000009217f00000] [id=31092]
  0x00000252b49e9d10 WatcherThread [stack: 0x0000009218c00000,0x0000009218d00000] [id=32716]
  0x0000025290b5e2f0 GCTaskThread "GC Thread#0" [stack: 0x0000009217900000,0x0000009217a00000] [id=11420]
  0x00000252b4ead8b0 GCTaskThread "GC Thread#1" [stack: 0x0000009219500000,0x0000009219600000] [id=30492]
  0x00000252b4e3e6f0 GCTaskThread "GC Thread#2" [stack: 0x0000009219600000,0x0000009219700000] [id=23608]
  0x00000252b4e3e9a0 GCTaskThread "GC Thread#3" [stack: 0x0000009219700000,0x0000009219800000] [id=25180]
  0x00000252b4f26dd0 GCTaskThread "GC Thread#4" [stack: 0x0000009219800000,0x0000009219900000] [id=28652]
  0x00000252b4e91fe0 GCTaskThread "GC Thread#5" [stack: 0x0000009219900000,0x0000009219a00000] [id=30472]
  0x00000252bc19d850 GCTaskThread "GC Thread#6" [stack: 0x000000921a100000,0x000000921a200000] [id=15352]
  0x00000252bd396a60 GCTaskThread "GC Thread#7" [stack: 0x000000921a200000,0x000000921a300000] [id=31848]
  0x0000025290b6f0d0 ConcurrentGCThread "G1 Main Marker" [stack: 0x0000009217a00000,0x0000009217b00000] [id=30904]
  0x0000025290b71290 ConcurrentGCThread "G1 Conc#0" [stack: 0x0000009217b00000,0x0000009217c00000] [id=1288]
  0x00000252b37130e0 ConcurrentGCThread "G1 Refine#0" [stack: 0x0000009217c00000,0x0000009217d00000] [id=10616]
  0x00000252bc00e8b0 ConcurrentGCThread "G1 Refine#1" [stack: 0x000000921a300000,0x000000921a400000] [id=32608]
  0x00000252b3713b00 ConcurrentGCThread "G1 Service" [stack: 0x0000009217d00000,0x0000009217e00000] [id=22976]

Threads with active compile tasks:
C2 CompilerThread1    12698 3535       4       javafx.scene.CssStyleHelper::resolveLookups (463 bytes)

VM state: not at safepoint (normal execution)

VM Mutex/Monitor currently owned by a thread: None

Heap address: 0x0000000701600000, size: 4074 MB, Compressed Oops mode: Zero based, Oop shift amount: 3

CDS archive(s) mapped at: [0x0000000800000000-0x0000000800bd0000-0x0000000800bd0000), size 12386304, SharedBaseAddress: 0x0000000800000000, ArchiveRelocationMode: 0.
Compressed class space mapped at: 0x0000000800c00000-0x0000000840c00000, reserved size: 1073741824
Narrow klass base: 0x0000000800000000, Narrow klass shift: 0, Narrow klass range: 0x100000000

GC Precious Log:
 CPUs: 8 total, 8 available
 Memory: 16289M
 Large Page Support: Disabled
 NUMA Support: Disabled
 Compressed Oops: Enabled (Zero based)
 Heap Region Size: 2M
 Heap Min Capacity: 8M
 Heap Initial Capacity: 256M
 Heap Max Capacity: 4074M
 Pre-touch: Disabled
 Parallel Workers: 8
 Concurrent Workers: 2
 Concurrent Refinement Workers: 8
 Periodic GC: Disabled

Heap:
 garbage-first heap   total 262144K, used 44167K [0x0000000701600000, 0x0000000800000000)
  region size 2048K, 20 young (40960K), 3 survivors (6144K)
 Metaspace       used 19994K, committed 20352K, reserved 1073152K
  class space    used 3005K, committed 3200K, reserved 1048576K

Heap Regions: E=young(eden), S=young(survivor), O=old, HS=humongous(starts), HC=humongous(continues), CS=collection set, F=free, OA=open archive, CA=closed archive, TAMS=top-at-mark-start (previous, next)
|   0|0x0000000701600000, 0x0000000701721e00, 0x0000000701800000| 56%| O|  |TAMS 0x0000000701600000, 0x0000000701600000| Untracked 
|   1|0x0000000701800000, 0x0000000701a00000, 0x0000000701a00000|100%|HS|  |TAMS 0x0000000701800000, 0x0000000701800000| Complete 
|   2|0x0000000701a00000, 0x0000000701c00000, 0x0000000701c00000|100%|HS|  |TAMS 0x0000000701a00000, 0x0000000701a00000| Complete 
|   3|0x0000000701c00000, 0x0000000701e00000, 0x0000000701e00000|100%|HS|  |TAMS 0x0000000701c00000, 0x0000000701c00000| Complete 
|   4|0x0000000701e00000, 0x0000000701e00000, 0x0000000702000000|  0%| F|  |TAMS 0x0000000701e00000, 0x0000000701e00000| Untracked 
|   5|0x0000000702000000, 0x0000000702000000, 0x0000000702200000|  0%| F|  |TAMS 0x0000000702000000, 0x0000000702000000| Untracked 
|   6|0x0000000702200000, 0x0000000702200000, 0x0000000702400000|  0%| F|  |TAMS 0x0000000702200000, 0x0000000702200000| Untracked 
|   7|0x0000000702400000, 0x0000000702400000, 0x0000000702600000|  0%| F|  |TAMS 0x0000000702400000, 0x0000000702400000| Untracked 
|   8|0x0000000702600000, 0x0000000702600000, 0x0000000702800000|  0%| F|  |TAMS 0x0000000702600000, 0x0000000702600000| Untracked 
|   9|0x0000000702800000, 0x0000000702800000, 0x0000000702a00000|  0%| F|  |TAMS 0x0000000702800000, 0x0000000702800000| Untracked 
|  10|0x0000000702a00000, 0x0000000702a00000, 0x0000000702c00000|  0%| F|  |TAMS 0x0000000702a00000, 0x0000000702a00000| Untracked 
|  11|0x0000000702c00000, 0x0000000702c00000, 0x0000000702e00000|  0%| F|  |TAMS 0x0000000702c00000, 0x0000000702c00000| Untracked 
|  12|0x0000000702e00000, 0x0000000702e00000, 0x0000000703000000|  0%| F|  |TAMS 0x0000000702e00000, 0x0000000702e00000| Untracked 
|  13|0x0000000703000000, 0x0000000703000000, 0x0000000703200000|  0%| F|  |TAMS 0x0000000703000000, 0x0000000703000000| Untracked 
|  14|0x0000000703200000, 0x0000000703200000, 0x0000000703400000|  0%| F|  |TAMS 0x0000000703200000, 0x0000000703200000| Untracked 
|  15|0x0000000703400000, 0x0000000703400000, 0x0000000703600000|  0%| F|  |TAMS 0x0000000703400000, 0x0000000703400000| Untracked 
|  16|0x0000000703600000, 0x0000000703600000, 0x0000000703800000|  0%| F|  |TAMS 0x0000000703600000, 0x0000000703600000| Untracked 
|  17|0x0000000703800000, 0x0000000703800000, 0x0000000703a00000|  0%| F|  |TAMS 0x0000000703800000, 0x0000000703800000| Untracked 
|  18|0x0000000703a00000, 0x0000000703a00000, 0x0000000703c00000|  0%| F|  |TAMS 0x0000000703a00000, 0x0000000703a00000| Untracked 
|  19|0x0000000703c00000, 0x0000000703c00000, 0x0000000703e00000|  0%| F|  |TAMS 0x0000000703c00000, 0x0000000703c00000| Untracked 
|  20|0x0000000703e00000, 0x0000000703e00000, 0x0000000704000000|  0%| F|  |TAMS 0x0000000703e00000, 0x0000000703e00000| Untracked 
|  21|0x0000000704000000, 0x0000000704000000, 0x0000000704200000|  0%| F|  |TAMS 0x0000000704000000, 0x0000000704000000| Untracked 
|  22|0x0000000704200000, 0x0000000704200000, 0x0000000704400000|  0%| F|  |TAMS 0x0000000704200000, 0x0000000704200000| Untracked 
|  23|0x0000000704400000, 0x0000000704400000, 0x0000000704600000|  0%| F|  |TAMS 0x0000000704400000, 0x0000000704400000| Untracked 
|  24|0x0000000704600000, 0x0000000704600000, 0x0000000704800000|  0%| F|  |TAMS 0x0000000704600000, 0x0000000704600000| Untracked 
|  25|0x0000000704800000, 0x0000000704800000, 0x0000000704a00000|  0%| F|  |TAMS 0x0000000704800000, 0x0000000704800000| Untracked 
|  26|0x0000000704a00000, 0x0000000704a00000, 0x0000000704c00000|  0%| F|  |TAMS 0x0000000704a00000, 0x0000000704a00000| Untracked 
|  27|0x0000000704c00000, 0x0000000704c00000, 0x0000000704e00000|  0%| F|  |TAMS 0x0000000704c00000, 0x0000000704c00000| Untracked 
|  28|0x0000000704e00000, 0x0000000704e00000, 0x0000000705000000|  0%| F|  |TAMS 0x0000000704e00000, 0x0000000704e00000| Untracked 
|  29|0x0000000705000000, 0x0000000705000000, 0x0000000705200000|  0%| F|  |TAMS 0x0000000705000000, 0x0000000705000000| Untracked 
|  30|0x0000000705200000, 0x0000000705200000, 0x0000000705400000|  0%| F|  |TAMS 0x0000000705200000, 0x0000000705200000| Untracked 
|  31|0x0000000705400000, 0x0000000705400000, 0x0000000705600000|  0%| F|  |TAMS 0x0000000705400000, 0x0000000705400000| Untracked 
|  32|0x0000000705600000, 0x0000000705600000, 0x0000000705800000|  0%| F|  |TAMS 0x0000000705600000, 0x0000000705600000| Untracked 
|  33|0x0000000705800000, 0x0000000705800000, 0x0000000705a00000|  0%| F|  |TAMS 0x0000000705800000, 0x0000000705800000| Untracked 
|  34|0x0000000705a00000, 0x0000000705a00000, 0x0000000705c00000|  0%| F|  |TAMS 0x0000000705a00000, 0x0000000705a00000| Untracked 
|  35|0x0000000705c00000, 0x0000000705c00000, 0x0000000705e00000|  0%| F|  |TAMS 0x0000000705c00000, 0x0000000705c00000| Untracked 
|  36|0x0000000705e00000, 0x0000000705e00000, 0x0000000706000000|  0%| F|  |TAMS 0x0000000705e00000, 0x0000000705e00000| Untracked 
|  37|0x0000000706000000, 0x0000000706000000, 0x0000000706200000|  0%| F|  |TAMS 0x0000000706000000, 0x0000000706000000| Untracked 
|  38|0x0000000706200000, 0x0000000706200000, 0x0000000706400000|  0%| F|  |TAMS 0x0000000706200000, 0x0000000706200000| Untracked 
|  39|0x0000000706400000, 0x0000000706400000, 0x0000000706600000|  0%| F|  |TAMS 0x0000000706400000, 0x0000000706400000| Untracked 
|  40|0x0000000706600000, 0x0000000706600000, 0x0000000706800000|  0%| F|  |TAMS 0x0000000706600000, 0x0000000706600000| Untracked 
|  41|0x0000000706800000, 0x0000000706800000, 0x0000000706a00000|  0%| F|  |TAMS 0x0000000706800000, 0x0000000706800000| Untracked 
|  42|0x0000000706a00000, 0x0000000706a00000, 0x0000000706c00000|  0%| F|  |TAMS 0x0000000706a00000, 0x0000000706a00000| Untracked 
|  43|0x0000000706c00000, 0x0000000706c00000, 0x0000000706e00000|  0%| F|  |TAMS 0x0000000706c00000, 0x0000000706c00000| Untracked 
|  44|0x0000000706e00000, 0x0000000706e00000, 0x0000000707000000|  0%| F|  |TAMS 0x0000000706e00000, 0x0000000706e00000| Untracked 
|  45|0x0000000707000000, 0x0000000707000000, 0x0000000707200000|  0%| F|  |TAMS 0x0000000707000000, 0x0000000707000000| Untracked 
|  46|0x0000000707200000, 0x0000000707200000, 0x0000000707400000|  0%| F|  |TAMS 0x0000000707200000, 0x0000000707200000| Untracked 
|  47|0x0000000707400000, 0x0000000707400000, 0x0000000707600000|  0%| F|  |TAMS 0x0000000707400000, 0x0000000707400000| Untracked 
|  48|0x0000000707600000, 0x0000000707600000, 0x0000000707800000|  0%| F|  |TAMS 0x0000000707600000, 0x0000000707600000| Untracked 
|  49|0x0000000707800000, 0x0000000707800000, 0x0000000707a00000|  0%| F|  |TAMS 0x0000000707800000, 0x0000000707800000| Untracked 
|  50|0x0000000707a00000, 0x0000000707a00000, 0x0000000707c00000|  0%| F|  |TAMS 0x0000000707a00000, 0x0000000707a00000| Untracked 
|  51|0x0000000707c00000, 0x0000000707c00000, 0x0000000707e00000|  0%| F|  |TAMS 0x0000000707c00000, 0x0000000707c00000| Untracked 
|  52|0x0000000707e00000, 0x0000000707e00000, 0x0000000708000000|  0%| F|  |TAMS 0x0000000707e00000, 0x0000000707e00000| Untracked 
|  53|0x0000000708000000, 0x0000000708000000, 0x0000000708200000|  0%| F|  |TAMS 0x0000000708000000, 0x0000000708000000| Untracked 
|  54|0x0000000708200000, 0x0000000708200000, 0x0000000708400000|  0%| F|  |TAMS 0x0000000708200000, 0x0000000708200000| Untracked 
|  55|0x0000000708400000, 0x0000000708400000, 0x0000000708600000|  0%| F|  |TAMS 0x0000000708400000, 0x0000000708400000| Untracked 
|  56|0x0000000708600000, 0x0000000708600000, 0x0000000708800000|  0%| F|  |TAMS 0x0000000708600000, 0x0000000708600000| Untracked 
|  57|0x0000000708800000, 0x0000000708800000, 0x0000000708a00000|  0%| F|  |TAMS 0x0000000708800000, 0x0000000708800000| Untracked 
|  58|0x0000000708a00000, 0x0000000708a00000, 0x0000000708c00000|  0%| F|  |TAMS 0x0000000708a00000, 0x0000000708a00000| Untracked 
|  59|0x0000000708c00000, 0x0000000708c00000, 0x0000000708e00000|  0%| F|  |TAMS 0x0000000708c00000, 0x0000000708c00000| Untracked 
|  60|0x0000000708e00000, 0x0000000708e00000, 0x0000000709000000|  0%| F|  |TAMS 0x0000000708e00000, 0x0000000708e00000| Untracked 
|  61|0x0000000709000000, 0x0000000709000000, 0x0000000709200000|  0%| F|  |TAMS 0x0000000709000000, 0x0000000709000000| Untracked 
|  62|0x0000000709200000, 0x0000000709200000, 0x0000000709400000|  0%| F|  |TAMS 0x0000000709200000, 0x0000000709200000| Untracked 
|  63|0x0000000709400000, 0x0000000709400000, 0x0000000709600000|  0%| F|  |TAMS 0x0000000709400000, 0x0000000709400000| Untracked 
|  64|0x0000000709600000, 0x0000000709600000, 0x0000000709800000|  0%| F|  |TAMS 0x0000000709600000, 0x0000000709600000| Untracked 
|  65|0x0000000709800000, 0x0000000709800000, 0x0000000709a00000|  0%| F|  |TAMS 0x0000000709800000, 0x0000000709800000| Untracked 
|  66|0x0000000709a00000, 0x0000000709a00000, 0x0000000709c00000|  0%| F|  |TAMS 0x0000000709a00000, 0x0000000709a00000| Untracked 
|  67|0x0000000709c00000, 0x0000000709c00000, 0x0000000709e00000|  0%| F|  |TAMS 0x0000000709c00000, 0x0000000709c00000| Untracked 
|  68|0x0000000709e00000, 0x0000000709e00000, 0x000000070a000000|  0%| F|  |TAMS 0x0000000709e00000, 0x0000000709e00000| Untracked 
|  69|0x000000070a000000, 0x000000070a000000, 0x000000070a200000|  0%| F|  |TAMS 0x000000070a000000, 0x000000070a000000| Untracked 
|  70|0x000000070a200000, 0x000000070a200000, 0x000000070a400000|  0%| F|  |TAMS 0x000000070a200000, 0x000000070a200000| Untracked 
|  71|0x000000070a400000, 0x000000070a400000, 0x000000070a600000|  0%| F|  |TAMS 0x000000070a400000, 0x000000070a400000| Untracked 
|  72|0x000000070a600000, 0x000000070a600000, 0x000000070a800000|  0%| F|  |TAMS 0x000000070a600000, 0x000000070a600000| Untracked 
|  73|0x000000070a800000, 0x000000070a800000, 0x000000070aa00000|  0%| F|  |TAMS 0x000000070a800000, 0x000000070a800000| Untracked 
|  74|0x000000070aa00000, 0x000000070aa00000, 0x000000070ac00000|  0%| F|  |TAMS 0x000000070aa00000, 0x000000070aa00000| Untracked 
|  75|0x000000070ac00000, 0x000000070ac00000, 0x000000070ae00000|  0%| F|  |TAMS 0x000000070ac00000, 0x000000070ac00000| Untracked 
|  76|0x000000070ae00000, 0x000000070ae00000, 0x000000070b000000|  0%| F|  |TAMS 0x000000070ae00000, 0x000000070ae00000| Untracked 
|  77|0x000000070b000000, 0x000000070b000000, 0x000000070b200000|  0%| F|  |TAMS 0x000000070b000000, 0x000000070b000000| Untracked 
|  78|0x000000070b200000, 0x000000070b200000, 0x000000070b400000|  0%| F|  |TAMS 0x000000070b200000, 0x000000070b200000| Untracked 
|  79|0x000000070b400000, 0x000000070b400000, 0x000000070b600000|  0%| F|  |TAMS 0x000000070b400000, 0x000000070b400000| Untracked 
|  80|0x000000070b600000, 0x000000070b600000, 0x000000070b800000|  0%| F|  |TAMS 0x000000070b600000, 0x000000070b600000| Untracked 
|  81|0x000000070b800000, 0x000000070b800000, 0x000000070ba00000|  0%| F|  |TAMS 0x000000070b800000, 0x000000070b800000| Untracked 
|  82|0x000000070ba00000, 0x000000070ba00000, 0x000000070bc00000|  0%| F|  |TAMS 0x000000070ba00000, 0x000000070ba00000| Untracked 
|  83|0x000000070bc00000, 0x000000070bc00000, 0x000000070be00000|  0%| F|  |TAMS 0x000000070bc00000, 0x000000070bc00000| Untracked 
|  84|0x000000070be00000, 0x000000070be00000, 0x000000070c000000|  0%| F|  |TAMS 0x000000070be00000, 0x000000070be00000| Untracked 
|  85|0x000000070c000000, 0x000000070c000000, 0x000000070c200000|  0%| F|  |TAMS 0x000000070c000000, 0x000000070c000000| Untracked 
|  86|0x000000070c200000, 0x000000070c200000, 0x000000070c400000|  0%| F|  |TAMS 0x000000070c200000, 0x000000070c200000| Untracked 
|  87|0x000000070c400000, 0x000000070c400000, 0x000000070c600000|  0%| F|  |TAMS 0x000000070c400000, 0x000000070c400000| Untracked 
|  88|0x000000070c600000, 0x000000070c600000, 0x000000070c800000|  0%| F|  |TAMS 0x000000070c600000, 0x000000070c600000| Untracked 
|  89|0x000000070c800000, 0x000000070c800000, 0x000000070ca00000|  0%| F|  |TAMS 0x000000070c800000, 0x000000070c800000| Untracked 
|  90|0x000000070ca00000, 0x000000070ca00000, 0x000000070cc00000|  0%| F|  |TAMS 0x000000070ca00000, 0x000000070ca00000| Untracked 
|  91|0x000000070cc00000, 0x000000070cc00000, 0x000000070ce00000|  0%| F|  |TAMS 0x000000070cc00000, 0x000000070cc00000| Untracked 
|  92|0x000000070ce00000, 0x000000070ce00000, 0x000000070d000000|  0%| F|  |TAMS 0x000000070ce00000, 0x000000070ce00000| Untracked 
|  93|0x000000070d000000, 0x000000070d000000, 0x000000070d200000|  0%| F|  |TAMS 0x000000070d000000, 0x000000070d000000| Untracked 
|  94|0x000000070d200000, 0x000000070d200000, 0x000000070d400000|  0%| F|  |TAMS 0x000000070d200000, 0x000000070d200000| Untracked 
|  95|0x000000070d400000, 0x000000070d400000, 0x000000070d600000|  0%| F|  |TAMS 0x000000070d400000, 0x000000070d400000| Untracked 
|  96|0x000000070d600000, 0x000000070d600000, 0x000000070d800000|  0%| F|  |TAMS 0x000000070d600000, 0x000000070d600000| Untracked 
|  97|0x000000070d800000, 0x000000070d800000, 0x000000070da00000|  0%| F|  |TAMS 0x000000070d800000, 0x000000070d800000| Untracked 
|  98|0x000000070da00000, 0x000000070da00000, 0x000000070dc00000|  0%| F|  |TAMS 0x000000070da00000, 0x000000070da00000| Untracked 
|  99|0x000000070dc00000, 0x000000070dc00000, 0x000000070de00000|  0%| F|  |TAMS 0x000000070dc00000, 0x000000070dc00000| Untracked 
| 100|0x000000070de00000, 0x000000070de00000, 0x000000070e000000|  0%| F|  |TAMS 0x000000070de00000, 0x000000070de00000| Untracked 
| 101|0x000000070e000000, 0x000000070e000000, 0x000000070e200000|  0%| F|  |TAMS 0x000000070e000000, 0x000000070e000000| Untracked 
| 102|0x000000070e200000, 0x000000070e200000, 0x000000070e400000|  0%| F|  |TAMS 0x000000070e200000, 0x000000070e200000| Untracked 
| 103|0x000000070e400000, 0x000000070e400000, 0x000000070e600000|  0%| F|  |TAMS 0x000000070e400000, 0x000000070e400000| Untracked 
| 104|0x000000070e600000, 0x000000070e600000, 0x000000070e800000|  0%| F|  |TAMS 0x000000070e600000, 0x000000070e600000| Untracked 
| 105|0x000000070e800000, 0x000000070ea00000, 0x000000070ea00000|100%| S|CS|TAMS 0x000000070e800000, 0x000000070e800000| Complete 
| 106|0x000000070ea00000, 0x000000070ec00000, 0x000000070ec00000|100%| S|CS|TAMS 0x000000070ea00000, 0x000000070ea00000| Complete 
| 107|0x000000070ec00000, 0x000000070ee00000, 0x000000070ee00000|100%| S|CS|TAMS 0x000000070ec00000, 0x000000070ec00000| Complete 
| 108|0x000000070ee00000, 0x000000070ee00000, 0x000000070f000000|  0%| F|  |TAMS 0x000000070ee00000, 0x000000070ee00000| Untracked 
| 109|0x000000070f000000, 0x000000070f000000, 0x000000070f200000|  0%| F|  |TAMS 0x000000070f000000, 0x000000070f000000| Untracked 
| 110|0x000000070f200000, 0x000000070f200000, 0x000000070f400000|  0%| F|  |TAMS 0x000000070f200000, 0x000000070f200000| Untracked 
| 111|0x000000070f400000, 0x000000070f534010, 0x000000070f600000| 60%| E|  |TAMS 0x000000070f400000, 0x000000070f400000| Complete 
| 112|0x000000070f600000, 0x000000070f800000, 0x000000070f800000|100%| E|CS|TAMS 0x000000070f600000, 0x000000070f600000| Complete 
| 113|0x000000070f800000, 0x000000070fa00000, 0x000000070fa00000|100%| E|CS|TAMS 0x000000070f800000, 0x000000070f800000| Complete 
| 114|0x000000070fa00000, 0x000000070fc00000, 0x000000070fc00000|100%| E|CS|TAMS 0x000000070fa00000, 0x000000070fa00000| Complete 
| 115|0x000000070fc00000, 0x000000070fe00000, 0x000000070fe00000|100%| E|CS|TAMS 0x000000070fc00000, 0x000000070fc00000| Complete 
| 116|0x000000070fe00000, 0x0000000710000000, 0x0000000710000000|100%| E|  |TAMS 0x000000070fe00000, 0x000000070fe00000| Complete 
| 117|0x0000000710000000, 0x0000000710200000, 0x0000000710200000|100%| E|CS|TAMS 0x0000000710000000, 0x0000000710000000| Complete 
| 118|0x0000000710200000, 0x0000000710400000, 0x0000000710400000|100%| E|CS|TAMS 0x0000000710200000, 0x0000000710200000| Complete 
| 119|0x0000000710400000, 0x0000000710600000, 0x0000000710600000|100%| E|CS|TAMS 0x0000000710400000, 0x0000000710400000| Complete 
| 120|0x0000000710600000, 0x0000000710800000, 0x0000000710800000|100%| E|CS|TAMS 0x0000000710600000, 0x0000000710600000| Complete 
| 121|0x0000000710800000, 0x0000000710a00000, 0x0000000710a00000|100%| E|CS|TAMS 0x0000000710800000, 0x0000000710800000| Complete 
| 122|0x0000000710a00000, 0x0000000710c00000, 0x0000000710c00000|100%| E|CS|TAMS 0x0000000710a00000, 0x0000000710a00000| Complete 
| 123|0x0000000710c00000, 0x0000000710e00000, 0x0000000710e00000|100%| E|CS|TAMS 0x0000000710c00000, 0x0000000710c00000| Complete 
| 124|0x0000000710e00000, 0x0000000711000000, 0x0000000711000000|100%| E|CS|TAMS 0x0000000710e00000, 0x0000000710e00000| Complete 
| 125|0x0000000711000000, 0x0000000711200000, 0x0000000711200000|100%| E|CS|TAMS 0x0000000711000000, 0x0000000711000000| Complete 
| 126|0x0000000711200000, 0x0000000711400000, 0x0000000711400000|100%| E|CS|TAMS 0x0000000711200000, 0x0000000711200000| Complete 
| 127|0x0000000711400000, 0x0000000711600000, 0x0000000711600000|100%| E|CS|TAMS 0x0000000711400000, 0x0000000711400000| Complete 

Card table byte_map: [0x00000252a7ea0000,0x00000252a86a0000] _byte_map_base: 0x00000252a4695000

Marking Bits (Prev, Next): (CMBitMap*) 0x0000025290b5e900, (CMBitMap*) 0x0000025290b5e940
 Prev Bits: [0x00000252a8ea0000, 0x00000252ace48000)
 Next Bits: [0x00000252ace50000, 0x00000252b0df8000)

Polling page: 0x000002528eac0000

Metaspace:

Usage:
  Non-class:     16.59 MB used.
      Class:      2.93 MB used.
       Both:     19.53 MB used.

Virtual space:
  Non-class space:       24.00 MB reserved,      16.75 MB ( 70%) committed,  3 nodes.
      Class space:        1.00 GB reserved,       3.12 MB ( <1%) committed,  1 nodes.
             Both:        1.02 GB reserved,      19.88 MB (  2%) committed. 

Chunk freelists:
   Non-Class:  2.86 MB
       Class:  944.00 KB
        Both:  3.78 MB

MaxMetaspaceSize: unlimited
CompressedClassSpaceSize: 1.00 GB
Initial GC threshold: 21.00 MB
Current GC threshold: 21.00 MB
CDS: on
MetaspaceReclaimPolicy: balanced
 - commit_granule_bytes: 65536.
 - commit_granule_words: 8192.
 - virtual_space_node_default_size: 1048576.
 - enlarge_chunks_in_place: 1.
 - new_chunks_are_fully_committed: 0.
 - uncommit_free_chunks: 1.
 - use_allocation_guard: 0.
 - handle_deallocations: 1.


Internal statistics:

num_allocs_failed_limit: 0.
num_arena_births: 352.
num_arena_deaths: 0.
num_vsnodes_births: 4.
num_vsnodes_deaths: 0.
num_space_committed: 318.
num_space_uncommitted: 0.
num_chunks_returned_to_freelist: 0.
num_chunks_taken_from_freelist: 1046.
num_chunk_merges: 0.
num_chunk_splits: 674.
num_chunks_enlarged: 469.
num_purges: 0.
num_inconsistent_stats: 0.

CodeHeap 'non-profiled nmethods': size=120000Kb used=1539Kb max_used=1539Kb free=118460Kb
 bounds [0x000002529fe40000, 0x00000252a00b0000, 0x00000252a7370000]
CodeHeap 'profiled nmethods': size=120000Kb used=7661Kb max_used=7661Kb free=112338Kb
 bounds [0x0000025298910000, 0x0000025299090000, 0x000002529fe40000]
CodeHeap 'non-nmethods': size=5760Kb used=1451Kb max_used=1485Kb free=4308Kb
 bounds [0x0000025298370000, 0x00000252985e0000, 0x0000025298910000]
 total_blobs=4524 nmethods=3708 adapters=728
 compilation: enabled
              stopped_count=0, restarted_count=0
 full_count=0

Compilation events (20 events):
Event: 12.526 Thread 0x00000252b387bb30 3701       3       com.sun.javafx.geom.RectBounds::intersectWith (77 bytes)
Event: 12.527 Thread 0x00000252b387bb30 nmethod 3701 0x000002529907fe10 code [0x0000025299080000, 0x0000025299080538]
Event: 12.528 Thread 0x00000252b3879c70 nmethod 3698% 0x000002529ffaea90 code [0x000002529ffaec20, 0x000002529ffaedd8]
Event: 12.528 Thread 0x00000252b3879c70 3702       4       com.sun.javafx.geom.Point2D::setLocation (11 bytes)
Event: 12.528 Thread 0x00000252b3879c70 nmethod 3702 0x000002529ffaef10 code [0x000002529ffaf080, 0x000002529ffaf0f8]
Event: 12.528 Thread 0x00000252b387bb30 3703       3       com.sun.prism.impl.ps.BaseShaderGraphics::renderGeneralRoundedPgram (1199 bytes)
Event: 12.528 Thread 0x00000252b3879c70 3705 %     4       com.sun.marlin.Renderer::_endRendering @ 235 (2473 bytes)
Event: 12.530 Thread 0x00000252b387bb30 nmethod 3703 0x0000025299080690 code [0x0000025299080b40, 0x0000025299082fb8]
Event: 12.530 Thread 0x00000252b387bb30 3704       3       com.sun.marlin.TransformingPathConsumer2D$PathClipFilter::finishPath (34 bytes)
Event: 12.531 Thread 0x00000252b387bb30 nmethod 3704 0x0000025299083e90 code [0x0000025299084040, 0x00000252990842a8]
Event: 12.537 Thread 0x00000252b387bb30 3706       1       com.sun.prism.impl.BaseResourceFactory::isDisposed (5 bytes)
Event: 12.537 Thread 0x00000252b387bb30 nmethod 3706 0x000002529ffaf210 code [0x000002529ffaf3a0, 0x000002529ffaf478]
Event: 12.538 Thread 0x00000252b387bb30 3707       3       com.sun.javafx.geom.Path2D::setWindingRule (26 bytes)
Event: 12.538 Thread 0x00000252b387bb30 nmethod 3707 0x0000025299084390 code [0x0000025299084540, 0x0000025299084788]
Event: 12.539 Thread 0x00000252b387bb30 3710       3       com.sun.prism.d3d.D3DContext::updateRenderTarget (362 bytes)
Event: 12.542 Thread 0x00000252b387bb30 nmethod 3710 0x0000025299084890 code [0x0000025299084ce0, 0x00000252990872a8]
Event: 12.577 Thread 0x00000252b387bb30 3711       3       com.sun.javafx.scene.EnteredExitedHandler::dispatchBubblingEvent (204 bytes)
Event: 12.578 Thread 0x00000252b387bb30 nmethod 3711 0x0000025299088210 code [0x0000025299088620, 0x000002529908ac78]
Event: 12.661 Thread 0x00000252ba0cf330 nmethod 3531 0x000002529ffaf510 code [0x000002529ffafb20, 0x000002529ffb3c10]
Event: 12.661 Thread 0x00000252ba0cf330 3708       4       com.sun.marlin.MaskMarlinAlphaConsumer::setAndClearRelativeAlphas (263 bytes)

GC Heap History (4 events):
Event: 0.664 GC heap before
{Heap before GC invocations=0 (full 0):
 garbage-first heap   total 262144K, used 20480K [0x0000000701600000, 0x0000000800000000)
  region size 2048K, 11 young (22528K), 0 survivors (0K)
 Metaspace       used 4867K, committed 5056K, reserved 1056768K
  class space    used 585K, committed 704K, reserved 1048576K
}
Event: 0.667 GC heap after
{Heap after GC invocations=1 (full 0):
 garbage-first heap   total 262144K, used 2687K [0x0000000701600000, 0x0000000800000000)
  region size 2048K, 2 young (4096K), 2 survivors (4096K)
 Metaspace       used 4867K, committed 5056K, reserved 1056768K
  class space    used 585K, committed 704K, reserved 1048576K
}
Event: 1.393 GC heap before
{Heap before GC invocations=1 (full 0):
 garbage-first heap   total 262144K, used 37503K [0x0000000701600000, 0x0000000800000000)
  region size 2048K, 20 young (40960K), 2 survivors (4096K)
 Metaspace       used 14994K, committed 15296K, reserved 1064960K
  class space    used 2339K, committed 2496K, reserved 1048576K
}
Event: 1.399 GC heap after
{Heap after GC invocations=2 (full 0):
 garbage-first heap   total 262144K, used 7303K [0x0000000701600000, 0x0000000800000000)
  region size 2048K, 3 young (6144K), 3 survivors (6144K)
 Metaspace       used 14994K, committed 15296K, reserved 1064960K
  class space    used 2339K, committed 2496K, reserved 1048576K
}

Deoptimization events (20 events):
Event: 12.471 Thread 0x00000252b3875850 DEOPT PACKING pc=0x0000025298d672df sp=0x0000009218dfcd50
Event: 12.471 Thread 0x00000252b3875850 DEOPT UNPACKING pc=0x00000252983c2b43 sp=0x0000009218dfc1b8 mode 0
Event: 12.471 Thread 0x00000252b3875850 DEOPT PACKING pc=0x0000025298d672df sp=0x0000009218dfcd50
Event: 12.471 Thread 0x00000252b3875850 DEOPT UNPACKING pc=0x00000252983c2b43 sp=0x0000009218dfc1b8 mode 0
Event: 12.504 Thread 0x00000252b3875850 Uncommon trap: trap_request=0xffffffbe fr.pc=0x000002529ff52b54 relative=0x0000000000000534
Event: 12.504 Thread 0x00000252b3875850 Uncommon trap: reason=profile_predicate action=maybe_recompile pc=0x000002529ff52b54 method=java.lang.PublicMethods$MethodList.filter([Ljava/lang/reflect/Method;Ljava/lang/String;[Ljava/lang/Class;Z)Ljava/lang/PublicMethods$MethodList; @ 21 c2
Event: 12.504 Thread 0x00000252b3875850 DEOPT PACKING pc=0x000002529ff52b54 sp=0x0000009218dfce10
Event: 12.504 Thread 0x00000252b3875850 DEOPT UNPACKING pc=0x00000252983c23a3 sp=0x0000009218dfcda8 mode 2
Event: 12.509 Thread 0x00000252b3875850 DEOPT PACKING pc=0x0000025298d67222 sp=0x0000009218dfd820
Event: 12.509 Thread 0x00000252b3875850 DEOPT UNPACKING pc=0x00000252983c2b43 sp=0x0000009218dfcc78 mode 0
Event: 12.510 Thread 0x00000252b3875850 DEOPT PACKING pc=0x0000025298d67222 sp=0x0000009218dfd820
Event: 12.510 Thread 0x00000252b3875850 DEOPT UNPACKING pc=0x00000252983c2b43 sp=0x0000009218dfcc78 mode 0
Event: 12.515 Thread 0x00000252b3875850 DEOPT PACKING pc=0x0000025298d67222 sp=0x0000009218dfd460
Event: 12.515 Thread 0x00000252b3875850 DEOPT UNPACKING pc=0x00000252983c2b43 sp=0x0000009218dfc8b8 mode 0
Event: 12.516 Thread 0x00000252b3875850 DEOPT PACKING pc=0x0000025298d672df sp=0x0000009218dfd460
Event: 12.516 Thread 0x00000252b3875850 DEOPT UNPACKING pc=0x00000252983c2b43 sp=0x0000009218dfc8c8 mode 0
Event: 12.517 Thread 0x00000252b3875850 DEOPT PACKING pc=0x0000025298d67222 sp=0x0000009218dfe070
Event: 12.517 Thread 0x00000252b3875850 DEOPT UNPACKING pc=0x00000252983c2b43 sp=0x0000009218dfd4c8 mode 0
Event: 12.538 Thread 0x00000252b3875850 DEOPT PACKING pc=0x0000025298d6bc38 sp=0x0000009218dfe080
Event: 12.538 Thread 0x00000252b3875850 DEOPT UNPACKING pc=0x00000252983c2b43 sp=0x0000009218dfd438 mode 0

Classes unloaded (0 events):
No events

Classes redefined (0 events):
No events

Internal exceptions (20 events):
Event: 1.652 Thread 0x00000252b3875850 Exception <a 'java/lang/NoSuchMethodError'{0x0000000710a1a768}: 'int java.lang.invoke.DirectMethodHandle$Holder.invokeStaticInit(java.lang.Object, java.lang.Object)'> (0x0000000710a1a768) 
thrown [s\open\src\hotspot\share\interpreter\linkResolver.cpp, line 759]
Event: 1.658 Thread 0x00000252b3877a00 Exception <a 'java/lang/NoSuchMethodError'{0x0000000710d5cb40}: 'long java.lang.invoke.DirectMethodHandle$Holder.invokeStatic(java.lang.Object, java.lang.Object, java.lang.Object)'> (0x0000000710d5cb40) 
thrown [s\open\src\hotspot\share\interpreter\linkResolver.cpp, line 759]
Event: 1.659 Thread 0x00000252b3877a00 Exception <a 'java/lang/NoSuchMethodError'{0x0000000710d602e8}: 'long java.lang.invoke.DirectMethodHandle$Holder.invokeStaticInit(java.lang.Object, java.lang.Object, java.lang.Object)'> (0x0000000710d602e8) 
thrown [s\open\src\hotspot\share\interpreter\linkResolver.cpp, line 759]
Event: 1.661 Thread 0x00000252b3877a00 Exception <a 'java/lang/NoSuchMethodError'{0x0000000710d77ef0}: 'java.lang.Object java.lang.invoke.DirectMethodHandle$Holder.newInvokeSpecial(java.lang.Object, java.lang.Object, long)'> (0x0000000710d77ef0) 
thrown [s\open\src\hotspot\share\interpreter\linkResolver.cpp, line 759]
Event: 1.662 Thread 0x00000252b3877a00 Exception <a 'java/lang/NoSuchMethodError'{0x0000000710d7ba60}: 'java.lang.Object java.lang.invoke.Invokers$Holder.linkToTargetMethod(java.lang.Object, long, java.lang.Object)'> (0x0000000710d7ba60) 
thrown [s\open\src\hotspot\share\interpreter\linkResolver.cpp, line 759]
Event: 3.443 Thread 0x00000252b3877a00 Exception <a 'java/lang/NoSuchMethodError'{0x0000000710df3ef8}: 'java.lang.Object java.lang.invoke.DirectMethodHandle$Holder.newInvokeSpecial(java.lang.Object, java.lang.Object, int, int, int, int, int, java.lang.Object)'> (0x0000000710df3ef8) 
thrown [s\open\src\hotspot\share\interpreter\linkResolver.cpp, line 759]
Event: 3.448 Thread 0x00000252b3877a00 Exception <a 'java/lang/NoSuchMethodError'{0x00000007104073c8}: 'java.lang.Object java.lang.invoke.DirectMethodHandle$Holder.newInvokeSpecial(java.lang.Object, java.lang.Object, java.lang.Object, int, int, int, int, int)'> (0x00000007104073c8) 
thrown [s\open\src\hotspot\share\interpreter\linkResolver.cpp, line 759]
Event: 3.448 Thread 0x00000252b3877a00 Exception <a 'java/lang/NoSuchMethodError'{0x000000071040ec28}: 'java.lang.Object java.lang.invoke.Invokers$Holder.linkToTargetMethod(java.lang.Object, java.lang.Object, int, int, int, int, int, java.lang.Object)'> (0x000000071040ec28) 
thrown [s\open\src\hotspot\share\interpreter\linkResolver.cpp, line 759]
Event: 3.562 Thread 0x00000252b3877a00 Exception <a 'java/io/FileNotFoundException'{0x0000000710511cc8}> (0x0000000710511cc8) 
thrown [s\open\src\hotspot\share\prims\jni.cpp, line 516]
Event: 3.563 Thread 0x00000252b3877a00 Exception <a 'java/io/FileNotFoundException'{0x0000000710516518}> (0x0000000710516518) 
thrown [s\open\src\hotspot\share\prims\jni.cpp, line 516]
Event: 3.589 Thread 0x00000252b3877a00 Exception <a 'sun/nio/fs/WindowsException'{0x00000007105c4b48}> (0x00000007105c4b48) 
thrown [s\open\src\hotspot\share\prims\jni.cpp, line 516]
Event: 12.086 Thread 0x00000252b3877a00 Exception <a 'java/lang/NoSuchMethodError'{0x0000000710352340}: static Lgov/iti/link/business/DTOs/UserDTO;.<clinit>()V> (0x0000000710352340) 
thrown [s\open\src\hotspot\share\prims\jni.cpp, line 1107]
Event: 12.186 Thread 0x00000252b3877a00 Exception <a 'sun/nio/fs/WindowsException'{0x000000070fe800c0}> (0x000000070fe800c0) 
thrown [s\open\src\hotspot\share\prims\jni.cpp, line 516]
Event: 12.213 Thread 0x00000252b9cffb70 Exception <a 'java/lang/NoSuchMethodError'{0x000000070ff82f18}: 'java.lang.Object java.lang.invoke.DirectMethodHandle$Holder.newInvokeSpecial(java.lang.Object, java.lang.Object, java.lang.Object, int)'> (0x000000070ff82f18) 
thrown [s\open\src\hotspot\share\interpreter\linkResolver.cpp, line 759]
Event: 12.213 Thread 0x00000252b9cffb70 Exception <a 'java/lang/NoSuchMethodError'{0x000000070ff872f8}: 'java.lang.Object java.lang.invoke.DirectMethodHandle$Holder.invokeSpecial(java.lang.Object, java.lang.Object, java.lang.Object, java.lang.Object, int)'> (0x000000070ff872f8) 
thrown [s\open\src\hotspot\share\interpreter\linkResolver.cpp, line 759]
Event: 12.213 Thread 0x00000252b9cffb70 Exception <a 'java/lang/NoSuchMethodError'{0x000000070ff8aec0}: 'java.lang.Object java.lang.invoke.Invokers$Holder.linkToTargetMethod(java.lang.Object, java.lang.Object, int, java.lang.Object)'> (0x000000070ff8aec0) 
thrown [s\open\src\hotspot\share\interpreter\linkResolver.cpp, line 759]
Event: 12.262 Thread 0x00000252b3877a00 Exception <a 'java/lang/NoSuchMethodError'{0x000000070fed4308}: static Lgov/iti/link/business/DTOs/ContactDto;.<clinit>()V> (0x000000070fed4308) 
thrown [s\open\src\hotspot\share\prims\jni.cpp, line 1107]
Event: 12.374 Thread 0x00000252b3877a00 Exception <a 'java/lang/NoSuchMethodError'{0x000000070f9a6680}: 'void java.lang.invoke.DirectMethodHandle$Holder.invokeSpecial(java.lang.Object, java.lang.Object, int, int)'> (0x000000070f9a6680) 
thrown [s\open\src\hotspot\share\interpreter\linkResolver.cpp, line 759]
Event: 12.375 Thread 0x00000252b3877a00 Exception <a 'java/lang/NoSuchMethodError'{0x000000070f9ad110}: 'java.lang.Object java.lang.invoke.DirectMethodHandle$Holder.newInvokeSpecial(java.lang.Object, java.lang.Object, int, int)'> (0x000000070f9ad110) 
thrown [s\open\src\hotspot\share\interpreter\linkResolver.cpp, line 759]
Event: 12.497 Thread 0x00000252b3875850 Exception <a 'java/lang/NoSuchMethodError'{0x000000070f45df68}: 'java.lang.Object java.lang.invoke.DirectMethodHandle$Holder.invokeStaticInit(java.lang.Object, int)'> (0x000000070f45df68) 
thrown [s\open\src\hotspot\share\interpreter\linkResolver.cpp, line 759]

VM Operations (20 events):
Event: 6.587 Executing VM operation: Cleanup
Event: 6.587 Executing VM operation: Cleanup done
Event: 7.588 Executing VM operation: Cleanup
Event: 7.588 Executing VM operation: Cleanup done
Event: 8.588 Executing VM operation: Cleanup
Event: 8.589 Executing VM operation: Cleanup done
Event: 9.395 Executing VM operation: HandshakeAllThreads
Event: 9.395 Executing VM operation: HandshakeAllThreads done
Event: 10.395 Executing VM operation: Cleanup
Event: 10.395 Executing VM operation: Cleanup done
Event: 12.046 Executing VM operation: HandshakeAllThreads
Event: 12.046 Executing VM operation: HandshakeAllThreads done
Event: 12.046 Executing VM operation: Cleanup
Event: 12.046 Executing VM operation: Cleanup done
Event: 12.174 Executing VM operation: HandshakeAllThreads
Event: 12.174 Executing VM operation: HandshakeAllThreads done
Event: 12.343 Executing VM operation: HandshakeAllThreads
Event: 12.343 Executing VM operation: HandshakeAllThreads done
Event: 12.350 Executing VM operation: ICBufferFull
Event: 12.350 Executing VM operation: ICBufferFull done

Events (20 events):
Event: 12.189 loading class java/rmi/server/ServerNotActiveException
Event: 12.190 loading class java/rmi/server/ServerNotActiveException done
Event: 12.191 loading class sun/rmi/transport/DGCAckHandler
Event: 12.191 loading class sun/rmi/transport/DGCAckHandler done
Event: 12.192 loading class sun/rmi/transport/DGCAckHandler$1
Event: 12.192 loading class sun/rmi/transport/DGCAckHandler$1 done
Event: 12.205 loading class sun/rmi/transport/tcp/TCPTransport$ConnectionHandler
Event: 12.205 loading class sun/rmi/transport/tcp/TCPTransport$ConnectionHandler done
Event: 12.205 Thread 0x00000252b9cffb70 Thread added: 0x00000252b9cffb70
Event: 12.208 loading class sun/rmi/transport/Transport$1
Event: 12.208 loading class sun/rmi/transport/Transport$1 done
Event: 12.209 loading class sun/rmi/transport/DGCImpl$LeaseInfo
Event: 12.209 loading class sun/rmi/transport/DGCImpl$LeaseInfo done
Event: 12.209 loading class sun/rmi/transport/DGCImpl$1
Event: 12.209 loading class sun/rmi/transport/DGCImpl$1 done
Event: 12.209 loading class sun/rmi/transport/SequenceEntry
Event: 12.209 loading class sun/rmi/transport/SequenceEntry done
Event: 12.271 loading class java/util/Vector$Itr
Event: 12.272 loading class java/util/Vector$Itr done
Event: 12.380 Thread 0x00000252ba0cf330 Thread added: 0x00000252ba0cf330


Dynamic libraries:
0x00007ff727a20000 - 0x00007ff727a30000 	E:\Program Files\Java\jdk-17.0.5\bin\java.exe
0x00007ffc0c470000 - 0x00007ffc0c668000 	C:\Windows\SYSTEM32\ntdll.dll
0x00007ffc0b9f0000 - 0x00007ffc0baaf000 	C:\Windows\System32\KERNEL32.DLL
0x00007ffc09c60000 - 0x00007ffc09f32000 	C:\Windows\System32\KERNELBASE.dll
0x00007ffc09b60000 - 0x00007ffc09c60000 	C:\Windows\System32\ucrtbase.dll
0x00007ffc052a0000 - 0x00007ffc052ba000 	E:\Program Files\Java\jdk-17.0.5\bin\VCRUNTIME140.dll
0x00007ffc05250000 - 0x00007ffc05268000 	E:\Program Files\Java\jdk-17.0.5\bin\jli.dll
0x00007ffc0bba0000 - 0x00007ffc0bc4e000 	C:\Windows\System32\ADVAPI32.dll
0x00007ffc0a9a0000 - 0x00007ffc0aa3e000 	C:\Windows\System32\msvcrt.dll
0x00007ffc0a900000 - 0x00007ffc0a99c000 	C:\Windows\System32\sechost.dll
0x00007ffc0be80000 - 0x00007ffc0bfa5000 	C:\Windows\System32\RPCRT4.dll
0x00007ffc0bcd0000 - 0x00007ffc0be71000 	C:\Windows\System32\USER32.dll
0x00007ffc0a000000 - 0x00007ffc0a022000 	C:\Windows\System32\win32u.dll
0x00007ffc08f60000 - 0x00007ffc091fa000 	C:\Windows\WinSxS\amd64_microsoft.windows.common-controls_6595b64144ccf1df_6.0.19041.1110_none_60b5254171f9507e\COMCTL32.dll
0x00007ffc0bab0000 - 0x00007ffc0badb000 	C:\Windows\System32\GDI32.dll
0x00007ffc0a030000 - 0x00007ffc0a13f000 	C:\Windows\System32\gdi32full.dll
0x00007ffc0a410000 - 0x00007ffc0a4ad000 	C:\Windows\System32\msvcp_win.dll
0x00007ffc067a0000 - 0x00007ffc067aa000 	C:\Windows\SYSTEM32\VERSION.dll
0x00007ffc0bfb0000 - 0x00007ffc0bfe2000 	C:\Windows\System32\IMM32.DLL
0x00007ffc05290000 - 0x00007ffc0529c000 	E:\Program Files\Java\jdk-17.0.5\bin\vcruntime140_1.dll
0x00007ffbfc810000 - 0x00007ffbfc89d000 	E:\Program Files\Java\jdk-17.0.5\bin\msvcp140.dll
0x00007ffbd51a0000 - 0x00007ffbd5d62000 	E:\Program Files\Java\jdk-17.0.5\bin\server\jvm.dll
0x00007ffc0c3c0000 - 0x00007ffc0c3c8000 	C:\Windows\System32\PSAPI.DLL
0x00007ffbf1050000 - 0x00007ffbf1059000 	C:\Windows\SYSTEM32\WSOCK32.dll
0x00007ffc0b980000 - 0x00007ffc0b9eb000 	C:\Windows\System32\WS2_32.dll
0x00007ffbfebe0000 - 0x00007ffbfec07000 	C:\Windows\SYSTEM32\WINMM.dll
0x00007ffc07590000 - 0x00007ffc075a2000 	C:\Windows\SYSTEM32\kernel.appcore.dll
0x00007ffc05240000 - 0x00007ffc0524a000 	E:\Program Files\Java\jdk-17.0.5\bin\jimage.dll
0x00007ffc09590000 - 0x00007ffc09774000 	C:\Windows\SYSTEM32\DBGHELP.DLL
0x00007ffc09330000 - 0x00007ffc09365000 	C:\Windows\SYSTEM32\dbgcore.DLL
0x00007ffc0a170000 - 0x00007ffc0a1f2000 	C:\Windows\System32\bcryptPrimitives.dll
0x00007ffc04120000 - 0x00007ffc04145000 	E:\Program Files\Java\jdk-17.0.5\bin\java.dll
0x00007ffbecc40000 - 0x00007ffbecd16000 	E:\Program Files\Java\jdk-17.0.5\bin\jsvml.dll
0x00007ffc0aaa0000 - 0x00007ffc0b1e4000 	C:\Windows\System32\SHELL32.dll
0x00007ffc075b0000 - 0x00007ffc07d42000 	C:\Windows\SYSTEM32\windows.storage.dll
0x00007ffc0a4b0000 - 0x00007ffc0a805000 	C:\Windows\System32\combase.dll
0x00007ffc08ec0000 - 0x00007ffc08ef0000 	C:\Windows\SYSTEM32\Wldp.dll
0x00007ffc0bff0000 - 0x00007ffc0c09d000 	C:\Windows\System32\SHCORE.dll
0x00007ffc0a810000 - 0x00007ffc0a865000 	C:\Windows\System32\shlwapi.dll
0x00007ffc09aa0000 - 0x00007ffc09abf000 	C:\Windows\SYSTEM32\profapi.dll
0x00007ffc021d0000 - 0x00007ffc021e9000 	E:\Program Files\Java\jdk-17.0.5\bin\net.dll
0x00007ffc00030000 - 0x00007ffc0013c000 	C:\Windows\SYSTEM32\WINHTTP.dll
0x00007ffc08d90000 - 0x00007ffc08dfa000 	C:\Windows\system32\mswsock.dll
0x00007ffc02120000 - 0x00007ffc02136000 	E:\Program Files\Java\jdk-17.0.5\bin\nio.dll
0x00007ffc029a0000 - 0x00007ffc029b8000 	E:\Program Files\Java\jdk-17.0.5\bin\zip.dll
0x000002528eb00000 - 0x000002528eb03000 	C:\Users\Rahomy\.openjfx\cache\19+11\amd64\api-ms-win-core-console-l1-1-0.dll
0x000002528eb10000 - 0x000002528eb13000 	C:\Users\Rahomy\.openjfx\cache\19+11\amd64\api-ms-win-core-console-l1-2-0.dll
0x0000025290a90000 - 0x0000025290a93000 	C:\Users\Rahomy\.openjfx\cache\19+11\amd64\api-ms-win-core-datetime-l1-1-0.dll
0x0000025290aa0000 - 0x0000025290aa3000 	C:\Users\Rahomy\.openjfx\cache\19+11\amd64\api-ms-win-core-debug-l1-1-0.dll
0x0000025290ab0000 - 0x0000025290ab3000 	C:\Users\Rahomy\.openjfx\cache\19+11\amd64\api-ms-win-core-errorhandling-l1-1-0.dll
0x0000025290ac0000 - 0x0000025290ac4000 	C:\Users\Rahomy\.openjfx\cache\19+11\amd64\api-ms-win-core-file-l1-1-0.dll
0x00000252b3990000 - 0x00000252b3993000 	C:\Users\Rahomy\.openjfx\cache\19+11\amd64\api-ms-win-core-file-l1-2-0.dll
0x00000252b39a0000 - 0x00000252b39a3000 	C:\Users\Rahomy\.openjfx\cache\19+11\amd64\api-ms-win-core-file-l2-1-0.dll
0x00000252b39b0000 - 0x00000252b39b3000 	C:\Users\Rahomy\.openjfx\cache\19+11\amd64\api-ms-win-core-handle-l1-1-0.dll
0x00000252b39c0000 - 0x00000252b39c3000 	C:\Users\Rahomy\.openjfx\cache\19+11\amd64\api-ms-win-core-heap-l1-1-0.dll
0x00000252b39d0000 - 0x00000252b39d3000 	C:\Users\Rahomy\.openjfx\cache\19+11\amd64\api-ms-win-core-interlocked-l1-1-0.dll
0x00000252b39e0000 - 0x00000252b39e3000 	C:\Users\Rahomy\.openjfx\cache\19+11\amd64\api-ms-win-core-libraryloader-l1-1-0.dll
0x00000252b39f0000 - 0x00000252b39f3000 	C:\Users\Rahomy\.openjfx\cache\19+11\amd64\api-ms-win-core-localization-l1-2-0.dll
0x00000252b3a00000 - 0x00000252b3a03000 	C:\Users\Rahomy\.openjfx\cache\19+11\amd64\api-ms-win-core-memory-l1-1-0.dll
0x00000252b3a10000 - 0x00000252b3a13000 	C:\Users\Rahomy\.openjfx\cache\19+11\amd64\api-ms-win-core-namedpipe-l1-1-0.dll
0x00000252b3a20000 - 0x00000252b3a23000 	C:\Users\Rahomy\.openjfx\cache\19+11\amd64\api-ms-win-core-processenvironment-l1-1-0.dll
0x00000252b3a30000 - 0x00000252b3a33000 	C:\Users\Rahomy\.openjfx\cache\19+11\amd64\api-ms-win-core-processthreads-l1-1-0.dll
0x00000252b3a40000 - 0x00000252b3a43000 	C:\Users\Rahomy\.openjfx\cache\19+11\amd64\api-ms-win-core-processthreads-l1-1-1.dll
0x00000252b3a50000 - 0x00000252b3a53000 	C:\Users\Rahomy\.openjfx\cache\19+11\amd64\api-ms-win-core-profile-l1-1-0.dll
0x00000252b3a60000 - 0x00000252b3a63000 	C:\Users\Rahomy\.openjfx\cache\19+11\amd64\api-ms-win-core-rtlsupport-l1-1-0.dll
0x00000252b3a70000 - 0x00000252b3a73000 	C:\Users\Rahomy\.openjfx\cache\19+11\amd64\api-ms-win-core-string-l1-1-0.dll
0x00000252b3a80000 - 0x00000252b3a83000 	C:\Users\Rahomy\.openjfx\cache\19+11\amd64\api-ms-win-core-synch-l1-1-0.dll
0x00000252b3a90000 - 0x00000252b3a93000 	C:\Users\Rahomy\.openjfx\cache\19+11\amd64\api-ms-win-core-synch-l1-2-0.dll
0x00000252b3aa0000 - 0x00000252b3aa3000 	C:\Users\Rahomy\.openjfx\cache\19+11\amd64\api-ms-win-core-sysinfo-l1-1-0.dll
0x00000252b3ab0000 - 0x00000252b3ab3000 	C:\Users\Rahomy\.openjfx\cache\19+11\amd64\api-ms-win-core-timezone-l1-1-0.dll
0x00000252b3ac0000 - 0x00000252b3ac3000 	C:\Users\Rahomy\.openjfx\cache\19+11\amd64\api-ms-win-core-util-l1-1-0.dll
0x00000252b3ad0000 - 0x00000252b3ad3000 	C:\Users\Rahomy\.openjfx\cache\19+11\amd64\api-ms-win-crt-conio-l1-1-0.dll
0x00000252b3ae0000 - 0x00000252b3ae4000 	C:\Users\Rahomy\.openjfx\cache\19+11\amd64\api-ms-win-crt-convert-l1-1-0.dll
0x00000252b3af0000 - 0x00000252b3af3000 	C:\Users\Rahomy\.openjfx\cache\19+11\amd64\api-ms-win-crt-environment-l1-1-0.dll
0x00000252b3b00000 - 0x00000252b3b03000 	C:\Users\Rahomy\.openjfx\cache\19+11\amd64\api-ms-win-crt-filesystem-l1-1-0.dll
0x00000252b3b10000 - 0x00000252b3b13000 	C:\Users\Rahomy\.openjfx\cache\19+11\amd64\api-ms-win-crt-heap-l1-1-0.dll
0x00000252b3b20000 - 0x00000252b3b23000 	C:\Users\Rahomy\.openjfx\cache\19+11\amd64\api-ms-win-crt-locale-l1-1-0.dll
0x00000252b3b30000 - 0x00000252b3b35000 	C:\Users\Rahomy\.openjfx\cache\19+11\amd64\api-ms-win-crt-math-l1-1-0.dll
0x00000252b3b40000 - 0x00000252b3b45000 	C:\Users\Rahomy\.openjfx\cache\19+11\amd64\api-ms-win-crt-multibyte-l1-1-0.dll
0x00000252b3b50000 - 0x00000252b3b60000 	C:\Users\Rahomy\.openjfx\cache\19+11\amd64\api-ms-win-crt-private-l1-1-0.dll
0x00000252b3b60000 - 0x00000252b3b63000 	C:\Users\Rahomy\.openjfx\cache\19+11\amd64\api-ms-win-crt-process-l1-1-0.dll
0x00000252b3b70000 - 0x00000252b3b74000 	C:\Users\Rahomy\.openjfx\cache\19+11\amd64\api-ms-win-crt-runtime-l1-1-0.dll
0x00000252b3b80000 - 0x00000252b3b84000 	C:\Users\Rahomy\.openjfx\cache\19+11\amd64\api-ms-win-crt-stdio-l1-1-0.dll
0x00000252b3b90000 - 0x00000252b3b94000 	C:\Users\Rahomy\.openjfx\cache\19+11\amd64\api-ms-win-crt-string-l1-1-0.dll
0x00000252b3ba0000 - 0x00000252b3ba3000 	C:\Users\Rahomy\.openjfx\cache\19+11\amd64\api-ms-win-crt-time-l1-1-0.dll
0x00000252b3bb0000 - 0x00000252b3bb3000 	C:\Users\Rahomy\.openjfx\cache\19+11\amd64\api-ms-win-crt-utility-l1-1-0.dll
0x00007ffbe0530000 - 0x00007ffbe062c000 	C:\Users\Rahomy\.openjfx\cache\19+11\amd64\ucrtbase.dll
0x00007ffc042f0000 - 0x00007ffc0430b000 	C:\Users\Rahomy\.openjfx\cache\19+11\amd64\vcruntime140.dll
0x00007ffc042e0000 - 0x00007ffc042ec000 	C:\Users\Rahomy\.openjfx\cache\19+11\amd64\vcruntime140_1.dll
0x00007ffc01db0000 - 0x00007ffc01e3e000 	C:\Users\Rahomy\.openjfx\cache\19+11\amd64\msvcp140.dll
0x00007ffc04110000 - 0x00007ffc04119000 	C:\Users\Rahomy\.openjfx\cache\19+11\amd64\msvcp140_1.dll
0x00007ffc040e0000 - 0x00007ffc04110000 	C:\Users\Rahomy\.openjfx\cache\19+11\amd64\msvcp140_2.dll
0x00007ffc02340000 - 0x00007ffc0236c000 	C:\Users\Rahomy\.openjfx\cache\19+11\amd64\prism_d3d.dll
0x00007ffbac380000 - 0x00007ffbac54e000 	C:\Windows\system32\d3d9.dll
0x00007ffc070b0000 - 0x00007ffc070df000 	C:\Windows\SYSTEM32\dwmapi.dll
0x00007ffc06e80000 - 0x00007ffc06f1e000 	C:\Windows\system32\uxtheme.dll
0x00007ffb94b70000 - 0x00007ffb970ad000 	C:\Windows\SYSTEM32\igdumdim64.dll
0x00007ffc0c2f0000 - 0x00007ffc0c3bd000 	C:\Windows\System32\OLEAUT32.dll
0x00007ffc0c1c0000 - 0x00007ffc0c2ea000 	C:\Windows\System32\ole32.dll
0x00007ffc0b1f0000 - 0x00007ffc0b658000 	C:\Windows\System32\SETUPAPI.dll
0x00007ffc09fb0000 - 0x00007ffc09ffe000 	C:\Windows\System32\cfgmgr32.dll
0x00007ffc0a140000 - 0x00007ffc0a167000 	C:\Windows\System32\bcrypt.dll
0x00007ffc02160000 - 0x00007ffc021a2000 	C:\Users\Rahomy\.openjfx\cache\19+11\amd64\glass.dll
0x00007ffc0b6d0000 - 0x00007ffc0b7aa000 	C:\Windows\System32\COMDLG32.dll
0x00007ffc0c0a0000 - 0x00007ffc0c1b5000 	C:\Windows\System32\MSCTF.dll
0x00007ffbf7630000 - 0x00007ffbf806f000 	C:\Windows\SYSTEM32\igdusc64.dll
0x00007ffc03ef0000 - 0x00007ffc03f2b000 	C:\Windows\SYSTEM32\dxcore.dll
0x00007ffbf0520000 - 0x00007ffbf0537000 	C:\Windows\system32\napinsp.dll
0x00007ffbefff0000 - 0x00007ffbf000b000 	C:\Windows\system32\pnrpnsp.dll
0x00007ffbeffd0000 - 0x00007ffbeffe5000 	C:\Windows\system32\wshbth.dll
0x00007ffc068a0000 - 0x00007ffc068bd000 	C:\Windows\system32\NLAapi.dll
0x00007ffc08910000 - 0x00007ffc0894b000 	C:\Windows\SYSTEM32\IPHLPAPI.DLL
0x00007ffc08950000 - 0x00007ffc08a1a000 	C:\Windows\SYSTEM32\DNSAPI.dll
0x00007ffc0bae0000 - 0x00007ffc0bae8000 	C:\Windows\System32\NSI.dll
0x00007ffbeffb0000 - 0x00007ffbeffc2000 	C:\Windows\System32\winrnr.dll
0x00007ffbfbea0000 - 0x00007ffbfbeaa000 	C:\Windows\System32\rasadhlp.dll
0x00007ffbf94f0000 - 0x00007ffbf9570000 	C:\Windows\System32\fwpuclnt.dll
0x00007ffc098f0000 - 0x00007ffc09908000 	C:\Windows\SYSTEM32\CRYPTSP.dll
0x00007ffc085a0000 - 0x00007ffc085d4000 	C:\Windows\system32\rsaenh.dll
0x00007ffc09a60000 - 0x00007ffc09a8e000 	C:\Windows\SYSTEM32\USERENV.dll
0x00007ffc08e80000 - 0x00007ffc08e8c000 	C:\Windows\SYSTEM32\CRYPTBASE.dll
0x00007ffc00f30000 - 0x00007ffc00f47000 	C:\Windows\SYSTEM32\dhcpcsvc6.DLL
0x00007ffc014b0000 - 0x00007ffc014cd000 	C:\Windows\SYSTEM32\dhcpcsvc.DLL
0x00007ffc040a0000 - 0x00007ffc040a7000 	E:\Program Files\Java\jdk-17.0.5\bin\rmi.dll
0x00007ffc02140000 - 0x00007ffc02154000 	C:\Users\Rahomy\.openjfx\cache\19+11\amd64\javafx_font.dll
0x00007ffbf8070000 - 0x00007ffbf82ef000 	C:\Windows\SYSTEM32\dwrite.dll
0x00007ffc020f0000 - 0x00007ffc0211d000 	C:\Users\Rahomy\.openjfx\cache\19+11\amd64\javafx_iio.dll
0x00007ffc0baf0000 - 0x00007ffc0bb9f000 	C:\Windows\System32\clbcatq.dll

dbghelp: loaded successfully - version: 4.0.5 - missing functions: none
symbol engine: initialized successfully - sym options: 0x614 - pdb path: .;E:\Program Files\Java\jdk-17.0.5\bin;C:\Windows\SYSTEM32;C:\Windows\WinSxS\amd64_microsoft.windows.common-controls_6595b64144ccf1df_6.0.19041.1110_none_60b5254171f9507e;E:\Program Files\Java\jdk-17.0.5\bin\server;C:\Users\Rahomy\.openjfx\cache\19+11\amd64;C:\Program Files\Common Files\Microsoft Shared\Ink

VM Arguments:
jvm_args: --module-path=D:\ITI\ITI-ChatApp-Link\client\target\classes;C:\Users\Rahomy\.m2\repository\com\mysql\mysql-connector-j\8.0.32\mysql-connector-j-8.0.32.jar;C:\Users\Rahomy\.m2\repository\org\openjfx\javafx-base\19\javafx-base-19-win.jar;C:\Users\Rahomy\.m2\repository\org\openjfx\javafx-controls\19\javafx-controls-19-win.jar;C:\Users\Rahomy\.m2\repository\org\openjfx\javafx-fxml\19\javafx-fxml-19-win.jar;C:\Users\Rahomy\.m2\repository\org\openjfx\javafx-graphics\19\javafx-graphics-19-win.jar --add-modules=gov.iti.link -Djdk.module.main=gov.iti.link 
java_command: gov.iti.link/gov.iti.link.App
java_class_path (initial): C:\Users\Rahomy\.m2\repository\com\google\protobuf\protobuf-java\3.21.9\protobuf-java-3.21.9.jar;C:\Users\Rahomy\.m2\repository\org\openjfx\javafx-base\19\javafx-base-19.jar;C:\Users\Rahomy\.m2\repository\org\openjfx\javafx-controls\19\javafx-controls-19.jar;C:\Users\Rahomy\.m2\repository\org\openjfx\javafx-fxml\19\javafx-fxml-19.jar;C:\Users\Rahomy\.m2\repository\org\openjfx\javafx-graphics\19\javafx-graphics-19.jar
Launcher Type: SUN_STANDARD

[Global flags]
     intx CICompilerCount                          = 4                                         {product} {ergonomic}
     uint ConcGCThreads                            = 2                                         {product} {ergonomic}
     uint G1ConcRefinementThreads                  = 8                                         {product} {ergonomic}
   size_t G1HeapRegionSize                         = 2097152                                   {product} {ergonomic}
    uintx GCDrainStackTargetSize                   = 64                                        {product} {ergonomic}
   size_t InitialHeapSize                          = 268435456                                 {product} {ergonomic}
   size_t MarkStackSize                            = 4194304                                   {product} {ergonomic}
   size_t MaxHeapSize                              = 4271898624                                {product} {ergonomic}
   size_t MaxNewSize                               = 2562719744                                {product} {ergonomic}
   size_t MinHeapDeltaBytes                        = 2097152                                   {product} {ergonomic}
   size_t MinHeapSize                              = 8388608                                   {product} {ergonomic}
    uintx NonNMethodCodeHeapSize                   = 5839372                                {pd product} {ergonomic}
    uintx NonProfiledCodeHeapSize                  = 122909434                              {pd product} {ergonomic}
    uintx ProfiledCodeHeapSize                     = 122909434                              {pd product} {ergonomic}
    uintx ReservedCodeCacheSize                    = 251658240                              {pd product} {ergonomic}
     bool SegmentedCodeCache                       = true                                      {product} {ergonomic}
   size_t SoftMaxHeapSize                          = 4271898624                             {manageable} {ergonomic}
     bool UseCompressedClassPointers               = true                           {product lp64_product} {ergonomic}
     bool UseCompressedOops                        = true                           {product lp64_product} {ergonomic}
     bool UseG1GC                                  = true                                      {product} {ergonomic}
     bool UseLargePagesIndividualAllocation        = false                                  {pd product} {ergonomic}

Logging:
Log output configuration:
 #0: stdout all=warning uptime,level,tags
 #1: stderr all=off uptime,level,tags

Environment Variables:
JAVA_HOME=E:\Program Files\Java\jdk-17.0.5
PATH=C:\ProgramData\Oracle\Java\javapath;C:\Program Files\Common Files\Oracle\Java\javapath;C:\oraclexe\app\oracle\product\11.2.0\server\bin;E:\Program Files (x86)\VMware\VMware Workstation\bin\;C:\Program Files\Microsoft MPI\Bin\;C:\Program Files (x86)\Intel\iCLS Client\;C:\Program Files\Intel\iCLS Client\;E:\ProgramData\Anaconda;E:\ProgramData\Anaconda\Library\mingw-w64\bin;E:\ProgramData\Anaconda\Library\usr\bin;E:\ProgramData\Anaconda\Library\bin;E:\ProgramData\Anaconda\Scripts;C:\Windows\system32;C:\Windows;C:\Windows\System32\Wbem;C:\Windows\System32\WindowsPowerShell\v1.0\;C:\Windows\System32\OpenSSH\;C:\Program Files\dotnet\;C:\Program Files\Microsoft SQL Server\130\Tools\Binn\;C:\Program Files\Microsoft SQL Server\Client SDK\ODBC\170\Tools\Binn\;E:\dart-sdk\bin;E:\flutter\bin;C:\Program Files (x86)\Intel\Intel(R) Management Engine Components\DAL;C:\Program Files\Intel\Intel(R) Management Engine Components\DAL;C:\Program Files (x86)\Intel\Intel(R) Management Engine Components\IPT;C:\Program Files\Intel\Intel(R) Management Engine Components\IPT;E:\Program Files\Java\jdk-17.0.5\bin;E:\Program Files\Java\jdk-13;C:\Program Files\Graphviz\bin;C:\Program Files (x86)\Microsoft SQL Server\150\DTS\Binn\;C:\Program Files\Azure Data Studio\bin;E:\apache-maven-3.8.6-bin\apache-maven-3.8.6\bin;C:\Program Files\Git\cmd;C:\Program Files\MySQL\MySQL Shell 8.0\bin\;C:\Users\Rahomy\AppData\Local\Microsoft\WindowsApps;E:\dart-sdk\bin;E:\flutter\bin;E:\Program Files\JetBrains\IntelliJ IDEA Community Edition 2022.3.1\bin;;C:\Users\Rahomy\.dotnet\tools;E:\Users\Rahomy\AppData\Local\Programs\Microsoft VS Code\bin;E:\php-8.1.7-nts-Win32-vs16-x64;C:\Program Files\Azure Data Studio\bin;E:\apache-maven-3.8.6-bin;E:\Program Files\JetBrains\IntelliJ IDEA 2022.1.4\bin;;E:\Program Files\Java\jdk-17.0.5\bin;E:\Program Files\Java\jdk-13\bin;C:\Users\Rahomy\AppData\Local\GitHubDesktop\bin
USERNAME=Rahomy
LANG=en_US.UTF-8
OS=Windows_NT
PROCESSOR_IDENTIFIER=Intel64 Family 6 Model 60 Stepping 3, GenuineIntel



---------------  S Y S T E M  ---------------

OS:
 Windows 10 , 64 bit Build 19041 (10.0.19041.2364)
OS uptime: 3 days 3:23 hours

CPU: total 8 (initial active 8) (4 cores per cpu, 2 threads per core) family 6 model 60 stepping 3 microcode 0x27, cx8, cmov, fxsr, ht, mmx, sse, sse2, sse3, ssse3, sse4.1, sse4.2, popcnt, lzcnt, tsc, tscinvbit, avx, avx2, aes, erms, clmul, bmi1, bmi2, fma, vzeroupper, clflush

Memory: 4k page, system-wide physical 16289M (2408M free)
TotalPageFile size 31473M (AvailPageFile size 12M)
current process WorkingSet (physical memory assigned to process): 216M, peak: 224M
current process commit charge ("private bytes"): 479M, peak: 487M

vm_info: Java HotSpot(TM) 64-Bit Server VM (17.0.5+9-LTS-191) for windows-amd64 JRE (17.0.5+9-LTS-191), built on Sep 13 2022 17:31:43 by "mach5one" with MS VC++ 16.8 / 16.9 (VS2019)

END.
