#
# There is insufficient memory for the Java Runtime Environment to continue.
# Native memory allocation (malloc) failed to allocate 2115360 bytes for Chunk::new
# Possible reasons:
#   The system is out of physical RAM or swap space
#   The process is running with CompressedOops enabled, and the Java Heap may be blocking the growth of the native heap
# Possible solutions:
#   Reduce memory load on the system
#   Increase physical memory or swap space
#   Check if swap backing store is full
#   Decrease Java heap size (-Xmx/-Xms)
#   Decrease number of Java threads
#   Decrease Java thread stack sizes (-Xss)
#   Set larger code cache with -XX:ReservedCodeCacheSize=
#   JVM is running with Zero Based Compressed Oops mode in which the Java heap is
#     placed in the first 32GB address space. The Java Heap base address is the
#     maximum limit for the native heap growth. Please use -XX:HeapBaseMinAddress
#     to set the Java Heap base and to place the Java Heap above 32GB virtual address.
# This output file may be truncated or incomplete.
#
#  Out of Memory Error (arena.cpp:189), pid=31548, tid=24760
#
# JRE version: Java(TM) SE Runtime Environment (17.0.5+9) (build 17.0.5+9-LTS-191)
# Java VM: Java HotSpot(TM) 64-Bit Server VM (17.0.5+9-LTS-191, mixed mode, sharing, tiered, compressed oops, compressed class ptrs, g1 gc, windows-amd64)
# No core dump will be written. Minidumps are not enabled by default on client versions of Windows
#

---------------  S U M M A R Y ------------

Command Line: -Dclassworlds.conf=E:\apache-maven-3.8.6-bin\apache-maven-3.8.6\bin\m2.conf -Dmaven.home=E:\apache-maven-3.8.6-bin\apache-maven-3.8.6 -Dlibrary.jansi.path=E:\apache-maven-3.8.6-bin\apache-maven-3.8.6\lib\jansi-native -Dmaven.multiModuleProjectDirectory=D:\ITI\ITI-ChatApp-Link\client org.codehaus.plexus.classworlds.launcher.Launcher clean compile javafx:run

Host: Intel(R) Core(TM) i7-4810MQ CPU @ 2.80GHz, 8 cores, 15G,  Windows 10 , 64 bit Build 19041 (10.0.19041.2364)
Time: Sat Feb  4 17:51:20 2023 Egypt Standard Time elapsed time: 4.146768 seconds (0d 0h 0m 4s)

---------------  T H R E A D  ---------------

Current thread (0x000002558cce34b0):  JavaThread "C2 CompilerThread1" daemon [_thread_in_native, id=24760, stack(0x000000772b300000,0x000000772b400000)]


Current CompileTask:
C2:   4146 5775   !   4       com.google.inject.spi.InjectionPoint::getInjectionPoints (489 bytes)

Stack: [0x000000772b300000,0x000000772b400000]
Native frames: (J=compiled Java code, j=interpreted, Vv=VM code, C=native code)
V  [jvm.dll+0x672eea]
V  [jvm.dll+0x7d2a04]
V  [jvm.dll+0x7d41ae]
V  [jvm.dll+0x7d4813]
V  [jvm.dll+0x242c15]
V  [jvm.dll+0xaa57b]
V  [jvm.dll+0xaab0c]
V  [jvm.dll+0x35ff97]
V  [jvm.dll+0x32a631]
V  [jvm.dll+0x329ada]
V  [jvm.dll+0x215cc1]
V  [jvm.dll+0x2150e1]
V  [jvm.dll+0x1a18ed]
V  [jvm.dll+0x22493a]
V  [jvm.dll+0x222aa5]
V  [jvm.dll+0x7885db]
V  [jvm.dll+0x782b4a]
V  [jvm.dll+0x671d75]
C  [ucrtbase.dll+0x21bb2]
C  [KERNEL32.DLL+0x17614]
C  [ntdll.dll+0x526a1]


---------------  P R O C E S S  ---------------

Threads class SMR info:
_java_thread_list=0x000002558d78da10, length=17, elements={
0x00000255e8aa6d80, 0x000002558b8ab950, 0x000002558b8ac9d0, 0x000002558b8c58a0,
0x000002558b8c7260, 0x000002558b8c7c10, 0x000002558b8c85c0, 0x000002558b8cc7a0,
0x000002558b8d61b0, 0x000002558c408480, 0x000002558c51de90, 0x000002558c52f990,
0x000002558cce34b0, 0x000002558ccedb70, 0x0000025591fcf0f0, 0x0000025591fcf5c0,
0x0000025591fc5ee0
}

Java Threads: ( => current thread )
  0x00000255e8aa6d80 JavaThread "main" [_thread_in_native, id=30064, stack(0x000000772a000000,0x000000772a100000)]
  0x000002558b8ab950 JavaThread "Reference Handler" daemon [_thread_blocked, id=18968, stack(0x000000772a700000,0x000000772a800000)]
  0x000002558b8ac9d0 JavaThread "Finalizer" daemon [_thread_blocked, id=21180, stack(0x000000772a800000,0x000000772a900000)]
  0x000002558b8c58a0 JavaThread "Signal Dispatcher" daemon [_thread_blocked, id=27748, stack(0x000000772a900000,0x000000772aa00000)]
  0x000002558b8c7260 JavaThread "Attach Listener" daemon [_thread_blocked, id=23408, stack(0x000000772aa00000,0x000000772ab00000)]
  0x000002558b8c7c10 JavaThread "Service Thread" daemon [_thread_blocked, id=29928, stack(0x000000772ab00000,0x000000772ac00000)]
  0x000002558b8c85c0 JavaThread "Monitor Deflation Thread" daemon [_thread_blocked, id=24860, stack(0x000000772ac00000,0x000000772ad00000)]
  0x000002558b8cc7a0 JavaThread "C2 CompilerThread0" daemon [_thread_blocked, id=27824, stack(0x000000772ad00000,0x000000772ae00000)]
  0x000002558b8d61b0 JavaThread "C1 CompilerThread0" daemon [_thread_blocked, id=19780, stack(0x000000772ae00000,0x000000772af00000)]
  0x000002558c408480 JavaThread "Sweeper thread" daemon [_thread_blocked, id=28188, stack(0x000000772af00000,0x000000772b000000)]
  0x000002558c51de90 JavaThread "Notification Thread" daemon [_thread_blocked, id=30708, stack(0x000000772b000000,0x000000772b100000)]
  0x000002558c52f990 JavaThread "Common-Cleaner" daemon [_thread_blocked, id=16144, stack(0x000000772b200000,0x000000772b300000)]
=>0x000002558cce34b0 JavaThread "C2 CompilerThread1" daemon [_thread_in_native, id=24760, stack(0x000000772b300000,0x000000772b400000)]
  0x000002558ccedb70 JavaThread "C2 CompilerThread2" daemon [_thread_in_native, id=30524, stack(0x000000772b400000,0x000000772b500000)]
  0x0000025591fcf0f0 JavaThread "Exec Stream Pumper" daemon [_thread_in_native, id=32044, stack(0x000000772be00000,0x000000772bf00000)]
  0x0000025591fcf5c0 JavaThread "Exec Stream Pumper" daemon [_thread_in_native, id=28212, stack(0x000000772bf00000,0x000000772c000000)]
  0x0000025591fc5ee0 JavaThread "Exec Input Stream Pumper" daemon [_thread_blocked, id=30984, stack(0x000000772c000000,0x000000772c100000)]

Other Threads:
  0x000002558b8a6d50 VMThread "VM Thread" [stack: 0x000000772a600000,0x000000772a700000] [id=23836]
  0x00000255e8b360d0 WatcherThread [stack: 0x000000772b100000,0x000000772b200000] [id=30200]
  0x00000255e8b13850 GCTaskThread "GC Thread#0" [stack: 0x000000772a100000,0x000000772a200000] [id=25924]
  0x000002558ccea810 GCTaskThread "GC Thread#1" [stack: 0x000000772b500000,0x000000772b600000] [id=23156]
  0x000002558cef9c60 GCTaskThread "GC Thread#2" [stack: 0x000000772b600000,0x000000772b700000] [id=18748]
  0x000002558cda5ca0 GCTaskThread "GC Thread#3" [stack: 0x000000772b700000,0x000000772b800000] [id=29672]
  0x000002558c60e0f0 GCTaskThread "GC Thread#4" [stack: 0x000000772b800000,0x000000772b900000] [id=14952]
  0x000002558d391a20 GCTaskThread "GC Thread#5" [stack: 0x000000772b900000,0x000000772ba00000] [id=30988]
  0x000002558d0fa1a0 GCTaskThread "GC Thread#6" [stack: 0x000000772ba00000,0x000000772bb00000] [id=27208]
  0x000002558d170110 GCTaskThread "GC Thread#7" [stack: 0x000000772bb00000,0x000000772bc00000] [id=10840]
  0x00000255e8b24620 ConcurrentGCThread "G1 Main Marker" [stack: 0x000000772a200000,0x000000772a300000] [id=30576]
  0x00000255e8b257d0 ConcurrentGCThread "G1 Conc#0" [stack: 0x000000772a300000,0x000000772a400000] [id=10376]
  0x000002558df60920 ConcurrentGCThread "G1 Conc#1" [stack: 0x000000772bc00000,0x000000772bd00000] [id=25000]
  0x000002558b7630e0 ConcurrentGCThread "G1 Refine#0" [stack: 0x000000772a400000,0x000000772a500000] [id=15596]
  0x000002558f1f7ba0 ConcurrentGCThread "G1 Refine#1" [stack: 0x000000772bd00000,0x000000772be00000] [id=25140]
  0x000002558b763b00 ConcurrentGCThread "G1 Service" [stack: 0x000000772a500000,0x000000772a600000] [id=29628]

Threads with active compile tasks:
C2 CompilerThread1     4164 5775   !   4       com.google.inject.spi.InjectionPoint::getInjectionPoints (489 bytes)
C2 CompilerThread2     4164 5761       4       jdk.internal.org.objectweb.asm.Frame::execute (2305 bytes)

VM state: not at safepoint (normal execution)

VM Mutex/Monitor currently owned by a thread: None

Heap address: 0x0000000701600000, size: 4074 MB, Compressed Oops mode: Zero based, Oop shift amount: 3

CDS archive(s) mapped at: [0x0000000800000000-0x0000000800bd0000-0x0000000800bd0000), size 12386304, SharedBaseAddress: 0x0000000800000000, ArchiveRelocationMode: 0.
Compressed class space mapped at: 0x0000000800c00000-0x0000000840c00000, reserved size: 1073741824
Narrow klass base: 0x0000000800000000, Narrow klass shift: 0, Narrow klass range: 0x100000000

GC Precious Log:
 CPUs: 8 total, 8 available
 Memory: 16289M
 Large Page Support: Disabled
 NUMA Support: Disabled
 Compressed Oops: Enabled (Zero based)
 Heap Region Size: 2M
 Heap Min Capacity: 8M
 Heap Initial Capacity: 256M
 Heap Max Capacity: 4074M
 Pre-touch: Disabled
 Parallel Workers: 8
 Concurrent Workers: 2
 Concurrent Refinement Workers: 8
 Periodic GC: Disabled

Heap:
 garbage-first heap   total 139264K, used 31398K [0x0000000701600000, 0x0000000800000000)
  region size 2048K, 5 young (10240K), 2 survivors (4096K)
 Metaspace       used 26818K, committed 27136K, reserved 1073152K
  class space    used 3099K, committed 3264K, reserved 1048576K

Heap Regions: E=young(eden), S=young(survivor), O=old, HS=humongous(starts), HC=humongous(continues), CS=collection set, F=free, OA=open archive, CA=closed archive, TAMS=top-at-mark-start (previous, next)
|   0|0x0000000701600000, 0x0000000701800000, 0x0000000701800000|100%| O|  |TAMS 0x0000000701800000, 0x0000000701600000| Untracked 
|   1|0x0000000701800000, 0x0000000701800000, 0x0000000701a00000|  0%| F|  |TAMS 0x0000000701800000, 0x0000000701800000| Untracked 
|   2|0x0000000701a00000, 0x0000000701c00000, 0x0000000701c00000|100%| O|  |TAMS 0x0000000701a00000, 0x0000000701a00000| Untracked 
|   3|0x0000000701c00000, 0x0000000701e00000, 0x0000000701e00000|100%|HS|  |TAMS 0x0000000701e00000, 0x0000000701c00000| Complete 
|   4|0x0000000701e00000, 0x0000000702000000, 0x0000000702000000|100%| O|  |TAMS 0x0000000701e00000, 0x0000000701e00000| Untracked 
|   5|0x0000000702000000, 0x0000000702200000, 0x0000000702200000|100%| O|  |TAMS 0x0000000702000000, 0x0000000702000000| Untracked 
|   6|0x0000000702200000, 0x0000000702400000, 0x0000000702400000|100%| O|  |TAMS 0x0000000702200000, 0x0000000702200000| Untracked 
|   7|0x0000000702400000, 0x0000000702600000, 0x0000000702600000|100%| O|  |TAMS 0x0000000702400000, 0x0000000702400000| Untracked 
|   8|0x0000000702600000, 0x0000000702800000, 0x0000000702800000|100%| O|  |TAMS 0x0000000702600000, 0x0000000702600000| Untracked 
|   9|0x0000000702800000, 0x0000000702a00000, 0x0000000702a00000|100%| O|  |TAMS 0x0000000702800000, 0x0000000702800000| Untracked 
|  10|0x0000000702a00000, 0x0000000702c00000, 0x0000000702c00000|100%| O|  |TAMS 0x0000000702a00000, 0x0000000702a00000| Untracked 
|  11|0x0000000702c00000, 0x0000000702e00000, 0x0000000702e00000|100%| O|  |TAMS 0x0000000702c00000, 0x0000000702c00000| Untracked 
|  12|0x0000000702e00000, 0x0000000702e00000, 0x0000000703000000|  0%| F|  |TAMS 0x0000000702e00000, 0x0000000702e00000| Untracked 
|  13|0x0000000703000000, 0x0000000703000000, 0x0000000703200000|  0%| F|  |TAMS 0x0000000703000000, 0x0000000703000000| Untracked 
|  14|0x0000000703200000, 0x0000000703200000, 0x0000000703400000|  0%| F|  |TAMS 0x0000000703200000, 0x0000000703200000| Untracked 
|  15|0x0000000703400000, 0x000000070357a800, 0x0000000703600000| 73%| O|  |TAMS 0x0000000703400000, 0x0000000703400000| Untracked 
|  16|0x0000000703600000, 0x0000000703600000, 0x0000000703800000|  0%| F|  |TAMS 0x0000000703600000, 0x0000000703600000| Untracked 
|  17|0x0000000703800000, 0x0000000703800000, 0x0000000703a00000|  0%| F|  |TAMS 0x0000000703800000, 0x0000000703800000| Untracked 
|  18|0x0000000703a00000, 0x0000000703a00000, 0x0000000703c00000|  0%| F|  |TAMS 0x0000000703a00000, 0x0000000703a00000| Untracked 
|  19|0x0000000703c00000, 0x0000000703c00000, 0x0000000703e00000|  0%| F|  |TAMS 0x0000000703c00000, 0x0000000703c00000| Untracked 
|  20|0x0000000703e00000, 0x0000000703e00000, 0x0000000704000000|  0%| F|  |TAMS 0x0000000703e00000, 0x0000000703e00000| Untracked 
|  21|0x0000000704000000, 0x000000070412f1e0, 0x0000000704200000| 59%| S|CS|TAMS 0x0000000704000000, 0x0000000704000000| Complete 
|  22|0x0000000704200000, 0x0000000704200000, 0x0000000704400000|  0%| F|  |TAMS 0x0000000704200000, 0x0000000704200000| Untracked 
|  23|0x0000000704400000, 0x0000000704400000, 0x0000000704600000|  0%| F|  |TAMS 0x0000000704400000, 0x0000000704400000| Untracked 
|  24|0x0000000704600000, 0x0000000704800000, 0x0000000704800000|100%| S|CS|TAMS 0x0000000704600000, 0x0000000704600000| Complete 
|  25|0x0000000704800000, 0x0000000704800000, 0x0000000704a00000|  0%| F|  |TAMS 0x0000000704800000, 0x0000000704800000| Untracked 
|  26|0x0000000704a00000, 0x0000000704a00000, 0x0000000704c00000|  0%| F|  |TAMS 0x0000000704a00000, 0x0000000704a00000| Untracked 
|  27|0x0000000704c00000, 0x0000000704c00000, 0x0000000704e00000|  0%| F|  |TAMS 0x0000000704c00000, 0x0000000704c00000| Untracked 
|  28|0x0000000704e00000, 0x0000000704e00000, 0x0000000705000000|  0%| F|  |TAMS 0x0000000704e00000, 0x0000000704e00000| Untracked 
|  29|0x0000000705000000, 0x0000000705000000, 0x0000000705200000|  0%| F|  |TAMS 0x0000000705000000, 0x0000000705000000| Untracked 
|  30|0x0000000705200000, 0x0000000705200000, 0x0000000705400000|  0%| F|  |TAMS 0x0000000705200000, 0x0000000705200000| Untracked 
|  31|0x0000000705400000, 0x0000000705400000, 0x0000000705600000|  0%| F|  |TAMS 0x0000000705400000, 0x0000000705400000| Untracked 
|  32|0x0000000705600000, 0x0000000705600000, 0x0000000705800000|  0%| F|  |TAMS 0x0000000705600000, 0x0000000705600000| Untracked 
|  33|0x0000000705800000, 0x0000000705800000, 0x0000000705a00000|  0%| F|  |TAMS 0x0000000705800000, 0x0000000705800000| Untracked 
|  34|0x0000000705a00000, 0x0000000705a00000, 0x0000000705c00000|  0%| F|  |TAMS 0x0000000705a00000, 0x0000000705a00000| Untracked 
|  35|0x0000000705c00000, 0x0000000705c00000, 0x0000000705e00000|  0%| F|  |TAMS 0x0000000705c00000, 0x0000000705c00000| Untracked 
|  36|0x0000000705e00000, 0x0000000705e00000, 0x0000000706000000|  0%| F|  |TAMS 0x0000000705e00000, 0x0000000705e00000| Untracked 
|  37|0x0000000706000000, 0x0000000706000000, 0x0000000706200000|  0%| F|  |TAMS 0x0000000706000000, 0x0000000706000000| Untracked 
|  38|0x0000000706200000, 0x0000000706200000, 0x0000000706400000|  0%| F|  |TAMS 0x0000000706200000, 0x0000000706200000| Untracked 
|  39|0x0000000706400000, 0x0000000706400000, 0x0000000706600000|  0%| F|  |TAMS 0x0000000706400000, 0x0000000706400000| Untracked 
|  40|0x0000000706600000, 0x0000000706600000, 0x0000000706800000|  0%| F|  |TAMS 0x0000000706600000, 0x0000000706600000| Untracked 
|  41|0x0000000706800000, 0x0000000706800000, 0x0000000706a00000|  0%| F|  |TAMS 0x0000000706800000, 0x0000000706800000| Untracked 
|  42|0x0000000706a00000, 0x0000000706a00000, 0x0000000706c00000|  0%| F|  |TAMS 0x0000000706a00000, 0x0000000706a00000| Untracked 
|  43|0x0000000706c00000, 0x0000000706c00000, 0x0000000706e00000|  0%| F|  |TAMS 0x0000000706c00000, 0x0000000706c00000| Untracked 
|  44|0x0000000706e00000, 0x0000000706e00000, 0x0000000707000000|  0%| F|  |TAMS 0x0000000706e00000, 0x0000000706e00000| Untracked 
|  45|0x0000000707000000, 0x0000000707000000, 0x0000000707200000|  0%| F|  |TAMS 0x0000000707000000, 0x0000000707000000| Untracked 
|  46|0x0000000707200000, 0x0000000707200000, 0x0000000707400000|  0%| F|  |TAMS 0x0000000707200000, 0x0000000707200000| Untracked 
|  47|0x0000000707400000, 0x0000000707400000, 0x0000000707600000|  0%| F|  |TAMS 0x0000000707400000, 0x0000000707400000| Untracked 
|  48|0x0000000707600000, 0x0000000707600000, 0x0000000707800000|  0%| F|  |TAMS 0x0000000707600000, 0x0000000707600000| Untracked 
|  49|0x0000000707800000, 0x0000000707800000, 0x0000000707a00000|  0%| F|  |TAMS 0x0000000707800000, 0x0000000707800000| Untracked 
|  50|0x0000000707a00000, 0x0000000707a00000, 0x0000000707c00000|  0%| F|  |TAMS 0x0000000707a00000, 0x0000000707a00000| Untracked 
|  51|0x0000000707c00000, 0x0000000707c00000, 0x0000000707e00000|  0%| F|  |TAMS 0x0000000707c00000, 0x0000000707c00000| Untracked 
|  52|0x0000000707e00000, 0x0000000707e00000, 0x0000000708000000|  0%| F|  |TAMS 0x0000000707e00000, 0x0000000707e00000| Untracked 
|  53|0x0000000708000000, 0x0000000708000000, 0x0000000708200000|  0%| F|  |TAMS 0x0000000708000000, 0x0000000708000000| Untracked 
|  54|0x0000000708200000, 0x0000000708200000, 0x0000000708400000|  0%| F|  |TAMS 0x0000000708200000, 0x0000000708200000| Untracked 
|  55|0x0000000708400000, 0x0000000708400000, 0x0000000708600000|  0%| F|  |TAMS 0x0000000708400000, 0x0000000708400000| Untracked 
|  56|0x0000000708600000, 0x0000000708600000, 0x0000000708800000|  0%| F|  |TAMS 0x0000000708600000, 0x0000000708600000| Untracked 
|  57|0x0000000708800000, 0x0000000708800000, 0x0000000708a00000|  0%| F|  |TAMS 0x0000000708800000, 0x0000000708800000| Untracked 
|  58|0x0000000708a00000, 0x0000000708a00000, 0x0000000708c00000|  0%| F|  |TAMS 0x0000000708a00000, 0x0000000708a00000| Untracked 
|  59|0x0000000708c00000, 0x0000000708c00000, 0x0000000708e00000|  0%| F|  |TAMS 0x0000000708c00000, 0x0000000708c00000| Untracked 
|  60|0x0000000708e00000, 0x0000000708e00000, 0x0000000709000000|  0%| F|  |TAMS 0x0000000708e00000, 0x0000000708e00000| Untracked 
|  78|0x000000070b200000, 0x000000070b200000, 0x000000070b400000|  0%| F|  |TAMS 0x000000070b200000, 0x000000070b200000| Untracked 
|  79|0x000000070b400000, 0x000000070b400000, 0x000000070b600000|  0%| F|  |TAMS 0x000000070b400000, 0x000000070b400000| Untracked 
|  80|0x000000070b600000, 0x000000070b600000, 0x000000070b800000|  0%| F|  |TAMS 0x000000070b600000, 0x000000070b600000| Untracked 
|  81|0x000000070b800000, 0x000000070b800000, 0x000000070ba00000|  0%| F|  |TAMS 0x000000070b800000, 0x000000070b800000| Untracked 
|  82|0x000000070ba00000, 0x000000070bc00000, 0x000000070bc00000|100%| E|  |TAMS 0x000000070ba00000, 0x000000070ba00000| Complete 
|  83|0x000000070bc00000, 0x000000070be00000, 0x000000070be00000|100%| E|CS|TAMS 0x000000070bc00000, 0x000000070bc00000| Complete 
| 127|0x0000000711400000, 0x0000000711600000, 0x0000000711600000|100%| E|CS|TAMS 0x0000000711400000, 0x0000000711400000| Complete 

Card table byte_map: [0x0000025580000000,0x0000025580800000] _byte_map_base: 0x000002557c7f5000

Marking Bits (Prev, Next): (CMBitMap*) 0x00000255e8b13ea0, (CMBitMap*) 0x00000255e8b13e60
 Prev Bits: [0x0000025584fb0000, 0x0000025588f58000)
 Next Bits: [0x0000025581000000, 0x0000025584fa8000)

Polling page: 0x00000255e6c40000

Metaspace:

Usage:
  Non-class:     23.16 MB used.
      Class:      3.03 MB used.
       Both:     26.19 MB used.

Virtual space:
  Non-class space:       24.00 MB reserved,      23.31 MB ( 97%) committed,  3 nodes.
      Class space:        1.00 GB reserved,       3.19 MB ( <1%) committed,  1 nodes.
             Both:        1.02 GB reserved,      26.50 MB (  3%) committed. 

Chunk freelists:
   Non-Class:  260.00 KB
       Class:  794.00 KB
        Both:  1.03 MB

MaxMetaspaceSize: unlimited
CompressedClassSpaceSize: 1.00 GB
Initial GC threshold: 21.00 MB
Current GC threshold: 35.31 MB
CDS: on
MetaspaceReclaimPolicy: balanced
 - commit_granule_bytes: 65536.
 - commit_granule_words: 8192.
 - virtual_space_node_default_size: 1048576.
 - enlarge_chunks_in_place: 1.
 - new_chunks_are_fully_committed: 0.
 - uncommit_free_chunks: 1.
 - use_allocation_guard: 0.
 - handle_deallocations: 1.


Internal statistics:

num_allocs_failed_limit: 3.
num_arena_births: 180.
num_arena_deaths: 0.
num_vsnodes_births: 4.
num_vsnodes_deaths: 0.
num_space_committed: 424.
num_space_uncommitted: 0.
num_chunks_returned_to_freelist: 3.
num_chunks_taken_from_freelist: 1150.
num_chunk_merges: 3.
num_chunk_splits: 818.
num_chunks_enlarged: 647.
num_purges: 0.
num_inconsistent_stats: 0.

CodeHeap 'non-profiled nmethods': size=120000Kb used=2816Kb max_used=2816Kb free=117183Kb
 bounds [0x00000255f7df0000, 0x00000255f80c0000, 0x00000255ff320000]
CodeHeap 'profiled nmethods': size=120000Kb used=12830Kb max_used=12830Kb free=107169Kb
 bounds [0x00000255f08c0000, 0x00000255f1550000, 0x00000255f7df0000]
CodeHeap 'non-nmethods': size=5760Kb used=1207Kb max_used=1257Kb free=4552Kb
 bounds [0x00000255f0320000, 0x00000255f0590000, 0x00000255f08c0000]
 total_blobs=6353 nmethods=5847 adapters=418
 compilation: enabled
              stopped_count=0, restarted_count=0
 full_count=0

Compilation events (20 events):
Event: 4.060 Thread 0x000002558b8d61b0 nmethod 5841 0x00000255f1544710 code [0x00000255f1544900, 0x00000255f1544f38]
Event: 4.063 Thread 0x000002558b8d61b0 5842       3       java.lang.StringBuffer::<init> (7 bytes)
Event: 4.063 Thread 0x000002558b8d61b0 nmethod 5842 0x00000255f1545110 code [0x00000255f15452a0, 0x00000255f15453e8]
Event: 4.064 Thread 0x000002558b8d61b0 5843       3       java.lang.ProcessEnvironment$CheckedEntry::getKey (5 bytes)
Event: 4.064 Thread 0x000002558b8d61b0 nmethod 5843 0x00000255f1545490 code [0x00000255f1545640, 0x00000255f1545988]
Event: 4.064 Thread 0x000002558b8d61b0 5844       3       java.lang.ProcessEnvironment$CheckedEntry::getKey (13 bytes)
Event: 4.064 Thread 0x000002558b8d61b0 nmethod 5844 0x00000255f1545a90 code [0x00000255f1545c40, 0x00000255f1545f08]
Event: 4.064 Thread 0x000002558b8d61b0 5845       3       java.lang.ProcessEnvironment$EntryComparator::compare (13 bytes)
Event: 4.064 Thread 0x000002558b8d61b0 nmethod 5845 0x00000255f1546010 code [0x00000255f1546200, 0x00000255f1546968]
Event: 4.069 Thread 0x000002558b8d61b0 5848       3       jdk.internal.org.objectweb.asm.Frame::setInputFrameFromDescriptor (175 bytes)
Event: 4.070 Thread 0x000002558b8d61b0 nmethod 5848 0x00000255f1546b10 code [0x00000255f1546d20, 0x00000255f1547538]
Event: 4.088 Thread 0x000002558b8cc7a0 nmethod 5811 0x00000255f80ab190 code [0x00000255f80ab460, 0x00000255f80ada10]
Event: 4.089 Thread 0x000002558b8cc7a0 5829       4       java.lang.StringLatin1::lastIndexOf (125 bytes)
Event: 4.091 Thread 0x000002558b8cc7a0 nmethod 5829 0x00000255f80ae810 code [0x00000255f80ae9a0, 0x00000255f80aebf8]
Event: 4.091 Thread 0x000002558b8cc7a0 5818       4       java.lang.invoke.MethodType::hashCode (53 bytes)
Event: 4.093 Thread 0x000002558b8cc7a0 nmethod 5818 0x00000255f80aee90 code [0x00000255f80af020, 0x00000255f80af1d8]
Event: 4.093 Thread 0x000002558b8cc7a0 5822       4       java.nio.ByteBuffer::limit (8 bytes)
Event: 4.094 Thread 0x000002558b8cc7a0 nmethod 5822 0x00000255f80af390 code [0x00000255f80af500, 0x00000255f80af5f8]
Event: 4.094 Thread 0x000002558b8cc7a0 5827       4       java.lang.String::newStringUTF8NoRepl (276 bytes)
Event: 4.097 Thread 0x000002558b8cc7a0 nmethod 5827 0x00000255f80af710 code [0x00000255f80af8a0, 0x00000255f80afef8]

GC Heap History (14 events):
Event: 0.504 GC heap before
{Heap before GC invocations=0 (full 0):
 garbage-first heap   total 262144K, used 22528K [0x0000000701600000, 0x0000000800000000)
  region size 2048K, 11 young (22528K), 0 survivors (0K)
 Metaspace       used 4765K, committed 4928K, reserved 1056768K
  class space    used 560K, committed 640K, reserved 1048576K
}
Event: 0.507 GC heap after
{Heap after GC invocations=1 (full 0):
 garbage-first heap   total 262144K, used 3688K [0x0000000701600000, 0x0000000800000000)
  region size 2048K, 2 young (4096K), 2 survivors (4096K)
 Metaspace       used 4765K, committed 4928K, reserved 1056768K
  class space    used 560K, committed 640K, reserved 1048576K
}
Event: 1.089 GC heap before
{Heap before GC invocations=1 (full 0):
 garbage-first heap   total 262144K, used 34408K [0x0000000701600000, 0x0000000800000000)
  region size 2048K, 17 young (34816K), 2 survivors (4096K)
 Metaspace       used 10241K, committed 10432K, reserved 1064960K
  class space    used 1260K, committed 1344K, reserved 1048576K
}
Event: 1.094 GC heap after
{Heap after GC invocations=2 (full 0):
 garbage-first heap   total 262144K, used 5753K [0x0000000701600000, 0x0000000800000000)
  region size 2048K, 2 young (4096K), 2 survivors (4096K)
 Metaspace       used 10241K, committed 10432K, reserved 1064960K
  class space    used 1260K, committed 1344K, reserved 1048576K
}
Event: 2.566 GC heap before
{Heap before GC invocations=2 (full 0):
 garbage-first heap   total 262144K, used 93817K [0x0000000701600000, 0x0000000800000000)
  region size 2048K, 44 young (90112K), 2 survivors (4096K)
 Metaspace       used 21261K, committed 21504K, reserved 1073152K
  class space    used 2492K, committed 2624K, reserved 1048576K
}
Event: 2.574 GC heap after
{Heap after GC invocations=3 (full 0):
 garbage-first heap   total 262144K, used 18222K [0x0000000701600000, 0x0000000800000000)
  region size 2048K, 6 young (12288K), 6 survivors (12288K)
 Metaspace       used 21261K, committed 21504K, reserved 1073152K
  class space    used 2492K, committed 2624K, reserved 1048576K
}
Event: 3.148 GC heap before
{Heap before GC invocations=4 (full 0):
 garbage-first heap   total 75776K, used 50990K [0x0000000701600000, 0x0000000800000000)
  region size 2048K, 22 young (45056K), 6 survivors (12288K)
 Metaspace       used 23884K, committed 24128K, reserved 1073152K
  class space    used 2744K, committed 2880K, reserved 1048576K
}
Event: 3.166 GC heap after
{Heap after GC invocations=5 (full 0):
 garbage-first heap   total 75776K, used 22856K [0x0000000701600000, 0x0000000800000000)
  region size 2048K, 3 young (6144K), 3 survivors (6144K)
 Metaspace       used 23884K, committed 24128K, reserved 1073152K
  class space    used 2744K, committed 2880K, reserved 1048576K
}
Event: 3.192 GC heap before
{Heap before GC invocations=5 (full 0):
 garbage-first heap   total 75776K, used 24904K [0x0000000701600000, 0x0000000800000000)
  region size 2048K, 4 young (8192K), 3 survivors (6144K)
 Metaspace       used 24037K, committed 24256K, reserved 1073152K
  class space    used 2774K, committed 2880K, reserved 1048576K
}
Event: 3.200 GC heap after
{Heap after GC invocations=6 (full 0):
 garbage-first heap   total 75776K, used 24660K [0x0000000701600000, 0x0000000800000000)
  region size 2048K, 1 young (2048K), 1 survivors (2048K)
 Metaspace       used 24037K, committed 24256K, reserved 1073152K
  class space    used 2774K, committed 2880K, reserved 1048576K
}
Event: 3.724 GC heap before
{Heap before GC invocations=6 (full 0):
 garbage-first heap   total 75776K, used 47188K [0x0000000701600000, 0x0000000800000000)
  region size 2048K, 13 young (26624K), 1 survivors (2048K)
 Metaspace       used 25442K, committed 25664K, reserved 1073152K
  class space    used 2899K, committed 3008K, reserved 1048576K
}
Event: 3.734 GC heap after
{Heap after GC invocations=7 (full 0):
 garbage-first heap   total 75776K, used 25910K [0x0000000701600000, 0x0000000800000000)
  region size 2048K, 2 young (4096K), 2 survivors (4096K)
 Metaspace       used 25442K, committed 25664K, reserved 1073152K
  class space    used 2899K, committed 3008K, reserved 1048576K
}
Event: 3.984 GC heap before
{Heap before GC invocations=7 (full 0):
 garbage-first heap   total 75776K, used 50486K [0x0000000701600000, 0x0000000800000000)
  region size 2048K, 14 young (28672K), 2 survivors (4096K)
 Metaspace       used 26336K, committed 26560K, reserved 1073152K
  class space    used 3027K, committed 3136K, reserved 1048576K
}
Event: 3.989 GC heap after
{Heap after GC invocations=8 (full 0):
 garbage-first heap   total 139264K, used 27302K [0x0000000701600000, 0x0000000800000000)
  region size 2048K, 2 young (4096K), 2 survivors (4096K)
 Metaspace       used 26336K, committed 26560K, reserved 1073152K
  class space    used 3027K, committed 3136K, reserved 1048576K
}

Deoptimization events (20 events):
Event: 3.956 Thread 0x00000255e8aa6d80 Uncommon trap: trap_request=0xffffff45 fr.pc=0x00000255f7f87a18 relative=0x00000000000000f8
Event: 3.956 Thread 0x00000255e8aa6d80 Uncommon trap: reason=unstable_if action=reinterpret pc=0x00000255f7f87a18 method=java.lang.StringLatin1.lastIndexOf([BI[BII)I @ 86 c2
Event: 3.956 Thread 0x00000255e8aa6d80 DEOPT PACKING pc=0x00000255f7f87a18 sp=0x000000772a0fd1d0
Event: 3.956 Thread 0x00000255e8aa6d80 DEOPT UNPACKING pc=0x00000255f03723a3 sp=0x000000772a0fd150 mode 2
Event: 4.006 Thread 0x00000255e8aa6d80 Uncommon trap: trap_request=0xffffff45 fr.pc=0x00000255f7f3a918 relative=0x00000000000000f8
Event: 4.006 Thread 0x00000255e8aa6d80 Uncommon trap: reason=unstable_if action=reinterpret pc=0x00000255f7f3a918 method=java.lang.ThreadLocal$ThreadLocalMap.getEntry(Ljava/lang/ThreadLocal;)Ljava/lang/ThreadLocal$ThreadLocalMap$Entry; @ 29 c2
Event: 4.006 Thread 0x00000255e8aa6d80 DEOPT PACKING pc=0x00000255f7f3a918 sp=0x000000772a0fd8b0
Event: 4.006 Thread 0x00000255e8aa6d80 DEOPT UNPACKING pc=0x00000255f03723a3 sp=0x000000772a0fd7c0 mode 2
Event: 4.006 Thread 0x00000255e8aa6d80 Uncommon trap: trap_request=0xffffff45 fr.pc=0x00000255f7f3d8e4 relative=0x00000000000000c4
Event: 4.006 Thread 0x00000255e8aa6d80 Uncommon trap: reason=unstable_if action=reinterpret pc=0x00000255f7f3d8e4 method=java.lang.ThreadLocal$ThreadLocalMap.getEntry(Ljava/lang/ThreadLocal;)Ljava/lang/ThreadLocal$ThreadLocalMap$Entry; @ 29 c2
Event: 4.006 Thread 0x00000255e8aa6d80 DEOPT PACKING pc=0x00000255f7f3d8e4 sp=0x000000772a0fd810
Event: 4.006 Thread 0x00000255e8aa6d80 DEOPT UNPACKING pc=0x00000255f03723a3 sp=0x000000772a0fd7b0 mode 2
Event: 4.006 Thread 0x00000255e8aa6d80 Uncommon trap: trap_request=0xffffff45 fr.pc=0x00000255f7f5cf00 relative=0x00000000000010c0
Event: 4.006 Thread 0x00000255e8aa6d80 Uncommon trap: reason=unstable_if action=reinterpret pc=0x00000255f7f5cf00 method=java.lang.ThreadLocal$ThreadLocalMap.getEntry(Ljava/lang/ThreadLocal;)Ljava/lang/ThreadLocal$ThreadLocalMap$Entry; @ 29 c2
Event: 4.006 Thread 0x00000255e8aa6d80 DEOPT PACKING pc=0x00000255f7f5cf00 sp=0x000000772a0fc930
Event: 4.006 Thread 0x00000255e8aa6d80 DEOPT UNPACKING pc=0x00000255f03723a3 sp=0x000000772a0fc7c0 mode 2
Event: 4.009 Thread 0x00000255e8aa6d80 Uncommon trap: trap_request=0xffffff45 fr.pc=0x00000255f7ffe764 relative=0x0000000000000564
Event: 4.009 Thread 0x00000255e8aa6d80 Uncommon trap: reason=unstable_if action=reinterpret pc=0x00000255f7ffe764 method=java.util.regex.Pattern.atom()Ljava/util/regex/Pattern$Node; @ 14 c2
Event: 4.009 Thread 0x00000255e8aa6d80 DEOPT PACKING pc=0x00000255f7ffe764 sp=0x000000772a0fb5d0
Event: 4.009 Thread 0x00000255e8aa6d80 DEOPT UNPACKING pc=0x00000255f03723a3 sp=0x000000772a0fb558 mode 2

Classes unloaded (0 events):
No events

Classes redefined (0 events):
No events

Internal exceptions (20 events):
Event: 3.356 Thread 0x00000255e8aa6d80 Exception <a 'java/lang/NoSuchMethodError'{0x000000070ba85e30}: 'java.lang.Object java.lang.invoke.DirectMethodHandle$Holder.newInvokeSpecial(java.lang.Object, java.lang.Object, int, java.lang.Object)'> (0x000000070ba85e30) 
thrown [s\open\src\hotspot\share\interpreter\linkResolver.cpp, line 759]
Event: 3.357 Thread 0x00000255e8aa6d80 Exception <a 'java/lang/NoSuchMethodError'{0x000000070ba8a1e0}: 'java.lang.Object java.lang.invoke.DirectMethodHandle$Holder.invokeSpecial(java.lang.Object, java.lang.Object, java.lang.Object, int, java.lang.Object)'> (0x000000070ba8a1e0) 
thrown [s\open\src\hotspot\share\interpreter\linkResolver.cpp, line 759]
Event: 3.408 Thread 0x00000255e8aa6d80 Exception <a 'sun/nio/fs/WindowsException'{0x000000070bbd3e50}> (0x000000070bbd3e50) 
thrown [s\open\src\hotspot\share\prims\jni.cpp, line 516]
Event: 3.434 Thread 0x00000255e8aa6d80 Exception <a 'sun/nio/fs/WindowsException'{0x000000070b8788a8}> (0x000000070b8788a8) 
thrown [s\open\src\hotspot\share\prims\jni.cpp, line 516]
Event: 3.443 Thread 0x00000255e8aa6d80 Exception <a 'sun/nio/fs/WindowsException'{0x000000070b8b69e0}> (0x000000070b8b69e0) 
thrown [s\open\src\hotspot\share\prims\jni.cpp, line 516]
Event: 3.464 Thread 0x00000255e8aa6d80 Exception <a 'sun/nio/fs/WindowsException'{0x000000070b948638}> (0x000000070b948638) 
thrown [s\open\src\hotspot\share\prims\jni.cpp, line 516]
Event: 3.477 Thread 0x00000255e8aa6d80 Exception <a 'sun/nio/fs/WindowsException'{0x000000070b97ffa8}> (0x000000070b97ffa8) 
thrown [s\open\src\hotspot\share\prims\jni.cpp, line 516]
Event: 3.477 Thread 0x00000255e8aa6d80 Exception <a 'sun/nio/fs/WindowsException'{0x000000070b9806e0}> (0x000000070b9806e0) 
thrown [s\open\src\hotspot\share\prims\jni.cpp, line 516]
Event: 3.480 Thread 0x00000255e8aa6d80 Exception <a 'sun/nio/fs/WindowsException'{0x000000070b98a858}> (0x000000070b98a858) 
thrown [s\open\src\hotspot\share\prims\jni.cpp, line 516]
Event: 3.486 Thread 0x00000255e8aa6d80 Exception <a 'sun/nio/fs/WindowsException'{0x000000070b99d2e8}> (0x000000070b99d2e8) 
thrown [s\open\src\hotspot\share\prims\jni.cpp, line 516]
Event: 3.528 Thread 0x00000255e8aa6d80 Exception <a 'sun/nio/fs/WindowsException'{0x000000070b6d7148}> (0x000000070b6d7148) 
thrown [s\open\src\hotspot\share\prims\jni.cpp, line 516]
Event: 4.018 Thread 0x00000255e8aa6d80 Exception <a 'sun/nio/fs/WindowsException'{0x00000007115bfe08}> (0x00000007115bfe08) 
thrown [s\open\src\hotspot\share\prims\jni.cpp, line 516]
Event: 4.018 Thread 0x00000255e8aa6d80 Exception <a 'sun/nio/fs/WindowsException'{0x00000007115c0058}> (0x00000007115c0058) 
thrown [s\open\src\hotspot\share\prims\jni.cpp, line 516]
Event: 4.018 Thread 0x00000255e8aa6d80 Exception <a 'sun/nio/fs/WindowsException'{0x00000007115c0b00}> (0x00000007115c0b00) 
thrown [s\open\src\hotspot\share\prims\jni.cpp, line 516]
Event: 4.018 Thread 0x00000255e8aa6d80 Exception <a 'sun/nio/fs/WindowsException'{0x00000007115c0d08}> (0x00000007115c0d08) 
thrown [s\open\src\hotspot\share\prims\jni.cpp, line 516]
Event: 4.069 Thread 0x00000255e8aa6d80 Exception <a 'java/lang/NoSuchMethodError'{0x000000070ba962c8}: 'void java.lang.invoke.DirectMethodHandle$Holder.invokeStatic(java.lang.Object, long)'> (0x000000070ba962c8) 
thrown [s\open\src\hotspot\share\interpreter\linkResolver.cpp, line 759]
Event: 4.069 Thread 0x00000255e8aa6d80 Exception <a 'java/lang/NoSuchMethodError'{0x000000070ba9b918}: 'java.lang.Object java.lang.invoke.DirectMethodHandle$Holder.newInvokeSpecial(java.lang.Object, long)'> (0x000000070ba9b918) 
thrown [s\open\src\hotspot\share\interpreter\linkResolver.cpp, line 759]
Event: 4.072 Thread 0x00000255e8aa6d80 Exception <a 'java/lang/NoSuchMethodError'{0x000000070baa6250}: 'java.lang.Object java.lang.invoke.DirectMethodHandle$Holder.invokeStaticInit(java.lang.Object, java.lang.Object, long, java.lang.Object)'> (0x000000070baa6250) 
thrown [s\open\src\hotspot\share\interpreter\linkResolver.cpp, line 759]
Event: 4.073 Thread 0x00000255e8aa6d80 Exception <a 'java/lang/NoSuchMethodError'{0x000000070baac898}: 'java.lang.Object java.lang.invoke.DirectMethodHandle$Holder.newInvokeSpecial(java.lang.Object, java.lang.Object, long)'> (0x000000070baac898) 
thrown [s\open\src\hotspot\share\interpreter\linkResolver.cpp, line 759]
Event: 4.073 Thread 0x00000255e8aa6d80 Exception <a 'java/lang/NoSuchMethodError'{0x000000070bab0408}: 'java.lang.Object java.lang.invoke.Invokers$Holder.linkToTargetMethod(java.lang.Object, long, java.lang.Object)'> (0x000000070bab0408) 
thrown [s\open\src\hotspot\share\interpreter\linkResolver.cpp, line 759]

VM Operations (20 events):
Event: 3.313 Executing VM operation: ICBufferFull
Event: 3.313 Executing VM operation: ICBufferFull done
Event: 3.367 Executing VM operation: HandshakeAllThreads
Event: 3.367 Executing VM operation: HandshakeAllThreads done
Event: 3.424 Executing VM operation: ICBufferFull
Event: 3.424 Executing VM operation: ICBufferFull done
Event: 3.496 Executing VM operation: HandshakeAllThreads
Event: 3.496 Executing VM operation: HandshakeAllThreads done
Event: 3.510 Executing VM operation: ICBufferFull
Event: 3.510 Executing VM operation: ICBufferFull done
Event: 3.724 Executing VM operation: G1CollectForAllocation
Event: 3.734 Executing VM operation: G1CollectForAllocation done
Event: 3.954 Executing VM operation: HandshakeAllThreads
Event: 3.954 Executing VM operation: HandshakeAllThreads done
Event: 3.958 Executing VM operation: HandshakeAllThreads
Event: 3.958 Executing VM operation: HandshakeAllThreads done
Event: 3.983 Executing VM operation: G1CollectForAllocation
Event: 3.989 Executing VM operation: G1CollectForAllocation done
Event: 4.075 Executing VM operation: HandshakeAllThreads
Event: 4.075 Executing VM operation: HandshakeAllThreads done

Events (20 events):
Event: 4.074 loading class java/util/concurrent/SynchronousQueue$Transferer
Event: 4.074 loading class java/util/concurrent/SynchronousQueue$Transferer done
Event: 4.074 loading class java/util/concurrent/SynchronousQueue$TransferStack done
Event: 4.074 loading class java/util/concurrent/SynchronousQueue$TransferStack$SNode
Event: 4.074 loading class java/util/concurrent/ForkJoinPool$ManagedBlocker
Event: 4.074 loading class java/util/concurrent/ForkJoinPool$ManagedBlocker done
Event: 4.074 loading class java/util/concurrent/SynchronousQueue$TransferStack$SNode done
Event: 4.074 loading class java/lang/ProcessImpl$2
Event: 4.074 loading class java/lang/ProcessImpl$2 done
Event: 4.074 loading class java/lang/Process$PipeInputStream
Event: 4.074 loading class java/lang/Process$PipeInputStream done
Event: 4.075 loading class jdk/internal/event/ProcessStartEvent
Event: 4.075 loading class jdk/internal/event/Event
Event: 4.075 loading class jdk/internal/event/Event done
Event: 4.076 loading class jdk/internal/event/ProcessStartEvent done
Event: 4.076 loading class java/io/PipedOutputStream
Event: 4.076 loading class java/io/PipedOutputStream done
Event: 4.078 Thread 0x0000025591fcf0f0 Thread added: 0x0000025591fcf0f0
Event: 4.078 Thread 0x0000025591fcf5c0 Thread added: 0x0000025591fcf5c0
Event: 4.078 Thread 0x0000025591fc5ee0 Thread added: 0x0000025591fc5ee0


Dynamic libraries:
0x00007ff727a20000 - 0x00007ff727a30000 	E:\Program Files\Java\jdk-17.0.5\bin\java.exe
0x00007ffc0c470000 - 0x00007ffc0c668000 	C:\Windows\SYSTEM32\ntdll.dll
0x00007ffc0b9f0000 - 0x00007ffc0baaf000 	C:\Windows\System32\KERNEL32.DLL
0x00007ffc09c60000 - 0x00007ffc09f32000 	C:\Windows\System32\KERNELBASE.dll
0x00007ffc09b60000 - 0x00007ffc09c60000 	C:\Windows\System32\ucrtbase.dll
0x00007ffc05250000 - 0x00007ffc05268000 	E:\Program Files\Java\jdk-17.0.5\bin\jli.dll
0x00007ffc052a0000 - 0x00007ffc052ba000 	E:\Program Files\Java\jdk-17.0.5\bin\VCRUNTIME140.dll
0x00007ffc0bba0000 - 0x00007ffc0bc4e000 	C:\Windows\System32\ADVAPI32.dll
0x00007ffc0a9a0000 - 0x00007ffc0aa3e000 	C:\Windows\System32\msvcrt.dll
0x00007ffc0a900000 - 0x00007ffc0a99c000 	C:\Windows\System32\sechost.dll
0x00007ffc0be80000 - 0x00007ffc0bfa5000 	C:\Windows\System32\RPCRT4.dll
0x00007ffc0bcd0000 - 0x00007ffc0be71000 	C:\Windows\System32\USER32.dll
0x00007ffc0a000000 - 0x00007ffc0a022000 	C:\Windows\System32\win32u.dll
0x00007ffc08f60000 - 0x00007ffc091fa000 	C:\Windows\WinSxS\amd64_microsoft.windows.common-controls_6595b64144ccf1df_6.0.19041.1110_none_60b5254171f9507e\COMCTL32.dll
0x00007ffc0bab0000 - 0x00007ffc0badb000 	C:\Windows\System32\GDI32.dll
0x00007ffc0a030000 - 0x00007ffc0a13f000 	C:\Windows\System32\gdi32full.dll
0x00007ffc0a410000 - 0x00007ffc0a4ad000 	C:\Windows\System32\msvcp_win.dll
0x00007ffc067a0000 - 0x00007ffc067aa000 	C:\Windows\SYSTEM32\VERSION.dll
0x00007ffc0bfb0000 - 0x00007ffc0bfe2000 	C:\Windows\System32\IMM32.DLL
0x00007ffc05290000 - 0x00007ffc0529c000 	E:\Program Files\Java\jdk-17.0.5\bin\vcruntime140_1.dll
0x00007ffbfc810000 - 0x00007ffbfc89d000 	E:\Program Files\Java\jdk-17.0.5\bin\msvcp140.dll
0x00007ffbd51a0000 - 0x00007ffbd5d62000 	E:\Program Files\Java\jdk-17.0.5\bin\server\jvm.dll
0x00007ffc0c3c0000 - 0x00007ffc0c3c8000 	C:\Windows\System32\PSAPI.DLL
0x00007ffbf1050000 - 0x00007ffbf1059000 	C:\Windows\SYSTEM32\WSOCK32.dll
0x00007ffbfebe0000 - 0x00007ffbfec07000 	C:\Windows\SYSTEM32\WINMM.dll
0x00007ffc0b980000 - 0x00007ffc0b9eb000 	C:\Windows\System32\WS2_32.dll
0x00007ffc07590000 - 0x00007ffc075a2000 	C:\Windows\SYSTEM32\kernel.appcore.dll
0x00007ffc05240000 - 0x00007ffc0524a000 	E:\Program Files\Java\jdk-17.0.5\bin\jimage.dll
0x00007ffc09590000 - 0x00007ffc09774000 	C:\Windows\SYSTEM32\DBGHELP.DLL
0x00007ffc09330000 - 0x00007ffc09365000 	C:\Windows\SYSTEM32\dbgcore.DLL
0x00007ffc0a170000 - 0x00007ffc0a1f2000 	C:\Windows\System32\bcryptPrimitives.dll
0x00007ffc04120000 - 0x00007ffc04145000 	E:\Program Files\Java\jdk-17.0.5\bin\java.dll
0x00007ffbecc40000 - 0x00007ffbecd16000 	E:\Program Files\Java\jdk-17.0.5\bin\jsvml.dll
0x00007ffc0aaa0000 - 0x00007ffc0b1e4000 	C:\Windows\System32\SHELL32.dll
0x00007ffc075b0000 - 0x00007ffc07d42000 	C:\Windows\SYSTEM32\windows.storage.dll
0x00007ffc0a4b0000 - 0x00007ffc0a805000 	C:\Windows\System32\combase.dll
0x00007ffc08ec0000 - 0x00007ffc08ef0000 	C:\Windows\SYSTEM32\Wldp.dll
0x00007ffc0bff0000 - 0x00007ffc0c09d000 	C:\Windows\System32\SHCORE.dll
0x00007ffc0a810000 - 0x00007ffc0a865000 	C:\Windows\System32\shlwapi.dll
0x00007ffc09aa0000 - 0x00007ffc09abf000 	C:\Windows\SYSTEM32\profapi.dll
0x00007ffc021d0000 - 0x00007ffc021e9000 	E:\Program Files\Java\jdk-17.0.5\bin\net.dll
0x00007ffc00030000 - 0x00007ffc0013c000 	C:\Windows\SYSTEM32\WINHTTP.dll
0x00007ffc08d90000 - 0x00007ffc08dfa000 	C:\Windows\system32\mswsock.dll
0x00007ffc02120000 - 0x00007ffc02136000 	E:\Program Files\Java\jdk-17.0.5\bin\nio.dll
0x00007ffc029a0000 - 0x00007ffc029b8000 	E:\Program Files\Java\jdk-17.0.5\bin\zip.dll
0x0000000069ac0000 - 0x0000000069ae4000 	E:\apache-maven-3.8.6-bin\apache-maven-3.8.6\lib\jansi-native\Windows\x86_64\jansi.dll
0x00007ffc05230000 - 0x00007ffc05240000 	E:\Program Files\Java\jdk-17.0.5\bin\verify.dll

dbghelp: loaded successfully - version: 4.0.5 - missing functions: none
symbol engine: initialized successfully - sym options: 0x614 - pdb path: .;E:\Program Files\Java\jdk-17.0.5\bin;C:\Windows\SYSTEM32;C:\Windows\WinSxS\amd64_microsoft.windows.common-controls_6595b64144ccf1df_6.0.19041.1110_none_60b5254171f9507e;E:\Program Files\Java\jdk-17.0.5\bin\server;E:\apache-maven-3.8.6-bin\apache-maven-3.8.6\lib\jansi-native\Windows\x86_64

VM Arguments:
jvm_args: -Dclassworlds.conf=E:\apache-maven-3.8.6-bin\apache-maven-3.8.6\bin\m2.conf -Dmaven.home=E:\apache-maven-3.8.6-bin\apache-maven-3.8.6 -Dlibrary.jansi.path=E:\apache-maven-3.8.6-bin\apache-maven-3.8.6\lib\jansi-native -Dmaven.multiModuleProjectDirectory=D:\ITI\ITI-ChatApp-Link\client 
java_command: org.codehaus.plexus.classworlds.launcher.Launcher clean compile javafx:run
java_class_path (initial): E:\apache-maven-3.8.6-bin\apache-maven-3.8.6\boot\plexus-classworlds-2.6.0.jar
Launcher Type: SUN_STANDARD

[Global flags]
     intx CICompilerCount                          = 4                                         {product} {ergonomic}
     uint ConcGCThreads                            = 2                                         {product} {ergonomic}
     uint G1ConcRefinementThreads                  = 8                                         {product} {ergonomic}
   size_t G1HeapRegionSize                         = 2097152                                   {product} {ergonomic}
    uintx GCDrainStackTargetSize                   = 64                                        {product} {ergonomic}
   size_t InitialHeapSize                          = 268435456                                 {product} {ergonomic}
   size_t MarkStackSize                            = 4194304                                   {product} {ergonomic}
   size_t MaxHeapSize                              = 4271898624                                {product} {ergonomic}
   size_t MaxNewSize                               = 2562719744                                {product} {ergonomic}
   size_t MinHeapDeltaBytes                        = 2097152                                   {product} {ergonomic}
   size_t MinHeapSize                              = 8388608                                   {product} {ergonomic}
    uintx NonNMethodCodeHeapSize                   = 5839372                                {pd product} {ergonomic}
    uintx NonProfiledCodeHeapSize                  = 122909434                              {pd product} {ergonomic}
    uintx ProfiledCodeHeapSize                     = 122909434                              {pd product} {ergonomic}
    uintx ReservedCodeCacheSize                    = 251658240                              {pd product} {ergonomic}
     bool SegmentedCodeCache                       = true                                      {product} {ergonomic}
   size_t SoftMaxHeapSize                          = 4271898624                             {manageable} {ergonomic}
     bool UseCompressedClassPointers               = true                           {product lp64_product} {ergonomic}
     bool UseCompressedOops                        = true                           {product lp64_product} {ergonomic}
     bool UseG1GC                                  = true                                      {product} {ergonomic}
     bool UseLargePagesIndividualAllocation        = false                                  {pd product} {ergonomic}

Logging:
Log output configuration:
 #0: stdout all=warning uptime,level,tags
 #1: stderr all=off uptime,level,tags

Environment Variables:
JAVA_HOME=E:\Program Files\Java\jdk-17.0.5
PATH=C:\ProgramData\Oracle\Java\javapath;C:\Program Files\Common Files\Oracle\Java\javapath;C:\oraclexe\app\oracle\product\11.2.0\server\bin;E:\Program Files (x86)\VMware\VMware Workstation\bin\;C:\Program Files\Microsoft MPI\Bin\;C:\Program Files (x86)\Intel\iCLS Client\;C:\Program Files\Intel\iCLS Client\;E:\ProgramData\Anaconda;E:\ProgramData\Anaconda\Library\mingw-w64\bin;E:\ProgramData\Anaconda\Library\usr\bin;E:\ProgramData\Anaconda\Library\bin;E:\ProgramData\Anaconda\Scripts;C:\Windows\system32;C:\Windows;C:\Windows\System32\Wbem;C:\Windows\System32\WindowsPowerShell\v1.0\;C:\Windows\System32\OpenSSH\;C:\Program Files\dotnet\;C:\Program Files\Microsoft SQL Server\130\Tools\Binn\;C:\Program Files\Microsoft SQL Server\Client SDK\ODBC\170\Tools\Binn\;E:\dart-sdk\bin;E:\flutter\bin;C:\Program Files (x86)\Intel\Intel(R) Management Engine Components\DAL;C:\Program Files\Intel\Intel(R) Management Engine Components\DAL;C:\Program Files (x86)\Intel\Intel(R) Management Engine Components\IPT;C:\Program Files\Intel\Intel(R) Management Engine Components\IPT;E:\Program Files\Java\jdk-17.0.5\bin;E:\Program Files\Java\jdk-13;C:\Program Files\Graphviz\bin;C:\Program Files (x86)\Microsoft SQL Server\150\DTS\Binn\;C:\Program Files\Azure Data Studio\bin;E:\apache-maven-3.8.6-bin\apache-maven-3.8.6\bin;C:\Program Files\Git\cmd;C:\Program Files\MySQL\MySQL Shell 8.0\bin\;C:\Users\Rahomy\AppData\Local\Microsoft\WindowsApps;E:\dart-sdk\bin;E:\flutter\bin;E:\Program Files\JetBrains\IntelliJ IDEA Community Edition 2022.3.1\bin;;C:\Users\Rahomy\.dotnet\tools;E:\Users\Rahomy\AppData\Local\Programs\Microsoft VS Code\bin;E:\php-8.1.7-nts-Win32-vs16-x64;C:\Program Files\Azure Data Studio\bin;E:\apache-maven-3.8.6-bin;E:\Program Files\JetBrains\IntelliJ IDEA 2022.1.4\bin;;E:\Program Files\Java\jdk-17.0.5\bin;E:\Program Files\Java\jdk-13\bin;C:\Users\Rahomy\AppData\Local\GitHubDesktop\bin
USERNAME=Rahomy
LANG=en_US.UTF-8
OS=Windows_NT
PROCESSOR_IDENTIFIER=Intel64 Family 6 Model 60 Stepping 3, GenuineIntel



---------------  S Y S T E M  ---------------

OS:
 Windows 10 , 64 bit Build 19041 (10.0.19041.2364)
OS uptime: 3 days 3:27 hours

CPU: total 8 (initial active 8) (4 cores per cpu, 2 threads per core) family 6 model 60 stepping 3 microcode 0x27, cx8, cmov, fxsr, ht, mmx, sse, sse2, sse3, ssse3, sse4.1, sse4.2, popcnt, lzcnt, tsc, tscinvbit, avx, avx2, aes, erms, clmul, bmi1, bmi2, fma, vzeroupper, clflush

Memory: 4k page, system-wide physical 16289M (3411M free)
TotalPageFile size 31473M (AvailPageFile size 5M)
current process WorkingSet (physical memory assigned to process): 218M, peak: 221M
current process commit charge ("private bytes"): 320M, peak: 408M

vm_info: Java HotSpot(TM) 64-Bit Server VM (17.0.5+9-LTS-191) for windows-amd64 JRE (17.0.5+9-LTS-191), built on Sep 13 2022 17:31:43 by "mach5one" with MS VC++ 16.8 / 16.9 (VS2019)

END.
