#
# There is insufficient memory for the Java Runtime Environment to continue.
# Native memory allocation (malloc) failed to allocate 1319840 bytes for Chunk::new
# Possible reasons:
#   The system is out of physical RAM or swap space
#   The process is running with CompressedOops enabled, and the Java Heap may be blocking the growth of the native heap
# Possible solutions:
#   Reduce memory load on the system
#   Increase physical memory or swap space
#   Check if swap backing store is full
#   Decrease Java heap size (-Xmx/-Xms)
#   Decrease number of Java threads
#   Decrease Java thread stack sizes (-Xss)
#   Set larger code cache with -XX:ReservedCodeCacheSize=
#   JVM is running with Zero Based Compressed Oops mode in which the Java heap is
#     placed in the first 32GB address space. The Java Heap base address is the
#     maximum limit for the native heap growth. Please use -XX:HeapBaseMinAddress
#     to set the Java Heap base and to place the Java Heap above 32GB virtual address.
# This output file may be truncated or incomplete.
#
#  Out of Memory Error (arena.cpp:189), pid=14668, tid=10532
#
# JRE version: Java(TM) SE Runtime Environment (17.0.5+9) (build 17.0.5+9-LTS-191)
# Java VM: Java HotSpot(TM) 64-Bit Server VM (17.0.5+9-LTS-191, mixed mode, sharing, tiered, compressed oops, compressed class ptrs, g1 gc, windows-amd64)
# No core dump will be written. Minidumps are not enabled by default on client versions of Windows
#

---------------  S U M M A R Y ------------

Command Line: --module-path=D:\ITI\ITI-ChatApp-Link\client\target\classes;C:\Users\Rahomy\.m2\repository\com\mysql\mysql-connector-j\8.0.32\mysql-connector-j-8.0.32.jar;C:\Users\Rahomy\.m2\repository\org\openjfx\javafx-base\19\javafx-base-19-win.jar;C:\Users\Rahomy\.m2\repository\org\openjfx\javafx-controls\19\javafx-controls-19-win.jar;C:\Users\Rahomy\.m2\repository\org\openjfx\javafx-fxml\19\javafx-fxml-19-win.jar;C:\Users\Rahomy\.m2\repository\org\openjfx\javafx-graphics\19\javafx-graphics-19-win.jar --add-modules=gov.iti.link -Djdk.module.main=gov.iti.link gov.iti.link/gov.iti.link.App

Host: Intel(R) Core(TM) i7-4810MQ CPU @ 2.80GHz, 8 cores, 15G,  Windows 10 , 64 bit Build 19041 (10.0.19041.2364)
Time: Fri Feb  3 22:36:05 2023 Egypt Standard Time elapsed time: 1.808403 seconds (0d 0h 0m 1s)

---------------  T H R E A D  ---------------

Current thread (0x000001fa13a01e50):  JavaThread "C2 CompilerThread1" daemon [_thread_in_native, id=10532, stack(0x00000050f4b00000,0x00000050f4c00000)]


Current CompileTask:
C2:   1808 2141       4       com.sun.javafx.css.StyleMap::getCascadingStyles (384 bytes)

Stack: [0x00000050f4b00000,0x00000050f4c00000]
Native frames: (J=compiled Java code, j=interpreted, Vv=VM code, C=native code)
V  [jvm.dll+0x672eea]
V  [jvm.dll+0x7d2a04]
V  [jvm.dll+0x7d41ae]
V  [jvm.dll+0x7d4813]
V  [jvm.dll+0x242c15]
V  [jvm.dll+0xaa57b]
V  [jvm.dll+0xaab0c]
V  [jvm.dll+0x35ff97]
V  [jvm.dll+0x32a631]
V  [jvm.dll+0x329ada]
V  [jvm.dll+0x215cc1]
V  [jvm.dll+0x2150e1]
V  [jvm.dll+0x1a18ed]
V  [jvm.dll+0x22493a]
V  [jvm.dll+0x222aa5]
V  [jvm.dll+0x7885db]
V  [jvm.dll+0x782b4a]
V  [jvm.dll+0x671d75]
C  [ucrtbase.dll+0x21bb2]
C  [KERNEL32.DLL+0x17614]
C  [ntdll.dll+0x526a1]


---------------  P R O C E S S  ---------------

Threads class SMR info:
_java_thread_list=0x000001fa1c73a120, length=23, elements={
0x000001fa6d702940, 0x000001fa7f4440d0, 0x000001fa7f4456e0, 0x000001fa7f45c640,
0x000001fa7f45e320, 0x000001fa7f45f470, 0x000001fa7f4615d0, 0x000001fa7f466000,
0x000001fa7f46aab0, 0x000001fa7f476fa0, 0x000001fa139cd1f0, 0x000001fa13a01e50,
0x000001fa13cfe4b0, 0x000001fa13f4c050, 0x000001fa13fa97b0, 0x000001fa142890b0,
0x000001fa1428a3c0, 0x000001fa1439e020, 0x000001fa1439db50, 0x000001fa1439e9c0,
0x000001fa1439f830, 0x000001fa1439ee90, 0x000001fa1439c810
}

Java Threads: ( => current thread )
  0x000001fa6d702940 JavaThread "main" [_thread_blocked, id=12928, stack(0x00000050f3a00000,0x00000050f3b00000)]
  0x000001fa7f4440d0 JavaThread "Reference Handler" daemon [_thread_blocked, id=12700, stack(0x00000050f4100000,0x00000050f4200000)]
  0x000001fa7f4456e0 JavaThread "Finalizer" daemon [_thread_blocked, id=12828, stack(0x00000050f4200000,0x00000050f4300000)]
  0x000001fa7f45c640 JavaThread "Signal Dispatcher" daemon [_thread_blocked, id=8044, stack(0x00000050f4300000,0x00000050f4400000)]
  0x000001fa7f45e320 JavaThread "Attach Listener" daemon [_thread_blocked, id=16144, stack(0x00000050f4400000,0x00000050f4500000)]
  0x000001fa7f45f470 JavaThread "Service Thread" daemon [_thread_blocked, id=27676, stack(0x00000050f4500000,0x00000050f4600000)]
  0x000001fa7f4615d0 JavaThread "Monitor Deflation Thread" daemon [_thread_blocked, id=12636, stack(0x00000050f4600000,0x00000050f4700000)]
  0x000001fa7f466000 JavaThread "C2 CompilerThread0" daemon [_thread_blocked, id=24448, stack(0x00000050f4700000,0x00000050f4800000)]
  0x000001fa7f46aab0 JavaThread "C1 CompilerThread0" daemon [_thread_blocked, id=26876, stack(0x00000050f4800000,0x00000050f4900000)]
  0x000001fa7f476fa0 JavaThread "Sweeper thread" daemon [_thread_blocked, id=19108, stack(0x00000050f4900000,0x00000050f4a00000)]
  0x000001fa139cd1f0 JavaThread "Common-Cleaner" daemon [_thread_blocked, id=28032, stack(0x00000050f4a00000,0x00000050f4b00000)]
=>0x000001fa13a01e50 JavaThread "C2 CompilerThread1" daemon [_thread_in_native, id=10532, stack(0x00000050f4b00000,0x00000050f4c00000)]
  0x000001fa13cfe4b0 JavaThread "C2 CompilerThread2" daemon [_thread_blocked, id=21976, stack(0x00000050f4c00000,0x00000050f4d00000)]
  0x000001fa13f4c050 JavaThread "Notification Thread" daemon [_thread_blocked, id=20016, stack(0x00000050f4d00000,0x00000050f4e00000)]
  0x000001fa13fa97b0 JavaThread "QuantumRenderer-0" daemon [_thread_blocked, id=22876, stack(0x00000050f4f00000,0x00000050f5000000)]
  0x000001fa142890b0 JavaThread "InvokeLaterDispatcher" daemon [_thread_blocked, id=5240, stack(0x00000050f5000000,0x00000050f5100000)]
  0x000001fa1428a3c0 JavaThread "JavaFX Application Thread" [_thread_in_native, id=22372, stack(0x00000050f5100000,0x00000050f5200000)]
  0x000001fa1439e020 JavaThread "Thread-1" daemon [_thread_in_native, id=2372, stack(0x00000050f5500000,0x00000050f5600000)]
  0x000001fa1439db50 JavaThread "JavaFX-Launcher" [_thread_blocked, id=28552, stack(0x00000050f5600000,0x00000050f5700000)]
  0x000001fa1439e9c0 JavaThread "RMI Scheduler(0)" daemon [_thread_blocked, id=26964, stack(0x00000050f5c00000,0x00000050f5d00000)]
  0x000001fa1439f830 JavaThread "RMI RenewClean-[192.168.1.24:51830]" daemon [_thread_blocked, id=23612, stack(0x00000050f5d00000,0x00000050f5e00000)]
  0x000001fa1439ee90 JavaThread "RMI GC Daemon" daemon [_thread_blocked, id=22608, stack(0x00000050f5e00000,0x00000050f5f00000)]
  0x000001fa1439c810 JavaThread "Prism Font Disposer" daemon [_thread_blocked, id=8392, stack(0x00000050f6200000,0x00000050f6300000)]

Other Threads:
  0x000001fa7f43e930 VMThread "VM Thread" [stack: 0x00000050f4000000,0x00000050f4100000] [id=20876]
  0x000001fa13f4c520 WatcherThread [stack: 0x00000050f4e00000,0x00000050f4f00000] [id=23720]
  0x000001fa6d76f410 GCTaskThread "GC Thread#0" [stack: 0x00000050f3b00000,0x00000050f3c00000] [id=22060]
  0x000001fa1439c4e0 GCTaskThread "GC Thread#1" [stack: 0x00000050f5700000,0x00000050f5800000] [id=19800]
  0x000001fa18f95530 GCTaskThread "GC Thread#2" [stack: 0x00000050f5800000,0x00000050f5900000] [id=27880]
  0x000001fa18f957e0 GCTaskThread "GC Thread#3" [stack: 0x00000050f5900000,0x00000050f5a00000] [id=28536]
  0x000001fa1440e390 GCTaskThread "GC Thread#4" [stack: 0x00000050f5a00000,0x00000050f5b00000] [id=7348]
  0x000001fa1440eac0 GCTaskThread "GC Thread#5" [stack: 0x00000050f5b00000,0x00000050f5c00000] [id=21336]
  0x000001fa198d2ba0 GCTaskThread "GC Thread#6" [stack: 0x00000050f6300000,0x00000050f6400000] [id=10372]
  0x000001fa198d1e30 GCTaskThread "GC Thread#7" [stack: 0x00000050f6400000,0x00000050f6500000] [id=8808]
  0x000001fa6d7811f0 ConcurrentGCThread "G1 Main Marker" [stack: 0x00000050f3c00000,0x00000050f3d00000] [id=892]
  0x000001fa6d7823a0 ConcurrentGCThread "G1 Conc#0" [stack: 0x00000050f3d00000,0x00000050f3e00000] [id=8600]
  0x000001fa6d7d5de0 ConcurrentGCThread "G1 Refine#0" [stack: 0x00000050f3e00000,0x00000050f3f00000] [id=260]
  0x000001fa1bcfe2d0 ConcurrentGCThread "G1 Refine#1" [stack: 0x00000050f6500000,0x00000050f6600000] [id=19232]
  0x000001fa1c4afc90 ConcurrentGCThread "G1 Refine#2" [stack: 0x00000050f6600000,0x00000050f6700000] [id=19788]
  0x000001fa19bd0d70 ConcurrentGCThread "G1 Refine#3" [stack: 0x00000050f6700000,0x00000050f6800000] [id=15524]
  0x000001fa6d7d6800 ConcurrentGCThread "G1 Service" [stack: 0x00000050f3f00000,0x00000050f4000000] [id=25272]

Threads with active compile tasks:
C2 CompilerThread1     1842 2141       4       com.sun.javafx.css.StyleMap::getCascadingStyles (384 bytes)

VM state: not at safepoint (normal execution)

VM Mutex/Monitor currently owned by a thread: None

Heap address: 0x0000000701600000, size: 4074 MB, Compressed Oops mode: Zero based, Oop shift amount: 3

CDS archive(s) mapped at: [0x0000000800000000-0x0000000800bd0000-0x0000000800bd0000), size 12386304, SharedBaseAddress: 0x0000000800000000, ArchiveRelocationMode: 0.
Compressed class space mapped at: 0x0000000800c00000-0x0000000840c00000, reserved size: 1073741824
Narrow klass base: 0x0000000800000000, Narrow klass shift: 0, Narrow klass range: 0x100000000

GC Precious Log:
 CPUs: 8 total, 8 available
 Memory: 16289M
 Large Page Support: Disabled
 NUMA Support: Disabled
 Compressed Oops: Enabled (Zero based)
 Heap Region Size: 2M
 Heap Min Capacity: 8M
 Heap Initial Capacity: 256M
 Heap Max Capacity: 4074M
 Pre-touch: Disabled
 Parallel Workers: 8
 Concurrent Workers: 2
 Concurrent Refinement Workers: 8
 Periodic GC: Disabled

Heap:
 garbage-first heap   total 262144K, used 18278K [0x0000000701600000, 0x0000000800000000)
  region size 2048K, 9 young (18432K), 3 survivors (6144K)
 Metaspace       used 16995K, committed 17216K, reserved 1064960K
  class space    used 2673K, committed 2752K, reserved 1048576K

Heap Regions: E=young(eden), S=young(survivor), O=old, HS=humongous(starts), HC=humongous(continues), CS=collection set, F=free, OA=open archive, CA=closed archive, TAMS=top-at-mark-start (previous, next)
|   0|0x0000000701600000, 0x00000007017d9a00, 0x0000000701800000| 92%| O|  |TAMS 0x0000000701600000, 0x0000000701600000| Untracked 
|   1|0x0000000701800000, 0x0000000701800000, 0x0000000701a00000|  0%| F|  |TAMS 0x0000000701800000, 0x0000000701800000| Untracked 
|   2|0x0000000701a00000, 0x0000000701a00000, 0x0000000701c00000|  0%| F|  |TAMS 0x0000000701a00000, 0x0000000701a00000| Untracked 
|   3|0x0000000701c00000, 0x0000000701c00000, 0x0000000701e00000|  0%| F|  |TAMS 0x0000000701c00000, 0x0000000701c00000| Untracked 
|   4|0x0000000701e00000, 0x0000000701e00000, 0x0000000702000000|  0%| F|  |TAMS 0x0000000701e00000, 0x0000000701e00000| Untracked 
|   5|0x0000000702000000, 0x0000000702000000, 0x0000000702200000|  0%| F|  |TAMS 0x0000000702000000, 0x0000000702000000| Untracked 
|   6|0x0000000702200000, 0x0000000702200000, 0x0000000702400000|  0%| F|  |TAMS 0x0000000702200000, 0x0000000702200000| Untracked 
|   7|0x0000000702400000, 0x0000000702400000, 0x0000000702600000|  0%| F|  |TAMS 0x0000000702400000, 0x0000000702400000| Untracked 
|   8|0x0000000702600000, 0x0000000702600000, 0x0000000702800000|  0%| F|  |TAMS 0x0000000702600000, 0x0000000702600000| Untracked 
|   9|0x0000000702800000, 0x0000000702800000, 0x0000000702a00000|  0%| F|  |TAMS 0x0000000702800000, 0x0000000702800000| Untracked 
|  10|0x0000000702a00000, 0x0000000702a00000, 0x0000000702c00000|  0%| F|  |TAMS 0x0000000702a00000, 0x0000000702a00000| Untracked 
|  11|0x0000000702c00000, 0x0000000702c00000, 0x0000000702e00000|  0%| F|  |TAMS 0x0000000702c00000, 0x0000000702c00000| Untracked 
|  12|0x0000000702e00000, 0x0000000702e00000, 0x0000000703000000|  0%| F|  |TAMS 0x0000000702e00000, 0x0000000702e00000| Untracked 
|  13|0x0000000703000000, 0x0000000703000000, 0x0000000703200000|  0%| F|  |TAMS 0x0000000703000000, 0x0000000703000000| Untracked 
|  14|0x0000000703200000, 0x0000000703200000, 0x0000000703400000|  0%| F|  |TAMS 0x0000000703200000, 0x0000000703200000| Untracked 
|  15|0x0000000703400000, 0x0000000703400000, 0x0000000703600000|  0%| F|  |TAMS 0x0000000703400000, 0x0000000703400000| Untracked 
|  16|0x0000000703600000, 0x0000000703600000, 0x0000000703800000|  0%| F|  |TAMS 0x0000000703600000, 0x0000000703600000| Untracked 
|  17|0x0000000703800000, 0x0000000703800000, 0x0000000703a00000|  0%| F|  |TAMS 0x0000000703800000, 0x0000000703800000| Untracked 
|  18|0x0000000703a00000, 0x0000000703a00000, 0x0000000703c00000|  0%| F|  |TAMS 0x0000000703a00000, 0x0000000703a00000| Untracked 
|  19|0x0000000703c00000, 0x0000000703c00000, 0x0000000703e00000|  0%| F|  |TAMS 0x0000000703c00000, 0x0000000703c00000| Untracked 
|  20|0x0000000703e00000, 0x0000000703e00000, 0x0000000704000000|  0%| F|  |TAMS 0x0000000703e00000, 0x0000000703e00000| Untracked 
|  21|0x0000000704000000, 0x0000000704000000, 0x0000000704200000|  0%| F|  |TAMS 0x0000000704000000, 0x0000000704000000| Untracked 
|  22|0x0000000704200000, 0x0000000704200000, 0x0000000704400000|  0%| F|  |TAMS 0x0000000704200000, 0x0000000704200000| Untracked 
|  23|0x0000000704400000, 0x0000000704400000, 0x0000000704600000|  0%| F|  |TAMS 0x0000000704400000, 0x0000000704400000| Untracked 
|  24|0x0000000704600000, 0x0000000704600000, 0x0000000704800000|  0%| F|  |TAMS 0x0000000704600000, 0x0000000704600000| Untracked 
|  25|0x0000000704800000, 0x0000000704800000, 0x0000000704a00000|  0%| F|  |TAMS 0x0000000704800000, 0x0000000704800000| Untracked 
|  26|0x0000000704a00000, 0x0000000704a00000, 0x0000000704c00000|  0%| F|  |TAMS 0x0000000704a00000, 0x0000000704a00000| Untracked 
|  27|0x0000000704c00000, 0x0000000704c00000, 0x0000000704e00000|  0%| F|  |TAMS 0x0000000704c00000, 0x0000000704c00000| Untracked 
|  28|0x0000000704e00000, 0x0000000704e00000, 0x0000000705000000|  0%| F|  |TAMS 0x0000000704e00000, 0x0000000704e00000| Untracked 
|  29|0x0000000705000000, 0x0000000705000000, 0x0000000705200000|  0%| F|  |TAMS 0x0000000705000000, 0x0000000705000000| Untracked 
|  30|0x0000000705200000, 0x0000000705200000, 0x0000000705400000|  0%| F|  |TAMS 0x0000000705200000, 0x0000000705200000| Untracked 
|  31|0x0000000705400000, 0x0000000705400000, 0x0000000705600000|  0%| F|  |TAMS 0x0000000705400000, 0x0000000705400000| Untracked 
|  32|0x0000000705600000, 0x0000000705600000, 0x0000000705800000|  0%| F|  |TAMS 0x0000000705600000, 0x0000000705600000| Untracked 
|  33|0x0000000705800000, 0x0000000705800000, 0x0000000705a00000|  0%| F|  |TAMS 0x0000000705800000, 0x0000000705800000| Untracked 
|  34|0x0000000705a00000, 0x0000000705a00000, 0x0000000705c00000|  0%| F|  |TAMS 0x0000000705a00000, 0x0000000705a00000| Untracked 
|  35|0x0000000705c00000, 0x0000000705c00000, 0x0000000705e00000|  0%| F|  |TAMS 0x0000000705c00000, 0x0000000705c00000| Untracked 
|  36|0x0000000705e00000, 0x0000000705e00000, 0x0000000706000000|  0%| F|  |TAMS 0x0000000705e00000, 0x0000000705e00000| Untracked 
|  37|0x0000000706000000, 0x0000000706000000, 0x0000000706200000|  0%| F|  |TAMS 0x0000000706000000, 0x0000000706000000| Untracked 
|  38|0x0000000706200000, 0x0000000706200000, 0x0000000706400000|  0%| F|  |TAMS 0x0000000706200000, 0x0000000706200000| Untracked 
|  39|0x0000000706400000, 0x0000000706400000, 0x0000000706600000|  0%| F|  |TAMS 0x0000000706400000, 0x0000000706400000| Untracked 
|  40|0x0000000706600000, 0x0000000706600000, 0x0000000706800000|  0%| F|  |TAMS 0x0000000706600000, 0x0000000706600000| Untracked 
|  41|0x0000000706800000, 0x0000000706800000, 0x0000000706a00000|  0%| F|  |TAMS 0x0000000706800000, 0x0000000706800000| Untracked 
|  42|0x0000000706a00000, 0x0000000706a00000, 0x0000000706c00000|  0%| F|  |TAMS 0x0000000706a00000, 0x0000000706a00000| Untracked 
|  43|0x0000000706c00000, 0x0000000706c00000, 0x0000000706e00000|  0%| F|  |TAMS 0x0000000706c00000, 0x0000000706c00000| Untracked 
|  44|0x0000000706e00000, 0x0000000706e00000, 0x0000000707000000|  0%| F|  |TAMS 0x0000000706e00000, 0x0000000706e00000| Untracked 
|  45|0x0000000707000000, 0x0000000707000000, 0x0000000707200000|  0%| F|  |TAMS 0x0000000707000000, 0x0000000707000000| Untracked 
|  46|0x0000000707200000, 0x0000000707200000, 0x0000000707400000|  0%| F|  |TAMS 0x0000000707200000, 0x0000000707200000| Untracked 
|  47|0x0000000707400000, 0x0000000707400000, 0x0000000707600000|  0%| F|  |TAMS 0x0000000707400000, 0x0000000707400000| Untracked 
|  48|0x0000000707600000, 0x0000000707600000, 0x0000000707800000|  0%| F|  |TAMS 0x0000000707600000, 0x0000000707600000| Untracked 
|  49|0x0000000707800000, 0x0000000707800000, 0x0000000707a00000|  0%| F|  |TAMS 0x0000000707800000, 0x0000000707800000| Untracked 
|  50|0x0000000707a00000, 0x0000000707a00000, 0x0000000707c00000|  0%| F|  |TAMS 0x0000000707a00000, 0x0000000707a00000| Untracked 
|  51|0x0000000707c00000, 0x0000000707c00000, 0x0000000707e00000|  0%| F|  |TAMS 0x0000000707c00000, 0x0000000707c00000| Untracked 
|  52|0x0000000707e00000, 0x0000000707e00000, 0x0000000708000000|  0%| F|  |TAMS 0x0000000707e00000, 0x0000000707e00000| Untracked 
|  53|0x0000000708000000, 0x0000000708000000, 0x0000000708200000|  0%| F|  |TAMS 0x0000000708000000, 0x0000000708000000| Untracked 
|  54|0x0000000708200000, 0x0000000708200000, 0x0000000708400000|  0%| F|  |TAMS 0x0000000708200000, 0x0000000708200000| Untracked 
|  55|0x0000000708400000, 0x0000000708400000, 0x0000000708600000|  0%| F|  |TAMS 0x0000000708400000, 0x0000000708400000| Untracked 
|  56|0x0000000708600000, 0x0000000708600000, 0x0000000708800000|  0%| F|  |TAMS 0x0000000708600000, 0x0000000708600000| Untracked 
|  57|0x0000000708800000, 0x0000000708800000, 0x0000000708a00000|  0%| F|  |TAMS 0x0000000708800000, 0x0000000708800000| Untracked 
|  58|0x0000000708a00000, 0x0000000708a00000, 0x0000000708c00000|  0%| F|  |TAMS 0x0000000708a00000, 0x0000000708a00000| Untracked 
|  59|0x0000000708c00000, 0x0000000708c00000, 0x0000000708e00000|  0%| F|  |TAMS 0x0000000708c00000, 0x0000000708c00000| Untracked 
|  60|0x0000000708e00000, 0x0000000708e00000, 0x0000000709000000|  0%| F|  |TAMS 0x0000000708e00000, 0x0000000708e00000| Untracked 
|  61|0x0000000709000000, 0x0000000709000000, 0x0000000709200000|  0%| F|  |TAMS 0x0000000709000000, 0x0000000709000000| Untracked 
|  62|0x0000000709200000, 0x0000000709200000, 0x0000000709400000|  0%| F|  |TAMS 0x0000000709200000, 0x0000000709200000| Untracked 
|  63|0x0000000709400000, 0x0000000709400000, 0x0000000709600000|  0%| F|  |TAMS 0x0000000709400000, 0x0000000709400000| Untracked 
|  64|0x0000000709600000, 0x0000000709600000, 0x0000000709800000|  0%| F|  |TAMS 0x0000000709600000, 0x0000000709600000| Untracked 
|  65|0x0000000709800000, 0x0000000709800000, 0x0000000709a00000|  0%| F|  |TAMS 0x0000000709800000, 0x0000000709800000| Untracked 
|  66|0x0000000709a00000, 0x0000000709a00000, 0x0000000709c00000|  0%| F|  |TAMS 0x0000000709a00000, 0x0000000709a00000| Untracked 
|  67|0x0000000709c00000, 0x0000000709c00000, 0x0000000709e00000|  0%| F|  |TAMS 0x0000000709c00000, 0x0000000709c00000| Untracked 
|  68|0x0000000709e00000, 0x0000000709e00000, 0x000000070a000000|  0%| F|  |TAMS 0x0000000709e00000, 0x0000000709e00000| Untracked 
|  69|0x000000070a000000, 0x000000070a000000, 0x000000070a200000|  0%| F|  |TAMS 0x000000070a000000, 0x000000070a000000| Untracked 
|  70|0x000000070a200000, 0x000000070a200000, 0x000000070a400000|  0%| F|  |TAMS 0x000000070a200000, 0x000000070a200000| Untracked 
|  71|0x000000070a400000, 0x000000070a400000, 0x000000070a600000|  0%| F|  |TAMS 0x000000070a400000, 0x000000070a400000| Untracked 
|  72|0x000000070a600000, 0x000000070a600000, 0x000000070a800000|  0%| F|  |TAMS 0x000000070a600000, 0x000000070a600000| Untracked 
|  73|0x000000070a800000, 0x000000070a800000, 0x000000070aa00000|  0%| F|  |TAMS 0x000000070a800000, 0x000000070a800000| Untracked 
|  74|0x000000070aa00000, 0x000000070aa00000, 0x000000070ac00000|  0%| F|  |TAMS 0x000000070aa00000, 0x000000070aa00000| Untracked 
|  75|0x000000070ac00000, 0x000000070ac00000, 0x000000070ae00000|  0%| F|  |TAMS 0x000000070ac00000, 0x000000070ac00000| Untracked 
|  76|0x000000070ae00000, 0x000000070ae00000, 0x000000070b000000|  0%| F|  |TAMS 0x000000070ae00000, 0x000000070ae00000| Untracked 
|  77|0x000000070b000000, 0x000000070b000000, 0x000000070b200000|  0%| F|  |TAMS 0x000000070b000000, 0x000000070b000000| Untracked 
|  78|0x000000070b200000, 0x000000070b200000, 0x000000070b400000|  0%| F|  |TAMS 0x000000070b200000, 0x000000070b200000| Untracked 
|  79|0x000000070b400000, 0x000000070b400000, 0x000000070b600000|  0%| F|  |TAMS 0x000000070b400000, 0x000000070b400000| Untracked 
|  80|0x000000070b600000, 0x000000070b600000, 0x000000070b800000|  0%| F|  |TAMS 0x000000070b600000, 0x000000070b600000| Untracked 
|  81|0x000000070b800000, 0x000000070b800000, 0x000000070ba00000|  0%| F|  |TAMS 0x000000070b800000, 0x000000070b800000| Untracked 
|  82|0x000000070ba00000, 0x000000070ba00000, 0x000000070bc00000|  0%| F|  |TAMS 0x000000070ba00000, 0x000000070ba00000| Untracked 
|  83|0x000000070bc00000, 0x000000070bc00000, 0x000000070be00000|  0%| F|  |TAMS 0x000000070bc00000, 0x000000070bc00000| Untracked 
|  84|0x000000070be00000, 0x000000070be00000, 0x000000070c000000|  0%| F|  |TAMS 0x000000070be00000, 0x000000070be00000| Untracked 
|  85|0x000000070c000000, 0x000000070c000000, 0x000000070c200000|  0%| F|  |TAMS 0x000000070c000000, 0x000000070c000000| Untracked 
|  86|0x000000070c200000, 0x000000070c200000, 0x000000070c400000|  0%| F|  |TAMS 0x000000070c200000, 0x000000070c200000| Untracked 
|  87|0x000000070c400000, 0x000000070c400000, 0x000000070c600000|  0%| F|  |TAMS 0x000000070c400000, 0x000000070c400000| Untracked 
|  88|0x000000070c600000, 0x000000070c600000, 0x000000070c800000|  0%| F|  |TAMS 0x000000070c600000, 0x000000070c600000| Untracked 
|  89|0x000000070c800000, 0x000000070c800000, 0x000000070ca00000|  0%| F|  |TAMS 0x000000070c800000, 0x000000070c800000| Untracked 
|  90|0x000000070ca00000, 0x000000070ca00000, 0x000000070cc00000|  0%| F|  |TAMS 0x000000070ca00000, 0x000000070ca00000| Untracked 
|  91|0x000000070cc00000, 0x000000070cc00000, 0x000000070ce00000|  0%| F|  |TAMS 0x000000070cc00000, 0x000000070cc00000| Untracked 
|  92|0x000000070ce00000, 0x000000070ce00000, 0x000000070d000000|  0%| F|  |TAMS 0x000000070ce00000, 0x000000070ce00000| Untracked 
|  93|0x000000070d000000, 0x000000070d000000, 0x000000070d200000|  0%| F|  |TAMS 0x000000070d000000, 0x000000070d000000| Untracked 
|  94|0x000000070d200000, 0x000000070d200000, 0x000000070d400000|  0%| F|  |TAMS 0x000000070d200000, 0x000000070d200000| Untracked 
|  95|0x000000070d400000, 0x000000070d400000, 0x000000070d600000|  0%| F|  |TAMS 0x000000070d400000, 0x000000070d400000| Untracked 
|  96|0x000000070d600000, 0x000000070d600000, 0x000000070d800000|  0%| F|  |TAMS 0x000000070d600000, 0x000000070d600000| Untracked 
|  97|0x000000070d800000, 0x000000070d800000, 0x000000070da00000|  0%| F|  |TAMS 0x000000070d800000, 0x000000070d800000| Untracked 
|  98|0x000000070da00000, 0x000000070da00000, 0x000000070dc00000|  0%| F|  |TAMS 0x000000070da00000, 0x000000070da00000| Untracked 
|  99|0x000000070dc00000, 0x000000070dc00000, 0x000000070de00000|  0%| F|  |TAMS 0x000000070dc00000, 0x000000070dc00000| Untracked 
| 100|0x000000070de00000, 0x000000070de00000, 0x000000070e000000|  0%| F|  |TAMS 0x000000070de00000, 0x000000070de00000| Untracked 
| 101|0x000000070e000000, 0x000000070e000000, 0x000000070e200000|  0%| F|  |TAMS 0x000000070e000000, 0x000000070e000000| Untracked 
| 102|0x000000070e200000, 0x000000070e200000, 0x000000070e400000|  0%| F|  |TAMS 0x000000070e200000, 0x000000070e200000| Untracked 
| 103|0x000000070e400000, 0x000000070e400000, 0x000000070e600000|  0%| F|  |TAMS 0x000000070e400000, 0x000000070e400000| Untracked 
| 104|0x000000070e600000, 0x000000070e600000, 0x000000070e800000|  0%| F|  |TAMS 0x000000070e600000, 0x000000070e600000| Untracked 
| 105|0x000000070e800000, 0x000000070ea00000, 0x000000070ea00000|100%| S|CS|TAMS 0x000000070e800000, 0x000000070e800000| Complete 
| 106|0x000000070ea00000, 0x000000070ec00000, 0x000000070ec00000|100%| S|CS|TAMS 0x000000070ea00000, 0x000000070ea00000| Complete 
| 107|0x000000070ec00000, 0x000000070ee00000, 0x000000070ee00000|100%| S|CS|TAMS 0x000000070ec00000, 0x000000070ec00000| Complete 
| 108|0x000000070ee00000, 0x000000070ee00000, 0x000000070f000000|  0%| F|  |TAMS 0x000000070ee00000, 0x000000070ee00000| Untracked 
| 109|0x000000070f000000, 0x000000070f000000, 0x000000070f200000|  0%| F|  |TAMS 0x000000070f000000, 0x000000070f000000| Untracked 
| 110|0x000000070f200000, 0x000000070f200000, 0x000000070f400000|  0%| F|  |TAMS 0x000000070f200000, 0x000000070f200000| Untracked 
| 111|0x000000070f400000, 0x000000070f400000, 0x000000070f600000|  0%| F|  |TAMS 0x000000070f400000, 0x000000070f400000| Untracked 
| 112|0x000000070f600000, 0x000000070f600000, 0x000000070f800000|  0%| F|  |TAMS 0x000000070f600000, 0x000000070f600000| Untracked 
| 113|0x000000070f800000, 0x000000070f800000, 0x000000070fa00000|  0%| F|  |TAMS 0x000000070f800000, 0x000000070f800000| Untracked 
| 114|0x000000070fa00000, 0x000000070fa00000, 0x000000070fc00000|  0%| F|  |TAMS 0x000000070fa00000, 0x000000070fa00000| Untracked 
| 115|0x000000070fc00000, 0x000000070fc00000, 0x000000070fe00000|  0%| F|  |TAMS 0x000000070fc00000, 0x000000070fc00000| Untracked 
| 116|0x000000070fe00000, 0x000000070fe00000, 0x0000000710000000|  0%| F|  |TAMS 0x000000070fe00000, 0x000000070fe00000| Untracked 
| 117|0x0000000710000000, 0x0000000710000000, 0x0000000710200000|  0%| F|  |TAMS 0x0000000710000000, 0x0000000710000000| Untracked 
| 118|0x0000000710200000, 0x0000000710200000, 0x0000000710400000|  0%| F|  |TAMS 0x0000000710200000, 0x0000000710200000| Untracked 
| 119|0x0000000710400000, 0x0000000710400000, 0x0000000710600000|  0%| F|  |TAMS 0x0000000710400000, 0x0000000710400000| Untracked 
| 120|0x0000000710600000, 0x0000000710600000, 0x0000000710800000|  0%| F|  |TAMS 0x0000000710600000, 0x0000000710600000| Untracked 
| 121|0x0000000710800000, 0x0000000710800000, 0x0000000710a00000|  0%| F|  |TAMS 0x0000000710800000, 0x0000000710800000| Untracked 
| 122|0x0000000710a00000, 0x0000000710bf3730, 0x0000000710c00000| 97%| E|  |TAMS 0x0000000710a00000, 0x0000000710a00000| Complete 
| 123|0x0000000710c00000, 0x0000000710e00000, 0x0000000710e00000|100%| E|CS|TAMS 0x0000000710c00000, 0x0000000710c00000| Complete 
| 124|0x0000000710e00000, 0x0000000711000000, 0x0000000711000000|100%| E|CS|TAMS 0x0000000710e00000, 0x0000000710e00000| Complete 
| 125|0x0000000711000000, 0x0000000711200000, 0x0000000711200000|100%| E|CS|TAMS 0x0000000711000000, 0x0000000711000000| Complete 
| 126|0x0000000711200000, 0x0000000711400000, 0x0000000711400000|100%| E|CS|TAMS 0x0000000711200000, 0x0000000711200000| Complete 
| 127|0x0000000711400000, 0x0000000711600000, 0x0000000711600000|100%| E|CS|TAMS 0x0000000711400000, 0x0000000711400000| Complete 

Card table byte_map: [0x000001fa779c0000,0x000001fa781c0000] _byte_map_base: 0x000001fa741b5000

Marking Bits (Prev, Next): (CMBitMap*) 0x000001fa6d770a30, (CMBitMap*) 0x000001fa6d770a70
 Prev Bits: [0x000001fa789c0000, 0x000001fa7c968000)
 Next Bits: [0x000001fa0f000000, 0x000001fa12fa8000)

Polling page: 0x000001fa76730000

Metaspace:

Usage:
  Non-class:     13.99 MB used.
      Class:      2.61 MB used.
       Both:     16.60 MB used.

Virtual space:
  Non-class space:       16.00 MB reserved,      14.12 MB ( 88%) committed,  2 nodes.
      Class space:        1.00 GB reserved,       2.69 MB ( <1%) committed,  1 nodes.
             Both:        1.02 GB reserved,      16.81 MB (  2%) committed. 

Chunk freelists:
   Non-Class:  1.72 MB
       Class:  1.25 MB
        Both:  2.97 MB

MaxMetaspaceSize: unlimited
CompressedClassSpaceSize: 1.00 GB
Initial GC threshold: 21.00 MB
Current GC threshold: 21.00 MB
CDS: on
MetaspaceReclaimPolicy: balanced
 - commit_granule_bytes: 65536.
 - commit_granule_words: 8192.
 - virtual_space_node_default_size: 1048576.
 - enlarge_chunks_in_place: 1.
 - new_chunks_are_fully_committed: 0.
 - uncommit_free_chunks: 1.
 - use_allocation_guard: 0.
 - handle_deallocations: 1.


Internal statistics:

num_allocs_failed_limit: 0.
num_arena_births: 270.
num_arena_deaths: 0.
num_vsnodes_births: 3.
num_vsnodes_deaths: 0.
num_space_committed: 269.
num_space_uncommitted: 0.
num_chunks_returned_to_freelist: 0.
num_chunks_taken_from_freelist: 823.
num_chunk_merges: 0.
num_chunk_splits: 538.
num_chunks_enlarged: 389.
num_purges: 0.
num_inconsistent_stats: 0.

CodeHeap 'non-profiled nmethods': size=120000Kb used=924Kb max_used=924Kb free=119075Kb
 bounds [0x000001fa07ad0000, 0x000001fa07d40000, 0x000001fa0f000000]
CodeHeap 'profiled nmethods': size=120000Kb used=4407Kb max_used=4407Kb free=115592Kb
 bounds [0x000001fa005a0000, 0x000001fa009f0000, 0x000001fa07ad0000]
CodeHeap 'non-nmethods': size=5760Kb used=1394Kb max_used=1478Kb free=4365Kb
 bounds [0x000001fa00000000, 0x000001fa00270000, 0x000001fa005a0000]
 total_blobs=3031 nmethods=2288 adapters=655
 compilation: enabled
              stopped_count=0, restarted_count=0
 full_count=0

Compilation events (20 events):
Event: 1.765 Thread 0x000001fa7f46aab0 nmethod 2278 0x000001fa07bab910 code [0x000001fa07babaa0, 0x000001fa07babb78]
Event: 1.768 Thread 0x000001fa7f46aab0 2279       1       java.util.concurrent.locks.AbstractOwnableSynchronizer::setExclusiveOwnerThread (6 bytes)
Event: 1.768 Thread 0x000001fa7f46aab0 nmethod 2279 0x000001fa07babc10 code [0x000001fa07babda0, 0x000001fa07babeb8]
Event: 1.771 Thread 0x000001fa13cfe4b0 2281       4       jdk.internal.org.objectweb.asm.ByteVector::put122 (93 bytes)
Event: 1.773 Thread 0x000001fa7f46aab0 2282       3       java.lang.invoke.BoundMethodHandle$Species_L::make (11 bytes)
Event: 1.773 Thread 0x000001fa7f46aab0 nmethod 2282 0x000001fa009eaa90 code [0x000001fa009eac40, 0x000001fa009eaea8]
Event: 1.773 Thread 0x000001fa7f46aab0 2283   !   3       jdk.internal.reflect.NativeConstructorAccessorImpl::newInstance (122 bytes)
Event: 1.774 Thread 0x000001fa7f46aab0 nmethod 2283 0x000001fa009eaf90 code [0x000001fa009eb1e0, 0x000001fa009ebde8]
Event: 1.774 Thread 0x000001fa7f46aab0 2285       3       java.lang.reflect.Constructor::acquireConstructorAccessor (44 bytes)
Event: 1.774 Thread 0x000001fa7f46aab0 nmethod 2285 0x000001fa009ec310 code [0x000001fa009ec500, 0x000001fa009eca18]
Event: 1.774 Thread 0x000001fa7f46aab0 2286       3       java.lang.invoke.SimpleMethodHandle::make (10 bytes)
Event: 1.775 Thread 0x000001fa7f46aab0 nmethod 2286 0x000001fa009ecb90 code [0x000001fa009ecd40, 0x000001fa009ecf48]
Event: 1.775 Thread 0x000001fa7f46aab0 2287       3       java.lang.invoke.SimpleMethodHandle::<init> (7 bytes)
Event: 1.775 Thread 0x000001fa7f46aab0 nmethod 2287 0x000001fa009ed090 code [0x000001fa009ed240, 0x000001fa009ed408]
Event: 1.776 Thread 0x000001fa7f46aab0 2289       3       java.util.WeakHashMap$HashIterator::hasNext (95 bytes)
Event: 1.776 Thread 0x000001fa13cfe4b0 nmethod 2281 0x000001fa07baca10 code [0x000001fa07bacba0, 0x000001fa07bad0f8]
Event: 1.777 Thread 0x000001fa7f46aab0 nmethod 2289 0x000001fa009ed510 code [0x000001fa009ed6e0, 0x000001fa009edcb8]
Event: 1.782 Thread 0x000001fa7f46aab0 2290       1       java.util.concurrent.locks.AbstractQueuedSynchronizer::setState (6 bytes)
Event: 1.782 Thread 0x000001fa7f46aab0 nmethod 2290 0x000001fa07bb6e10 code [0x000001fa07bb6fa0, 0x000001fa07bb7078]
Event: 1.783 Thread 0x000001fa7f466000 nmethod 1779 0x000001fa07bad290 code [0x000001fa07bad8e0, 0x000001fa07bb44f8]

GC Heap History (4 events):
Event: 0.673 GC heap before
{Heap before GC invocations=0 (full 0):
 garbage-first heap   total 262144K, used 20480K [0x0000000701600000, 0x0000000800000000)
  region size 2048K, 11 young (22528K), 0 survivors (0K)
 Metaspace       used 4874K, committed 5056K, reserved 1056768K
  class space    used 584K, committed 704K, reserved 1048576K
}
Event: 0.677 GC heap after
{Heap after GC invocations=1 (full 0):
 garbage-first heap   total 262144K, used 2602K [0x0000000701600000, 0x0000000800000000)
  region size 2048K, 2 young (4096K), 2 survivors (4096K)
 Metaspace       used 4874K, committed 5056K, reserved 1056768K
  class space    used 584K, committed 704K, reserved 1048576K
}
Event: 1.463 GC heap before
{Heap before GC invocations=1 (full 0):
 garbage-first heap   total 262144K, used 37418K [0x0000000701600000, 0x0000000800000000)
  region size 2048K, 20 young (40960K), 2 survivors (4096K)
 Metaspace       used 15009K, committed 15296K, reserved 1064960K
  class space    used 2337K, committed 2496K, reserved 1048576K
}
Event: 1.470 GC heap after
{Heap after GC invocations=2 (full 0):
 garbage-first heap   total 262144K, used 8038K [0x0000000701600000, 0x0000000800000000)
  region size 2048K, 3 young (6144K), 3 survivors (6144K)
 Metaspace       used 15009K, committed 15296K, reserved 1064960K
  class space    used 2337K, committed 2496K, reserved 1048576K
}

Deoptimization events (20 events):
Event: 1.697 Thread 0x000001fa1428a3c0 Uncommon trap: trap_request=0xffffffd6 fr.pc=0x000001fa07ba2988 relative=0x0000000000000ba8
Event: 1.697 Thread 0x000001fa1428a3c0 Uncommon trap: reason=array_check action=maybe_recompile pc=0x000001fa07ba2988 method=javafx.css.SimpleSelector.applies(Ljavafx/css/Styleable;[Ljava/util/Set;I)Z @ 37 c2
Event: 1.697 Thread 0x000001fa1428a3c0 DEOPT PACKING pc=0x000001fa07ba2988 sp=0x00000050f51fc9a0
Event: 1.698 Thread 0x000001fa1428a3c0 DEOPT UNPACKING pc=0x000001fa000523a3 sp=0x00000050f51fc978 mode 2
Event: 1.698 Thread 0x000001fa1428a3c0 Uncommon trap: trap_request=0xffffffd6 fr.pc=0x000001fa07ba2988 relative=0x0000000000000ba8
Event: 1.698 Thread 0x000001fa1428a3c0 Uncommon trap: reason=array_check action=maybe_recompile pc=0x000001fa07ba2988 method=javafx.css.SimpleSelector.applies(Ljavafx/css/Styleable;[Ljava/util/Set;I)Z @ 37 c2
Event: 1.698 Thread 0x000001fa1428a3c0 DEOPT PACKING pc=0x000001fa07ba2988 sp=0x00000050f51fcaa0
Event: 1.698 Thread 0x000001fa1428a3c0 DEOPT UNPACKING pc=0x000001fa000523a3 sp=0x00000050f51fca78 mode 2
Event: 1.698 Thread 0x000001fa1428a3c0 Uncommon trap: trap_request=0xffffffd6 fr.pc=0x000001fa07ba2988 relative=0x0000000000000ba8
Event: 1.698 Thread 0x000001fa1428a3c0 Uncommon trap: reason=array_check action=maybe_recompile pc=0x000001fa07ba2988 method=javafx.css.SimpleSelector.applies(Ljavafx/css/Styleable;[Ljava/util/Set;I)Z @ 37 c2
Event: 1.698 Thread 0x000001fa1428a3c0 DEOPT PACKING pc=0x000001fa07ba2988 sp=0x00000050f51fc9a0
Event: 1.698 Thread 0x000001fa1428a3c0 DEOPT UNPACKING pc=0x000001fa000523a3 sp=0x00000050f51fc978 mode 2
Event: 1.698 Thread 0x000001fa1428a3c0 Uncommon trap: trap_request=0xffffffd6 fr.pc=0x000001fa07ba2988 relative=0x0000000000000ba8
Event: 1.698 Thread 0x000001fa1428a3c0 Uncommon trap: reason=array_check action=maybe_recompile pc=0x000001fa07ba2988 method=javafx.css.SimpleSelector.applies(Ljavafx/css/Styleable;[Ljava/util/Set;I)Z @ 37 c2
Event: 1.698 Thread 0x000001fa1428a3c0 DEOPT PACKING pc=0x000001fa07ba2988 sp=0x00000050f51fc920
Event: 1.698 Thread 0x000001fa1428a3c0 DEOPT UNPACKING pc=0x000001fa000523a3 sp=0x00000050f51fc8f8 mode 2
Event: 1.710 Thread 0x000001fa1428a3c0 Uncommon trap: trap_request=0xffffff45 fr.pc=0x000001fa07ae3c98 relative=0x00000000000000f8
Event: 1.710 Thread 0x000001fa1428a3c0 Uncommon trap: reason=unstable_if action=reinterpret pc=0x000001fa07ae3c98 method=java.lang.StringLatin1.lastIndexOf([BI[BII)I @ 86 c2
Event: 1.710 Thread 0x000001fa1428a3c0 DEOPT PACKING pc=0x000001fa07ae3c98 sp=0x00000050f51fc550
Event: 1.710 Thread 0x000001fa1428a3c0 DEOPT UNPACKING pc=0x000001fa000523a3 sp=0x00000050f51fc4a8 mode 2

Classes unloaded (0 events):
No events

Classes redefined (0 events):
No events

Internal exceptions (20 events):
Event: 1.174 Thread 0x000001fa1428a3c0 Exception <a 'java/lang/ClassNotFoundException'{0x000000070f930ef0}: com/sun/javafx/scene/control/skin/resources/controls-nt_en_US> (0x000000070f930ef0) 
thrown [s\open\src\hotspot\share\prims\jni.cpp, line 535]
Event: 1.267 Thread 0x000001fa1428a3c0 Implicit null exception at 0x000001fa07b3e38e to 0x000001fa07b3e8d4
Event: 1.267 Thread 0x000001fa1428a3c0 Implicit null exception at 0x000001fa07aeccd8 to 0x000001fa07aecd6e
Event: 1.307 Thread 0x000001fa1428a3c0 Exception <a 'java/lang/NoSuchMethodError'{0x000000070f4fb6d0}: 'java.lang.Object java.lang.invoke.DirectMethodHandle$Holder.invokeInterface(java.lang.Object, java.lang.Object, java.lang.Object)'> (0x000000070f4fb6d0) 
thrown [s\open\src\hotspot\share\interpreter\linkResolver.cpp, line 759]
Event: 1.308 Thread 0x000001fa1428a3c0 Exception <a 'java/lang/IncompatibleClassChangeError'{0x000000070f4ff058}: Found class java.lang.Object, but interface was expected> (0x000000070f4ff058) 
thrown [s\open\src\hotspot\share\interpreter\linkResolver.cpp, line 826]
Event: 1.357 Thread 0x000001fa1428a3c0 Exception <a 'java/lang/ClassNotFoundException'{0x000000070f303de0}: com/sun/javafx/scene/control/skin/resources/controls> (0x000000070f303de0) 
thrown [s\open\src\hotspot\share\prims\jni.cpp, line 535]
Event: 1.359 Thread 0x000001fa1428a3c0 Exception <a 'java/lang/ClassNotFoundException'{0x000000070f311d80}: com/sun/javafx/scene/control/skin/resources/controls_en> (0x000000070f311d80) 
thrown [s\open\src\hotspot\share\prims\jni.cpp, line 535]
Event: 1.359 Thread 0x000001fa1428a3c0 Exception <a 'java/lang/ClassNotFoundException'{0x000000070f312d18}: com/sun/javafx/scene/control/skin/resources/controls_en_US> (0x000000070f312d18) 
thrown [s\open\src\hotspot\share\prims\jni.cpp, line 535]
Event: 1.399 Thread 0x000001fa1428a3c0 Implicit null exception at 0x000001fa07b3f58f to 0x000001fa07b3f96c
Event: 1.400 Thread 0x000001fa1428a3c0 Exception <a 'java/lang/NoSuchMethodError'{0x000000070f0bc2c8}: 'void java.lang.invoke.DirectMethodHandle$Holder.invokeSpecial(java.lang.Object, java.lang.Object, java.lang.Object, java.lang.Object, java.lang.Object, java.lang.Object)'> (0x000000070f0bc2c8) 
thrown [s\open\src\hotspot\share\interpreter\linkResolver.cpp, line 759]
Event: 1.403 Thread 0x000001fa1428a3c0 Implicit null exception at 0x000001fa07aec68f to 0x000001fa07aec709
Event: 1.487 Thread 0x000001fa1428a3c0 Exception <a 'java/lang/NoSuchMethodError'{0x0000000711499670}: 'void java.lang.invoke.DirectMethodHandle$Holder.invokeSpecialIFC(java.lang.Object, java.lang.Object, java.lang.Object, java.lang.Object)'> (0x0000000711499670) 
thrown [s\open\src\hotspot\share\interpreter\linkResolver.cpp, line 759]
Event: 1.584 Thread 0x000001fa1428a3c0 Exception <a 'java/lang/NoSuchMethodError'{0x0000000711112818}: 'int java.lang.invoke.DirectMethodHandle$Holder.invokeSpecial(java.lang.Object, java.lang.Object, int)'> (0x0000000711112818) 
thrown [s\open\src\hotspot\share\interpreter\linkResolver.cpp, line 759]
Event: 1.718 Thread 0x000001fa1428a3c0 Exception <a 'java/lang/NoSuchMethodError'{0x0000000710fa4038}: 'java.lang.Object java.lang.invoke.DirectMethodHandle$Holder.newInvokeSpecial(java.lang.Object, java.lang.Object, int)'> (0x0000000710fa4038) 
thrown [s\open\src\hotspot\share\interpreter\linkResolver.cpp, line 759]
Event: 1.769 Thread 0x000001fa13fa97b0 Exception <a 'java/lang/NoSuchMethodError'{0x0000000710a1a768}: 'int java.lang.invoke.DirectMethodHandle$Holder.invokeStaticInit(java.lang.Object, java.lang.Object)'> (0x0000000710a1a768) 
thrown [s\open\src\hotspot\share\interpreter\linkResolver.cpp, line 759]
Event: 1.770 Thread 0x000001fa1428a3c0 Exception <a 'java/lang/NoSuchMethodError'{0x0000000710d6a8d8}: 'long java.lang.invoke.DirectMethodHandle$Holder.invokeStatic(java.lang.Object, java.lang.Object, java.lang.Object)'> (0x0000000710d6a8d8) 
thrown [s\open\src\hotspot\share\interpreter\linkResolver.cpp, line 759]
Event: 1.771 Thread 0x000001fa1428a3c0 Exception <a 'java/lang/NoSuchMethodError'{0x0000000710d6e080}: 'long java.lang.invoke.DirectMethodHandle$Holder.invokeStaticInit(java.lang.Object, java.lang.Object, java.lang.Object)'> (0x0000000710d6e080) 
thrown [s\open\src\hotspot\share\interpreter\linkResolver.cpp, line 759]
Event: 1.775 Thread 0x000001fa1428a3c0 Exception <a 'java/lang/NoSuchMethodError'{0x0000000710d85c88}: 'java.lang.Object java.lang.invoke.DirectMethodHandle$Holder.newInvokeSpecial(java.lang.Object, java.lang.Object, long)'> (0x0000000710d85c88) 
thrown [s\open\src\hotspot\share\interpreter\linkResolver.cpp, line 759]
Event: 1.776 Thread 0x000001fa1428a3c0 Exception <a 'java/lang/NoSuchMethodError'{0x0000000710d897f8}: 'java.lang.Object java.lang.invoke.Invokers$Holder.linkToTargetMethod(java.lang.Object, long, java.lang.Object)'> (0x0000000710d897f8) 
thrown [s\open\src\hotspot\share\interpreter\linkResolver.cpp, line 759]
Event: 1.778 Thread 0x000001fa13fa97b0 Exception <a 'java/lang/NullPointerException'{0x0000000710a4bb90}> (0x0000000710a4bb90) 
thrown [s\open\src\hotspot\share\interpreter\linkResolver.cpp, line 1350]

VM Operations (20 events):
Event: 0.673 Executing VM operation: G1CollectForAllocation
Event: 0.677 Executing VM operation: G1CollectForAllocation done
Event: 0.734 Executing VM operation: HandshakeAllThreads
Event: 0.734 Executing VM operation: HandshakeAllThreads done
Event: 0.749 Executing VM operation: HandshakeAllThreads
Event: 0.749 Executing VM operation: HandshakeAllThreads done
Event: 0.802 Executing VM operation: HandshakeAllThreads
Event: 0.802 Executing VM operation: HandshakeAllThreads done
Event: 0.948 Executing VM operation: HandshakeAllThreads
Event: 0.948 Executing VM operation: HandshakeAllThreads done
Event: 1.026 Executing VM operation: HandshakeAllThreads
Event: 1.026 Executing VM operation: HandshakeAllThreads done
Event: 1.149 Executing VM operation: ICBufferFull
Event: 1.149 Executing VM operation: ICBufferFull done
Event: 1.463 Executing VM operation: G1CollectForAllocation
Event: 1.470 Executing VM operation: G1CollectForAllocation done
Event: 1.533 Executing VM operation: HandshakeAllThreads
Event: 1.533 Executing VM operation: HandshakeAllThreads done
Event: 1.692 Executing VM operation: ICBufferFull
Event: 1.693 Executing VM operation: ICBufferFull done

Events (20 events):
Event: 1.711 loading class jdk/internal/misc/ScopedMemoryAccess$Scope
Event: 1.711 loading class jdk/internal/misc/ScopedMemoryAccess$Scope done
Event: 1.711 loading class sun/text/SupplementaryCharacterData
Event: 1.711 loading class sun/text/SupplementaryCharacterData done
Event: 1.711 loading class java/text/BreakIterator$BreakIteratorCache
Event: 1.712 loading class java/text/BreakIterator$BreakIteratorCache done
Event: 1.732 loading class java/util/WeakHashMap$EntrySet
Event: 1.732 loading class java/util/WeakHashMap$EntrySet done
Event: 1.732 loading class java/util/WeakHashMap$EntryIterator
Event: 1.732 loading class java/util/WeakHashMap$EntryIterator done
Event: 1.734 loading class java/util/ConcurrentModificationException
Event: 1.734 loading class java/util/ConcurrentModificationException done
Event: 1.769 loading class java/util/concurrent/ConcurrentLinkedQueue
Event: 1.769 loading class java/util/concurrent/ConcurrentLinkedQueue done
Event: 1.769 loading class java/util/concurrent/ConcurrentLinkedQueue$Node
Event: 1.770 loading class java/util/concurrent/ConcurrentLinkedQueue$Node done
Event: 1.779 loading class java/lang/Throwable$WrappedPrintStream
Event: 1.779 loading class java/lang/Throwable$PrintStreamOrWriter
Event: 1.779 loading class java/lang/Throwable$PrintStreamOrWriter done
Event: 1.779 loading class java/lang/Throwable$WrappedPrintStream done


Dynamic libraries:
0x00007ff727a20000 - 0x00007ff727a30000 	E:\Program Files\Java\jdk-17.0.5\bin\java.exe
0x00007ffc0c470000 - 0x00007ffc0c668000 	C:\Windows\SYSTEM32\ntdll.dll
0x00007ffc0b9f0000 - 0x00007ffc0baaf000 	C:\Windows\System32\KERNEL32.DLL
0x00007ffc09c60000 - 0x00007ffc09f32000 	C:\Windows\System32\KERNELBASE.dll
0x00007ffc09b60000 - 0x00007ffc09c60000 	C:\Windows\System32\ucrtbase.dll
0x00007ffc052a0000 - 0x00007ffc052ba000 	E:\Program Files\Java\jdk-17.0.5\bin\VCRUNTIME140.dll
0x00007ffc05250000 - 0x00007ffc05268000 	E:\Program Files\Java\jdk-17.0.5\bin\jli.dll
0x00007ffc0bba0000 - 0x00007ffc0bc4e000 	C:\Windows\System32\ADVAPI32.dll
0x00007ffc0a9a0000 - 0x00007ffc0aa3e000 	C:\Windows\System32\msvcrt.dll
0x00007ffc0a900000 - 0x00007ffc0a99c000 	C:\Windows\System32\sechost.dll
0x00007ffc0be80000 - 0x00007ffc0bfa5000 	C:\Windows\System32\RPCRT4.dll
0x00007ffc0bcd0000 - 0x00007ffc0be71000 	C:\Windows\System32\USER32.dll
0x00007ffc0a000000 - 0x00007ffc0a022000 	C:\Windows\System32\win32u.dll
0x00007ffc08f60000 - 0x00007ffc091fa000 	C:\Windows\WinSxS\amd64_microsoft.windows.common-controls_6595b64144ccf1df_6.0.19041.1110_none_60b5254171f9507e\COMCTL32.dll
0x00007ffc0bab0000 - 0x00007ffc0badb000 	C:\Windows\System32\GDI32.dll
0x00007ffc0a030000 - 0x00007ffc0a13f000 	C:\Windows\System32\gdi32full.dll
0x00007ffc0a410000 - 0x00007ffc0a4ad000 	C:\Windows\System32\msvcp_win.dll
0x00007ffc067a0000 - 0x00007ffc067aa000 	C:\Windows\SYSTEM32\VERSION.dll
0x00007ffc0bfb0000 - 0x00007ffc0bfe2000 	C:\Windows\System32\IMM32.DLL
0x00007ffc05290000 - 0x00007ffc0529c000 	E:\Program Files\Java\jdk-17.0.5\bin\vcruntime140_1.dll
0x00007ffbfc810000 - 0x00007ffbfc89d000 	E:\Program Files\Java\jdk-17.0.5\bin\msvcp140.dll
0x00007ffbd51a0000 - 0x00007ffbd5d62000 	E:\Program Files\Java\jdk-17.0.5\bin\server\jvm.dll
0x00007ffc0c3c0000 - 0x00007ffc0c3c8000 	C:\Windows\System32\PSAPI.DLL
0x00007ffbfebe0000 - 0x00007ffbfec07000 	C:\Windows\SYSTEM32\WINMM.dll
0x00007ffbf1050000 - 0x00007ffbf1059000 	C:\Windows\SYSTEM32\WSOCK32.dll
0x00007ffc0b980000 - 0x00007ffc0b9eb000 	C:\Windows\System32\WS2_32.dll
0x00007ffc07590000 - 0x00007ffc075a2000 	C:\Windows\SYSTEM32\kernel.appcore.dll
0x00007ffc05240000 - 0x00007ffc0524a000 	E:\Program Files\Java\jdk-17.0.5\bin\jimage.dll
0x00007ffc09590000 - 0x00007ffc09774000 	C:\Windows\SYSTEM32\DBGHELP.DLL
0x00007ffc09330000 - 0x00007ffc09365000 	C:\Windows\SYSTEM32\dbgcore.DLL
0x00007ffc0a170000 - 0x00007ffc0a1f2000 	C:\Windows\System32\bcryptPrimitives.dll
0x00007ffc04120000 - 0x00007ffc04145000 	E:\Program Files\Java\jdk-17.0.5\bin\java.dll
0x00007ffbecc40000 - 0x00007ffbecd16000 	E:\Program Files\Java\jdk-17.0.5\bin\jsvml.dll
0x00007ffc0aaa0000 - 0x00007ffc0b1e4000 	C:\Windows\System32\SHELL32.dll
0x00007ffc075b0000 - 0x00007ffc07d42000 	C:\Windows\SYSTEM32\windows.storage.dll
0x00007ffc0a4b0000 - 0x00007ffc0a805000 	C:\Windows\System32\combase.dll
0x00007ffc08ec0000 - 0x00007ffc08ef0000 	C:\Windows\SYSTEM32\Wldp.dll
0x00007ffc0bff0000 - 0x00007ffc0c09d000 	C:\Windows\System32\SHCORE.dll
0x00007ffc0a810000 - 0x00007ffc0a865000 	C:\Windows\System32\shlwapi.dll
0x00007ffc09aa0000 - 0x00007ffc09abf000 	C:\Windows\SYSTEM32\profapi.dll
0x00007ffc021d0000 - 0x00007ffc021e9000 	E:\Program Files\Java\jdk-17.0.5\bin\net.dll
0x00007ffc00030000 - 0x00007ffc0013c000 	C:\Windows\SYSTEM32\WINHTTP.dll
0x00007ffc08d90000 - 0x00007ffc08dfa000 	C:\Windows\system32\mswsock.dll
0x00007ffc02120000 - 0x00007ffc02136000 	E:\Program Files\Java\jdk-17.0.5\bin\nio.dll
0x00007ffc029a0000 - 0x00007ffc029b8000 	E:\Program Files\Java\jdk-17.0.5\bin\zip.dll
0x000001fa12fc0000 - 0x000001fa12fc3000 	C:\Users\Rahomy\.openjfx\cache\19+11\amd64\api-ms-win-core-console-l1-1-0.dll
0x000001fa12fd0000 - 0x000001fa12fd3000 	C:\Users\Rahomy\.openjfx\cache\19+11\amd64\api-ms-win-core-console-l1-2-0.dll
0x000001fa12fe0000 - 0x000001fa12fe3000 	C:\Users\Rahomy\.openjfx\cache\19+11\amd64\api-ms-win-core-datetime-l1-1-0.dll
0x000001fa12ff0000 - 0x000001fa12ff3000 	C:\Users\Rahomy\.openjfx\cache\19+11\amd64\api-ms-win-core-debug-l1-1-0.dll
0x000001fa14500000 - 0x000001fa14503000 	C:\Users\Rahomy\.openjfx\cache\19+11\amd64\api-ms-win-core-errorhandling-l1-1-0.dll
0x000001fa14510000 - 0x000001fa14514000 	C:\Users\Rahomy\.openjfx\cache\19+11\amd64\api-ms-win-core-file-l1-1-0.dll
0x000001fa14520000 - 0x000001fa14523000 	C:\Users\Rahomy\.openjfx\cache\19+11\amd64\api-ms-win-core-file-l1-2-0.dll
0x000001fa14530000 - 0x000001fa14533000 	C:\Users\Rahomy\.openjfx\cache\19+11\amd64\api-ms-win-core-file-l2-1-0.dll
0x000001fa14540000 - 0x000001fa14543000 	C:\Users\Rahomy\.openjfx\cache\19+11\amd64\api-ms-win-core-handle-l1-1-0.dll
0x000001fa14550000 - 0x000001fa14553000 	C:\Users\Rahomy\.openjfx\cache\19+11\amd64\api-ms-win-core-heap-l1-1-0.dll
0x000001fa14560000 - 0x000001fa14563000 	C:\Users\Rahomy\.openjfx\cache\19+11\amd64\api-ms-win-core-interlocked-l1-1-0.dll
0x000001fa14570000 - 0x000001fa14573000 	C:\Users\Rahomy\.openjfx\cache\19+11\amd64\api-ms-win-core-libraryloader-l1-1-0.dll
0x000001fa14580000 - 0x000001fa14583000 	C:\Users\Rahomy\.openjfx\cache\19+11\amd64\api-ms-win-core-localization-l1-2-0.dll
0x000001fa14590000 - 0x000001fa14593000 	C:\Users\Rahomy\.openjfx\cache\19+11\amd64\api-ms-win-core-memory-l1-1-0.dll
0x000001fa145a0000 - 0x000001fa145a3000 	C:\Users\Rahomy\.openjfx\cache\19+11\amd64\api-ms-win-core-namedpipe-l1-1-0.dll
0x000001fa145b0000 - 0x000001fa145b3000 	C:\Users\Rahomy\.openjfx\cache\19+11\amd64\api-ms-win-core-processenvironment-l1-1-0.dll
0x000001fa145c0000 - 0x000001fa145c3000 	C:\Users\Rahomy\.openjfx\cache\19+11\amd64\api-ms-win-core-processthreads-l1-1-0.dll
0x000001fa145d0000 - 0x000001fa145d3000 	C:\Users\Rahomy\.openjfx\cache\19+11\amd64\api-ms-win-core-processthreads-l1-1-1.dll
0x000001fa145e0000 - 0x000001fa145e3000 	C:\Users\Rahomy\.openjfx\cache\19+11\amd64\api-ms-win-core-profile-l1-1-0.dll
0x000001fa145f0000 - 0x000001fa145f3000 	C:\Users\Rahomy\.openjfx\cache\19+11\amd64\api-ms-win-core-rtlsupport-l1-1-0.dll
0x000001fa14600000 - 0x000001fa14603000 	C:\Users\Rahomy\.openjfx\cache\19+11\amd64\api-ms-win-core-string-l1-1-0.dll
0x000001fa14610000 - 0x000001fa14613000 	C:\Users\Rahomy\.openjfx\cache\19+11\amd64\api-ms-win-core-synch-l1-1-0.dll
0x000001fa14620000 - 0x000001fa14623000 	C:\Users\Rahomy\.openjfx\cache\19+11\amd64\api-ms-win-core-synch-l1-2-0.dll
0x000001fa14630000 - 0x000001fa14633000 	C:\Users\Rahomy\.openjfx\cache\19+11\amd64\api-ms-win-core-sysinfo-l1-1-0.dll
0x000001fa14640000 - 0x000001fa14643000 	C:\Users\Rahomy\.openjfx\cache\19+11\amd64\api-ms-win-core-timezone-l1-1-0.dll
0x000001fa14650000 - 0x000001fa14653000 	C:\Users\Rahomy\.openjfx\cache\19+11\amd64\api-ms-win-core-util-l1-1-0.dll
0x000001fa14660000 - 0x000001fa14663000 	C:\Users\Rahomy\.openjfx\cache\19+11\amd64\api-ms-win-crt-conio-l1-1-0.dll
0x000001fa14670000 - 0x000001fa14674000 	C:\Users\Rahomy\.openjfx\cache\19+11\amd64\api-ms-win-crt-convert-l1-1-0.dll
0x000001fa14680000 - 0x000001fa14683000 	C:\Users\Rahomy\.openjfx\cache\19+11\amd64\api-ms-win-crt-environment-l1-1-0.dll
0x000001fa14690000 - 0x000001fa14693000 	C:\Users\Rahomy\.openjfx\cache\19+11\amd64\api-ms-win-crt-filesystem-l1-1-0.dll
0x000001fa146a0000 - 0x000001fa146a3000 	C:\Users\Rahomy\.openjfx\cache\19+11\amd64\api-ms-win-crt-heap-l1-1-0.dll
0x000001fa146b0000 - 0x000001fa146b3000 	C:\Users\Rahomy\.openjfx\cache\19+11\amd64\api-ms-win-crt-locale-l1-1-0.dll
0x000001fa146c0000 - 0x000001fa146c5000 	C:\Users\Rahomy\.openjfx\cache\19+11\amd64\api-ms-win-crt-math-l1-1-0.dll
0x000001fa146d0000 - 0x000001fa146d5000 	C:\Users\Rahomy\.openjfx\cache\19+11\amd64\api-ms-win-crt-multibyte-l1-1-0.dll
0x000001fa146e0000 - 0x000001fa146f0000 	C:\Users\Rahomy\.openjfx\cache\19+11\amd64\api-ms-win-crt-private-l1-1-0.dll
0x000001fa146f0000 - 0x000001fa146f3000 	C:\Users\Rahomy\.openjfx\cache\19+11\amd64\api-ms-win-crt-process-l1-1-0.dll
0x000001fa14700000 - 0x000001fa14704000 	C:\Users\Rahomy\.openjfx\cache\19+11\amd64\api-ms-win-crt-runtime-l1-1-0.dll
0x000001fa14710000 - 0x000001fa14714000 	C:\Users\Rahomy\.openjfx\cache\19+11\amd64\api-ms-win-crt-stdio-l1-1-0.dll
0x000001fa14720000 - 0x000001fa14724000 	C:\Users\Rahomy\.openjfx\cache\19+11\amd64\api-ms-win-crt-string-l1-1-0.dll
0x000001fa14730000 - 0x000001fa14733000 	C:\Users\Rahomy\.openjfx\cache\19+11\amd64\api-ms-win-crt-time-l1-1-0.dll
0x000001fa14740000 - 0x000001fa14743000 	C:\Users\Rahomy\.openjfx\cache\19+11\amd64\api-ms-win-crt-utility-l1-1-0.dll
0x00007ffbe0530000 - 0x00007ffbe062c000 	C:\Users\Rahomy\.openjfx\cache\19+11\amd64\ucrtbase.dll
0x00007ffc042f0000 - 0x00007ffc0430b000 	C:\Users\Rahomy\.openjfx\cache\19+11\amd64\vcruntime140.dll
0x00007ffc042e0000 - 0x00007ffc042ec000 	C:\Users\Rahomy\.openjfx\cache\19+11\amd64\vcruntime140_1.dll
0x00007ffc01db0000 - 0x00007ffc01e3e000 	C:\Users\Rahomy\.openjfx\cache\19+11\amd64\msvcp140.dll
0x00007ffc04110000 - 0x00007ffc04119000 	C:\Users\Rahomy\.openjfx\cache\19+11\amd64\msvcp140_1.dll
0x00007ffc040e0000 - 0x00007ffc04110000 	C:\Users\Rahomy\.openjfx\cache\19+11\amd64\msvcp140_2.dll
0x00007ffc02340000 - 0x00007ffc0236c000 	C:\Users\Rahomy\.openjfx\cache\19+11\amd64\prism_d3d.dll
0x00007ffbac380000 - 0x00007ffbac54e000 	C:\Windows\system32\d3d9.dll
0x00007ffc070b0000 - 0x00007ffc070df000 	C:\Windows\SYSTEM32\dwmapi.dll
0x00007ffc06e80000 - 0x00007ffc06f1e000 	C:\Windows\system32\uxtheme.dll
0x00007ffb94b70000 - 0x00007ffb970ad000 	C:\Windows\SYSTEM32\igdumdim64.dll
0x00007ffc0c2f0000 - 0x00007ffc0c3bd000 	C:\Windows\System32\OLEAUT32.dll
0x00007ffc0c1c0000 - 0x00007ffc0c2ea000 	C:\Windows\System32\ole32.dll
0x00007ffc0b1f0000 - 0x00007ffc0b658000 	C:\Windows\System32\SETUPAPI.dll
0x00007ffc09fb0000 - 0x00007ffc09ffe000 	C:\Windows\System32\cfgmgr32.dll
0x00007ffc0a140000 - 0x00007ffc0a167000 	C:\Windows\System32\bcrypt.dll
0x00007ffc02160000 - 0x00007ffc021a2000 	C:\Users\Rahomy\.openjfx\cache\19+11\amd64\glass.dll
0x00007ffc0b6d0000 - 0x00007ffc0b7aa000 	C:\Windows\System32\COMDLG32.dll
0x00007ffbe0b80000 - 0x00007ffbe0c19000 	E:\Program Files\TeamViewer\tv_x64.dll
0x00007ffc0c0a0000 - 0x00007ffc0c1b5000 	C:\Windows\System32\MSCTF.dll
0x00007ffbf7630000 - 0x00007ffbf806f000 	C:\Windows\SYSTEM32\igdusc64.dll
0x00007ffc03ef0000 - 0x00007ffc03f2b000 	C:\Windows\SYSTEM32\dxcore.dll
0x00007ffbf0520000 - 0x00007ffbf0537000 	C:\Windows\system32\napinsp.dll
0x00007ffbefff0000 - 0x00007ffbf000b000 	C:\Windows\system32\pnrpnsp.dll
0x00007ffbeffd0000 - 0x00007ffbeffe5000 	C:\Windows\system32\wshbth.dll
0x00007ffc068a0000 - 0x00007ffc068bd000 	C:\Windows\system32\NLAapi.dll
0x00007ffc08910000 - 0x00007ffc0894b000 	C:\Windows\SYSTEM32\IPHLPAPI.DLL
0x00007ffc08950000 - 0x00007ffc08a1a000 	C:\Windows\SYSTEM32\DNSAPI.dll
0x00007ffc0bae0000 - 0x00007ffc0bae8000 	C:\Windows\System32\NSI.dll
0x00007ffbeffb0000 - 0x00007ffbeffc2000 	C:\Windows\System32\winrnr.dll
0x00007ffbfbea0000 - 0x00007ffbfbeaa000 	C:\Windows\System32\rasadhlp.dll
0x00007ffbf94f0000 - 0x00007ffbf9570000 	C:\Windows\System32\fwpuclnt.dll
0x00007ffc098f0000 - 0x00007ffc09908000 	C:\Windows\SYSTEM32\CRYPTSP.dll
0x00007ffc085a0000 - 0x00007ffc085d4000 	C:\Windows\system32\rsaenh.dll
0x00007ffc09a60000 - 0x00007ffc09a8e000 	C:\Windows\SYSTEM32\USERENV.dll
0x00007ffc08e80000 - 0x00007ffc08e8c000 	C:\Windows\SYSTEM32\CRYPTBASE.dll
0x00007ffc00f30000 - 0x00007ffc00f47000 	C:\Windows\SYSTEM32\dhcpcsvc6.DLL
0x00007ffc014b0000 - 0x00007ffc014cd000 	C:\Windows\SYSTEM32\dhcpcsvc.DLL
0x00007ffc040a0000 - 0x00007ffc040a7000 	E:\Program Files\Java\jdk-17.0.5\bin\rmi.dll
0x00007ffc02140000 - 0x00007ffc02154000 	C:\Users\Rahomy\.openjfx\cache\19+11\amd64\javafx_font.dll
0x00007ffbf8070000 - 0x00007ffbf82ef000 	C:\Windows\SYSTEM32\dwrite.dll
0x00007ffc020f0000 - 0x00007ffc0211d000 	C:\Users\Rahomy\.openjfx\cache\19+11\amd64\javafx_iio.dll

dbghelp: loaded successfully - version: 4.0.5 - missing functions: none
symbol engine: initialized successfully - sym options: 0x614 - pdb path: .;E:\Program Files\Java\jdk-17.0.5\bin;C:\Windows\SYSTEM32;C:\Windows\WinSxS\amd64_microsoft.windows.common-controls_6595b64144ccf1df_6.0.19041.1110_none_60b5254171f9507e;E:\Program Files\Java\jdk-17.0.5\bin\server;C:\Users\Rahomy\.openjfx\cache\19+11\amd64;E:\Program Files\TeamViewer;C:\Program Files\Common Files\Microsoft Shared\Ink

VM Arguments:
jvm_args: --module-path=D:\ITI\ITI-ChatApp-Link\client\target\classes;C:\Users\Rahomy\.m2\repository\com\mysql\mysql-connector-j\8.0.32\mysql-connector-j-8.0.32.jar;C:\Users\Rahomy\.m2\repository\org\openjfx\javafx-base\19\javafx-base-19-win.jar;C:\Users\Rahomy\.m2\repository\org\openjfx\javafx-controls\19\javafx-controls-19-win.jar;C:\Users\Rahomy\.m2\repository\org\openjfx\javafx-fxml\19\javafx-fxml-19-win.jar;C:\Users\Rahomy\.m2\repository\org\openjfx\javafx-graphics\19\javafx-graphics-19-win.jar --add-modules=gov.iti.link -Djdk.module.main=gov.iti.link 
java_command: gov.iti.link/gov.iti.link.App
java_class_path (initial): C:\Users\Rahomy\.m2\repository\com\google\protobuf\protobuf-java\3.21.9\protobuf-java-3.21.9.jar;C:\Users\Rahomy\.m2\repository\org\openjfx\javafx-base\19\javafx-base-19.jar;C:\Users\Rahomy\.m2\repository\org\openjfx\javafx-controls\19\javafx-controls-19.jar;C:\Users\Rahomy\.m2\repository\org\openjfx\javafx-fxml\19\javafx-fxml-19.jar;C:\Users\Rahomy\.m2\repository\org\openjfx\javafx-graphics\19\javafx-graphics-19.jar
Launcher Type: SUN_STANDARD

[Global flags]
     intx CICompilerCount                          = 4                                         {product} {ergonomic}
     uint ConcGCThreads                            = 2                                         {product} {ergonomic}
     uint G1ConcRefinementThreads                  = 8                                         {product} {ergonomic}
   size_t G1HeapRegionSize                         = 2097152                                   {product} {ergonomic}
    uintx GCDrainStackTargetSize                   = 64                                        {product} {ergonomic}
   size_t InitialHeapSize                          = 268435456                                 {product} {ergonomic}
   size_t MarkStackSize                            = 4194304                                   {product} {ergonomic}
   size_t MaxHeapSize                              = 4271898624                                {product} {ergonomic}
   size_t MaxNewSize                               = 2562719744                                {product} {ergonomic}
   size_t MinHeapDeltaBytes                        = 2097152                                   {product} {ergonomic}
   size_t MinHeapSize                              = 8388608                                   {product} {ergonomic}
    uintx NonNMethodCodeHeapSize                   = 5839372                                {pd product} {ergonomic}
    uintx NonProfiledCodeHeapSize                  = 122909434                              {pd product} {ergonomic}
    uintx ProfiledCodeHeapSize                     = 122909434                              {pd product} {ergonomic}
    uintx ReservedCodeCacheSize                    = 251658240                              {pd product} {ergonomic}
     bool SegmentedCodeCache                       = true                                      {product} {ergonomic}
   size_t SoftMaxHeapSize                          = 4271898624                             {manageable} {ergonomic}
     bool UseCompressedClassPointers               = true                           {product lp64_product} {ergonomic}
     bool UseCompressedOops                        = true                           {product lp64_product} {ergonomic}
     bool UseG1GC                                  = true                                      {product} {ergonomic}
     bool UseLargePagesIndividualAllocation        = false                                  {pd product} {ergonomic}

Logging:
Log output configuration:
 #0: stdout all=warning uptime,level,tags
 #1: stderr all=off uptime,level,tags

Environment Variables:
JAVA_HOME=E:\Program Files\Java\jdk-17.0.5
PATH=C:\ProgramData\Oracle\Java\javapath;C:\Program Files\Common Files\Oracle\Java\javapath;C:\oraclexe\app\oracle\product\11.2.0\server\bin;E:\Program Files (x86)\VMware\VMware Workstation\bin\;C:\Program Files\Microsoft MPI\Bin\;C:\Program Files (x86)\Intel\iCLS Client\;C:\Program Files\Intel\iCLS Client\;E:\ProgramData\Anaconda;E:\ProgramData\Anaconda\Library\mingw-w64\bin;E:\ProgramData\Anaconda\Library\usr\bin;E:\ProgramData\Anaconda\Library\bin;E:\ProgramData\Anaconda\Scripts;C:\Windows\system32;C:\Windows;C:\Windows\System32\Wbem;C:\Windows\System32\WindowsPowerShell\v1.0\;C:\Windows\System32\OpenSSH\;C:\Program Files\dotnet\;C:\Program Files\Microsoft SQL Server\130\Tools\Binn\;C:\Program Files\Microsoft SQL Server\Client SDK\ODBC\170\Tools\Binn\;E:\dart-sdk\bin;E:\flutter\bin;C:\Program Files (x86)\Intel\Intel(R) Management Engine Components\DAL;C:\Program Files\Intel\Intel(R) Management Engine Components\DAL;C:\Program Files (x86)\Intel\Intel(R) Management Engine Components\IPT;C:\Program Files\Intel\Intel(R) Management Engine Components\IPT;E:\Program Files\Java\jdk-17.0.5\bin;E:\Program Files\Java\jdk-13;C:\Program Files\Graphviz\bin;C:\Program Files (x86)\Microsoft SQL Server\150\DTS\Binn\;C:\Program Files\Azure Data Studio\bin;E:\apache-maven-3.8.6-bin\apache-maven-3.8.6\bin;C:\Program Files\Git\cmd;C:\Program Files\MySQL\MySQL Shell 8.0\bin\;C:\Users\Rahomy\AppData\Local\Microsoft\WindowsApps;E:\dart-sdk\bin;E:\flutter\bin;E:\Program Files\JetBrains\IntelliJ IDEA Community Edition 2022.3.1\bin;;C:\Users\Rahomy\.dotnet\tools;E:\Users\Rahomy\AppData\Local\Programs\Microsoft VS Code\bin;E:\php-8.1.7-nts-Win32-vs16-x64;C:\Program Files\Azure Data Studio\bin;E:\apache-maven-3.8.6-bin;E:\Program Files\JetBrains\IntelliJ IDEA 2022.1.4\bin;;E:\Program Files\Java\jdk-17.0.5\bin;E:\Program Files\Java\jdk-13\bin;C:\Users\Rahomy\AppData\Local\GitHubDesktop\bin
USERNAME=Rahomy
LANG=en_US.UTF-8
OS=Windows_NT
PROCESSOR_IDENTIFIER=Intel64 Family 6 Model 60 Stepping 3, GenuineIntel



---------------  S Y S T E M  ---------------

OS:
 Windows 10 , 64 bit Build 19041 (10.0.19041.2364)
OS uptime: 2 days 8:12 hours

CPU: total 8 (initial active 8) (4 cores per cpu, 2 threads per core) family 6 model 60 stepping 3 microcode 0x27, cx8, cmov, fxsr, ht, mmx, sse, sse2, sse3, ssse3, sse4.1, sse4.2, popcnt, lzcnt, tsc, tscinvbit, avx, avx2, aes, erms, clmul, bmi1, bmi2, fma, vzeroupper, clflush

Memory: 4k page, system-wide physical 16289M (2943M free)
TotalPageFile size 31473M (AvailPageFile size 5M)
current process WorkingSet (physical memory assigned to process): 163M, peak: 168M
current process commit charge ("private bytes"): 440M, peak: 444M

vm_info: Java HotSpot(TM) 64-Bit Server VM (17.0.5+9-LTS-191) for windows-amd64 JRE (17.0.5+9-LTS-191), built on Sep 13 2022 17:31:43 by "mach5one" with MS VC++ 16.8 / 16.9 (VS2019)

END.
